<?xml version="1.0" encoding="UTF-8"?>
<testsuite name="com.parlor.app.storage.IosStorageSafetyTest" tests="6" skipped="0" failures="0" errors="0" timestamp="2026-09-07T18:48:03.387Z" hostname="sjc22-bt146-8f4d4f03-7fdb-429a-93ad-e2b2b69599d7-06C462B10F07.local" time="0.001">
  <properties/>
  <testcase name="boundedReaderRejectsAfterReadingOnlyLimitPlusOneBytes[iosSimulatorArm64]" classname="com.parlor.app.storage.IosStorageSafetyTest" time="0.0"/>
  <testcase name="boundedReaderAcceptsAFileExactlyAtTheLimit[iosSimulatorArm64]" classname="com.parlor.app.storage.IosStorageSafetyTest" time="0.0"/>
  <testcase name="keychainDataSupportsAnEmptyValueWithoutAddressingAMissingElement[iosSimulatorArm64]" classname="com.parlor.app.storage.IosStorageSafetyTest" time="0.0"/>
  <testcase name="commonCryptoRoundTripsAnEmptySnapshotPayload[iosSimulatorArm64]" classname="com.parlor.app.storage.IosStorageSafetyTest" time="0.001"/>
  <testcase name="unreadableProtectedSnapshotPreservesMatchingLegacyPlaintext[iosSimulatorArm64]" classname="com.parlor.app.storage.IosStorageSafetyTest" time="0.0"/>
  <testcase name="protectedSnapshotWithMissingKeyPreservesMatchingLegacyPlaintext[iosSimulatorArm64]" classname="com.parlor.app.storage.IosStorageSafetyTest" time="0.0"/>
  <system-out><![CDATA[]]></system-out>
  <system-err><![CDATA[]]></system-err>
</testsuite>
