<?xml version="1.0" encoding="UTF-8"?>
<testsuite name="com.parlor.content.schema.IntRangePairSerializerTest" tests="2" skipped="0" failures="0" errors="0" timestamp="2026-09-11T04:23:43.381Z" hostname="sat12-jr310-6720aefa-0827-4506-9894-a2a62c6bfd2b-DA71CD50CE1B.local" time="0.002">
  <properties/>
  <testcase name="correctedDescriptorPreservesTheExistingWireFormat()[desktop]" classname="com.parlor.content.schema.IntRangePairSerializerTest" time="0.001"/>
  <testcase name="descriptorMatchesTheJsonArrayWireShape()[desktop]" classname="com.parlor.content.schema.IntRangePairSerializerTest" time="0.0"/>
  <system-out><![CDATA[]]></system-out>
  <system-err><![CDATA[]]></system-err>
</testsuite>
