<?xml version="1.0" encoding="UTF-8"?>
<testsuite name="com.parlor.session.multidevice.MultiDeviceShapeTest" tests="1" skipped="0" failures="0" errors="0" timestamp="2026-09-10T10:25:21.767Z" hostname="runnervmejwal" time="0.154">
  <properties/>
  <testcase name="reducer_state_trajectory_matches_across_real_in_memory_topologies()" classname="com.parlor.session.multidevice.MultiDeviceShapeTest" time="0.154"/>
  <system-out><![CDATA[]]></system-out>
  <system-err><![CDATA[]]></system-err>
</testsuite>
