<?xml version="1.0" encoding="UTF-8"?>
<testsuite name="com.parlor.networking.protocol.RoomMessageCodecTest" tests="9" skipped="0" failures="0" errors="0" timestamp="2026-09-11T14:34:07.055Z" hostname="runnervmvmocb" time="1.177">
  <properties/>
  <testcase name="registered room message variants match the complete wire allowlist()[desktop]" classname="com.parlor.networking.protocol.RoomMessageCodecTest" time="0.209"/>
  <testcase name="round trips binary snapshot without JSON byte expansion()[desktop]" classname="com.parlor.networking.protocol.RoomMessageCodecTest" time="0.227"/>
  <testcase name="admission offered matches its golden wire vector()[desktop]" classname="com.parlor.networking.protocol.RoomMessageCodecTest" time="0.046"/>
  <testcase name="round trips every transactional admission and resume frame()[desktop]" classname="com.parlor.networking.protocol.RoomMessageCodecTest" time="0.426"/>
  <testcase name="session starting matches its golden wire vector()[desktop]" classname="com.parlor.networking.protocol.RoomMessageCodecTest" time="0.023"/>
  <testcase name="player snapshot matches its golden wire vector()[desktop]" classname="com.parlor.networking.protocol.RoomMessageCodecTest" time="0.002"/>
  <testcase name="round trips every acknowledged session-start frame()[desktop]" classname="com.parlor.networking.protocol.RoomMessageCodecTest" time="0.031"/>
  <testcase name="rejects oversized encoded input before decode()[desktop]" classname="com.parlor.networking.protocol.RoomMessageCodecTest" time="0.025"/>
  <testcase name="client command matches its golden wire vector()[desktop]" classname="com.parlor.networking.protocol.RoomMessageCodecTest" time="0.02"/>
  <system-out><![CDATA[]]></system-out>
  <system-err><![CDATA[]]></system-err>
</testsuite>
