<?xml version="1.0" encoding="UTF-8"?>
<testsuite name="com.parlor.app.DesktopProcessShutdownTest" tests="3" skipped="0" failures="0" errors="0" timestamp="2026-09-10T10:19:57.738Z" hostname="iad01-dz251-152fa2dc-c3f6-4481-8767-d32a9511f474-CE844A2E315A.local" time="0.21">
  <properties/>
  <testcase name="activeHostLeavesBeforeTheProcessScopeIsCancelled()[desktop]" classname="com.parlor.app.DesktopProcessShutdownTest" time="0.142"/>
  <testcase name="idleShutdownIsSuccessfulAndIdempotentlyCancelsTheScope()[desktop]" classname="com.parlor.app.DesktopProcessShutdownTest" time="0.003"/>
  <testcase name="stalledLeaveIsBoundedAndStillCancelsTheProcessScope()[desktop]" classname="com.parlor.app.DesktopProcessShutdownTest" time="0.062"/>
  <system-out><![CDATA[]]></system-out>
  <system-err><![CDATA[]]></system-err>
</testsuite>
