<?xml version="1.0" encoding="UTF-8"?>
<testsuite name="com.parlor.games.mafia.ui.screens.setup.MafiaDoctorSettingUiTest" tests="2" skipped="0" failures="0" errors="0" timestamp="2026-09-11T04:26:11.991Z" hostname="sat12-jr310-6720aefa-0827-4506-9894-a2a62c6bfd2b-DA71CD50CE1B.local" time="2.317">
  <properties/>
  <testcase name="arabic_consecutive_nights_toggle_defaults_off_and_commits_on_and_off()[desktop]" classname="com.parlor.games.mafia.ui.screens.setup.MafiaDoctorSettingUiTest" time="0.997"/>
  <testcase name="english_consecutive_nights_toggle_defaults_off_and_commits_on_and_off()[desktop]" classname="com.parlor.games.mafia.ui.screens.setup.MafiaDoctorSettingUiTest" time="1.32"/>
  <system-out><![CDATA[]]></system-out>
  <system-err><![CDATA[]]></system-err>
</testsuite>
