<?xml version="1.0" encoding="UTF-8"?>
<testsuite name="com.parlor.games.mafia.flow.MafiaLocalSessionConfigTest" tests="2" skipped="0" failures="0" errors="0" timestamp="2026-09-11T04:25:58.292Z" hostname="sat12-jr310-6720aefa-0827-4506-9894-a2a62c6bfd2b-DA71CD50CE1B.local" time="0.004">
  <properties/>
  <testcase name="freshIdsUseIndependentEntropyRatherThanTheGameplaySeed()[desktop]" classname="com.parlor.games.mafia.flow.MafiaLocalSessionConfigTest" time="0.002"/>
  <testcase name="resumePreservesThePersistedIdWithoutConsumingFreshEntropy()[desktop]" classname="com.parlor.games.mafia.flow.MafiaLocalSessionConfigTest" time="0.001"/>
  <system-out><![CDATA[]]></system-out>
  <system-err><![CDATA[]]></system-err>
</testsuite>
