<?xml version="1.0" encoding="UTF-8"?>
<testsuite name="com.parlor.games.mafia.ui.screens.setup.MafiaSetupToggleLayoutTest" tests="4" skipped="0" failures="0" errors="0" timestamp="2026-09-11T04:26:16.778Z" hostname="sat12-jr310-6720aefa-0827-4506-9894-a2a62c6bfd2b-DA71CD50CE1B.local" time="0.543">
  <properties/>
  <testcase name="english_compact_toggle_keeps_room_for_its_switch()[desktop]" classname="com.parlor.games.mafia.ui.screens.setup.MafiaSetupToggleLayoutTest" time="0.124"/>
  <testcase name="arabic_compact_large_text_toggle_keeps_room_for_its_switch()[desktop]" classname="com.parlor.games.mafia.ui.screens.setup.MafiaSetupToggleLayoutTest" time="0.125"/>
  <testcase name="english_compact_large_text_toggle_keeps_room_for_its_switch()[desktop]" classname="com.parlor.games.mafia.ui.screens.setup.MafiaSetupToggleLayoutTest" time="0.219"/>
  <testcase name="arabic_compact_toggle_keeps_room_for_its_switch()[desktop]" classname="com.parlor.games.mafia.ui.screens.setup.MafiaSetupToggleLayoutTest" time="0.075"/>
  <system-out><![CDATA[]]></system-out>
  <system-err><![CDATA[]]></system-err>
</testsuite>
