<?xml version="1.0" encoding="UTF-8"?>
<testsuite name="com.parlor.games.whodunit.domain.rules.WhodunitPolicyGoldenTest" tests="2" skipped="0" failures="0" errors="0" timestamp="2026-09-11T04:32:11.980Z" hostname="runnervmlun5p" time="0.193">
  <properties/>
  <testcase name="roundResolutionPreservesExactNearestTieAndDefaultRules()" classname="com.parlor.games.whodunit.domain.rules.WhodunitPolicyGoldenTest" time="0.162"/>
  <testcase name="clueSelectionHasStableCrossPlatformGoldenSequences()" classname="com.parlor.games.whodunit.domain.rules.WhodunitPolicyGoldenTest" time="0.023"/>
  <system-out><![CDATA[]]></system-out>
  <system-err><![CDATA[]]></system-err>
</testsuite>
