<?xml version="1.0" encoding="UTF-8"?>
<testsuite name="com.parlor.games.whodunit.ui.flow.WhodunitLocalLeaveTimerTest" tests="6" skipped="0" failures="0" errors="0" timestamp="2026-09-07T05:55:47.870Z" hostname="192.168.1.4" time="20.456">
  <properties/>
  <testcase name="eliminationConfirmationTimeIsExcludedAndStayRestartsOnlyOneTicker()[desktop]" classname="com.parlor.games.whodunit.ui.flow.WhodunitLocalLeaveTimerTest" time="5.939"/>
  <testcase name="stayDoesNotReleaseAnExistingPerTimerPause()[desktop]" classname="com.parlor.games.whodunit.ui.flow.WhodunitLocalLeaveTimerTest" time="1.934"/>
  <testcase name="lastSecondCannotExpireBehindConfirmationButExpiresAfterStay()[desktop]" classname="com.parlor.games.whodunit.ui.flow.WhodunitLocalLeaveTimerTest" time="1.841"/>
  <testcase name="failedSaveKeepsTimeFrozenAndSuccessfulSaveResumesWithoutCatchingUp()[desktop]" classname="com.parlor.games.whodunit.ui.flow.WhodunitLocalLeaveTimerTest" time="2.979"/>
  <testcase name="stayDoesNotReleaseAnExistingSessionPause()[desktop]" classname="com.parlor.games.whodunit.ui.flow.WhodunitLocalLeaveTimerTest" time="2.086"/>
  <testcase name="classicConfirmationTimeIsExcludedAndStayRestartsOnlyOneTicker()[desktop]" classname="com.parlor.games.whodunit.ui.flow.WhodunitLocalLeaveTimerTest" time="5.677"/>
  <system-out><![CDATA[]]></system-out>
  <system-err><![CDATA[]]></system-err>
</testsuite>
