<?xml version="1.0" encoding="UTF-8"?>
<testsuite name="com.parlor.games.whodunit.content.TestingStoryCompatibilityTest" tests="4" skipped="0" failures="0" errors="0" timestamp="2026-09-07T05:55:44.501Z" hostname="192.168.1.4" time="0.305">
  <properties/>
  <testcase name="correctedStoriesDoNotReuseAnyRecordedEarlierCanonicalContentDigest()[desktop]" classname="com.parlor.games.whodunit.content.TestingStoryCompatibilityTest" time="0.029"/>
  <testcase name="currentSaveRoundTripsButOldOrCrossedIdentityIsRetainedAndRejected()[desktop]" classname="com.parlor.games.whodunit.content.TestingStoryCompatibilityTest" time="0.197"/>
  <testcase name="identityLessPreClueSavesCannotSilentlyBindToInstalledStoryProse()[desktop]" classname="com.parlor.games.whodunit.content.TestingStoryCompatibilityTest" time="0.031"/>
  <testcase name="lanOffersMatchOnlyTheExactLoadedRevisionForAllCorrectedCasesAndModes()[desktop]" classname="com.parlor.games.whodunit.content.TestingStoryCompatibilityTest" time="0.045"/>
  <system-out><![CDATA[]]></system-out>
  <system-err><![CDATA[]]></system-err>
</testsuite>
