<?xml version="1.0" encoding="UTF-8"?>
<testsuite name="com.parlor.transport.p2p.AndroidReleaseLintContractTest" tests="6" skipped="0" failures="0" errors="0" timestamp="2026-09-05T08:41:47.565Z" hostname="192.168.1.11" time="0.128">
  <properties/>
  <testcase name="launcher_is_adaptive_on_every_supported_android_version()[desktop]" classname="com.parlor.transport.p2p.AndroidReleaseLintContractTest" time="0.003"/>
  <testcase name="all_shipping_strings_are_reachable_and_locales_have_identical_keys()[desktop]" classname="com.parlor.transport.p2p.AndroidReleaseLintContractTest" time="0.117"/>
  <testcase name="production_gate_executes_the_triaged_release_lint_verifier()[desktop]" classname="com.parlor.transport.p2p.AndroidReleaseLintContractTest" time="0.003"/>
  <testcase name="compact_interactive_affordances_enforce_accessible_semantics_and_touch_targets()[desktop]" classname="com.parlor.transport.p2p.AndroidReleaseLintContractTest" time="0.001"/>
  <testcase name="kotlin_metadata_analyzers_are_explicitly_pinned_and_enforced()[desktop]" classname="com.parlor.transport.p2p.AndroidReleaseLintContractTest" time="0.001"/>
  <testcase name="unsupported_play_modes_are_described_truthfully()[desktop]" classname="com.parlor.transport.p2p.AndroidReleaseLintContractTest" time="0.001"/>
  <system-out><![CDATA[]]></system-out>
  <system-err><![CDATA[]]></system-err>
</testsuite>
