<?xml version="1.0" encoding="UTF-8"?>
<testsuite name="com.parlor.games.mafia.ui.components.MafiaCoverContrastTest" tests="8" skipped="0" failures="0" errors="0" timestamp="2026-09-07T13:15:55.212Z" hostname="192.168.1.4" time="0.639">
  <properties/>
  <testcase name="arabicDarkCover()[desktop]" classname="com.parlor.games.mafia.ui.components.MafiaCoverContrastTest" time="0.431"/>
  <testcase name="arabicLightCover()[desktop]" classname="com.parlor.games.mafia.ui.components.MafiaCoverContrastTest" time="0.025"/>
  <testcase name="arabicLightLargeText()[desktop]" classname="com.parlor.games.mafia.ui.components.MafiaCoverContrastTest" time="0.042"/>
  <testcase name="englishDarkLargeText()[desktop]" classname="com.parlor.games.mafia.ui.components.MafiaCoverContrastTest" time="0.034"/>
  <testcase name="englishLightLargeText()[desktop]" classname="com.parlor.games.mafia.ui.components.MafiaCoverContrastTest" time="0.031"/>
  <testcase name="arabicDarkLargeText()[desktop]" classname="com.parlor.games.mafia.ui.components.MafiaCoverContrastTest" time="0.028"/>
  <testcase name="englishLightCover()[desktop]" classname="com.parlor.games.mafia.ui.components.MafiaCoverContrastTest" time="0.022"/>
  <testcase name="englishDarkCover()[desktop]" classname="com.parlor.games.mafia.ui.components.MafiaCoverContrastTest" time="0.021"/>
  <system-out><![CDATA[]]></system-out>
  <system-err><![CDATA[]]></system-err>
</testsuite>
