<?xml version="1.0" encoding="UTF-8"?>
<testsuite name="com.parlor.transport.p2p.JupiterDiscoveryContractTest" tests="1" skipped="0" failures="0" errors="0" timestamp="2026-09-10T10:19:19.557Z" hostname="iad01-dz251-152fa2dc-c3f6-4481-8767-d32a9511f474-CE844A2E315A.local" time="0.655">
  <properties/>
  <testcase name="annotated_tests_including_disabled_tests_are_discoverable()[desktop]" classname="com.parlor.transport.p2p.JupiterDiscoveryContractTest" time="0.655"/>
  <system-out><![CDATA[]]></system-out>
  <system-err><![CDATA[]]></system-err>
</testsuite>
