<?xml version="1.0" encoding="UTF-8"?>
<testsuite name="com.parlor.games.whodunit.content.TestingStoryCompatibilityTest" tests="4" skipped="0" failures="0" errors="0" timestamp="2026-09-07T18:37:54.628Z" hostname="runnervmfx5wp" time="0.747">
  <properties/>
  <testcase name="correctedStoriesDoNotReuseAnyRecordedEarlierCanonicalContentDigest()[desktop]" classname="com.parlor.games.whodunit.content.TestingStoryCompatibilityTest" time="0.069"/>
  <testcase name="currentSaveRoundTripsButOldOrCrossedIdentityIsRetainedAndRejected()[desktop]" classname="com.parlor.games.whodunit.content.TestingStoryCompatibilityTest" time="0.552"/>
  <testcase name="identityLessPreClueSavesCannotSilentlyBindToInstalledStoryProse()[desktop]" classname="com.parlor.games.whodunit.content.TestingStoryCompatibilityTest" time="0.05"/>
  <testcase name="lanOffersMatchOnlyTheExactLoadedRevisionForAllCorrectedCasesAndModes()[desktop]" classname="com.parlor.games.whodunit.content.TestingStoryCompatibilityTest" time="0.073"/>
  <system-out><![CDATA[]]></system-out>
  <system-err><![CDATA[]]></system-err>
</testsuite>
