<?xml version="1.0" encoding="UTF-8"?>
<testsuite name="com.parlor.games.whodunit.layout.ResponsiveLayoutAuditTest" tests="1" skipped="0" failures="0" errors="0" timestamp="2026-09-07T18:38:05.617Z" hostname="runnervmfx5wp" time="0.022">
  <properties/>
  <testcase name="every_screen_either_scrolls_or_is_explicitly_exempt()[desktop]" classname="com.parlor.games.whodunit.layout.ResponsiveLayoutAuditTest" time="0.022"/>
  <system-out><![CDATA[]]></system-out>
  <system-err><![CDATA[]]></system-err>
</testsuite>
