<?xml version="1.0" encoding="UTF-8"?>
<testsuite name="com.parlor.games.whodunit.content.TestingStoryChronologyTest" tests="5" skipped="0" failures="0" errors="0" timestamp="2026-09-07T18:37:54.540Z" hostname="runnervmfx5wp" time="0.082">
  <properties/>
  <testcase name="nadimsShortCellarWaitMatchesTheFinalAccountWithoutChangingHisLie()[desktop]" classname="com.parlor.games.whodunit.content.TestingStoryChronologyTest" time="0.025"/>
  <testcase name="jamesLightsOneCigarAt915WhileHis910AlibiRemainsFalse()[desktop]" classname="com.parlor.games.whodunit.content.TestingStoryChronologyTest" time="0.01"/>
  <testcase name="eachCorrectedTestingStoryUsesItsNextContentVersionWithoutSchemaChanges()[desktop]" classname="com.parlor.games.whodunit.content.TestingStoryChronologyTest" time="0.034"/>
  <testcase name="laylaHasOne905OutageAcrossIntroEvidenceAndWitnesses()[desktop]" classname="com.parlor.games.whodunit.content.TestingStoryChronologyTest" time="0.004"/>
  <testcase name="karims940PoisoningPrecedesHisCorroborated1015RecordsAlibi()[desktop]" classname="com.parlor.games.whodunit.content.TestingStoryChronologyTest" time="0.006"/>
  <system-out><![CDATA[]]></system-out>
  <system-err><![CDATA[]]></system-err>
</testsuite>
