<?xml version="1.0" encoding="UTF-8"?>
<testsuite name="com.parlor.games.whodunit.ui.flow.multiplayer.WhodunitPeerSessionFlowPolicyTest" tests="2" skipped="0" failures="0" errors="0" timestamp="2026-09-07T18:38:25.074Z" hostname="runnervmfx5wp" time="0.001">
  <properties/>
  <testcase name="failedLeaveDoesNotDisableConnectionRetry()[desktop]" classname="com.parlor.games.whodunit.ui.flow.multiplayer.WhodunitPeerSessionFlowPolicyTest" time="0.001"/>
  <testcase name="checkpointInstallationFailureStillDisablesConnectionRetry()[desktop]" classname="com.parlor.games.whodunit.ui.flow.multiplayer.WhodunitPeerSessionFlowPolicyTest" time="0.0"/>
  <system-out><![CDATA[]]></system-out>
  <system-err><![CDATA[]]></system-err>
</testsuite>
