<?xml version="1.0" encoding="UTF-8"?>
<testsuite name="com.parlor.games.whodunit.content.TestingStoryRemainingChronologyTest" tests="3" skipped="0" failures="0" errors="0" timestamp="2026-09-07T18:38:00.954Z" hostname="runnervmfx5wp" time="0.012">
  <properties/>
  <testcase name="guiltyCaptainsDiscoveryAndTwoMinuteHesitationMatchPublicFactsAndCamera()[desktop]" classname="com.parlor.games.whodunit.content.TestingStoryRemainingChronologyTest" time="0.003"/>
  <testcase name="walidsKnowledgeMatchesTheSameLastWeekWillWithoutInventingAnEarlierRevision()[desktop]" classname="com.parlor.games.whodunit.content.TestingStoryRemainingChronologyTest" time="0.005"/>
  <testcase name="nadimsCurrentClosureMatchesTheRegisterWithoutRewritingHisFalseCigaretteAlibi()[desktop]" classname="com.parlor.games.whodunit.content.TestingStoryRemainingChronologyTest" time="0.002"/>
  <system-out><![CDATA[]]></system-out>
  <system-err><![CDATA[]]></system-err>
</testsuite>
