<?xml version="1.0" encoding="UTF-8"?>
<testsuite name="com.parlor.session.multidevice.BoundedPeerOutboxTest" tests="8" skipped="0" failures="0" errors="0" timestamp="2026-09-11T14:43:26.916Z" hostname="runnervmlun5p" time="0.07">
  <properties/>
  <testcase name="stalled peer cannot delay honest peer or authoritative mutation()" classname="com.parlor.session.multidevice.BoundedPeerOutboxTest" time="0.016"/>
  <testcase name="concurrent terminal requests share one in flight delivery()" classname="com.parlor.session.multidevice.BoundedPeerOutboxTest" time="0.006"/>
  <testcase name="terminal transport exception is returned as a sanitized failure()" classname="com.parlor.session.multidevice.BoundedPeerOutboxTest" time="0.005"/>
  <testcase name="terminal delivery attempts peers in parallel and has a fixed deadline()" classname="com.parlor.session.multidevice.BoundedPeerOutboxTest" time="0.01"/>
  <testcase name="documented per-peer byte ceiling includes the retained heartbeat()" classname="com.parlor.session.multidevice.BoundedPeerOutboxTest" time="0.0"/>
  <testcase name="close waits for the in-flight sender cancellation cleanup()" classname="com.parlor.session.multidevice.BoundedPeerOutboxTest" time="0.006"/>
  <testcase name="control queue is bounded and unsent snapshots are conflated()" classname="com.parlor.session.multidevice.BoundedPeerOutboxTest" time="0.006"/>
  <testcase name="close racing terminal publication cannot strand the terminal caller()" classname="com.parlor.session.multidevice.BoundedPeerOutboxTest" time="0.005"/>
  <system-out><![CDATA[]]></system-out>
  <system-err><![CDATA[]]></system-err>
</testsuite>
