<?xml version="1.0" encoding="UTF-8"?>
<testsuite name="com.parlor.session.passandplay.PassAndPlaySessionControllerCloseRaceTest" tests="1" skipped="0" failures="0" errors="0" timestamp="2026-09-06T08:40:34.426Z" hostname="192.168.1.5" time="0.002">
  <properties/>
  <testcase name="close_waits_for_the_active_commit_and_rejects_every_later_submit()[desktop]" classname="com.parlor.session.passandplay.PassAndPlaySessionControllerCloseRaceTest" time="0.002"/>
  <system-out><![CDATA[]]></system-out>
  <system-err><![CDATA[]]></system-err>
</testsuite>
