<?xml version="1.0" encoding="UTF-8"?>
<testsuite name="com.parlor.games.mafia.ui.screens.setup.MafiaSetupReadOnlyCountLayoutTest" tests="4" skipped="0" failures="0" errors="0" timestamp="2026-09-11T14:38:38.273Z" hostname="iad01-dz252-1ad49659-740d-4c73-a24e-ce5d11b7a3c3-EA47144733B8.local" time="0.365">
  <properties/>
  <testcase name="compact_arabic_civilian_count_stays_visible()[desktop]" classname="com.parlor.games.mafia.ui.screens.setup.MafiaSetupReadOnlyCountLayoutTest" time="0.076"/>
  <testcase name="compact_large_text_arabic_civilian_count_stays_visible()[desktop]" classname="com.parlor.games.mafia.ui.screens.setup.MafiaSetupReadOnlyCountLayoutTest" time="0.114"/>
  <testcase name="compact_english_civilian_count_stays_visible()[desktop]" classname="com.parlor.games.mafia.ui.screens.setup.MafiaSetupReadOnlyCountLayoutTest" time="0.064"/>
  <testcase name="compact_large_text_english_civilian_count_stays_visible()[desktop]" classname="com.parlor.games.mafia.ui.screens.setup.MafiaSetupReadOnlyCountLayoutTest" time="0.109"/>
  <system-out><![CDATA[]]></system-out>
  <system-err><![CDATA[]]></system-err>
</testsuite>
