<?xml version="1.0" encoding="UTF-8"?>
<testsuite name="com.parlor.content.validation.CaseSummaryValidatorTest" tests="3" skipped="0" failures="0" errors="0" timestamp="2026-09-10T00:25:04.735Z" hostname="iad01-dz249-5e0ebe42-cbfa-4eb1-aff5-f50867d85bd2-3EA288075C98.local" time="0.016">
  <properties/>
  <testcase name="shape_validation_rejects_path_traversal_and_duplicate_ids()[desktop]" classname="com.parlor.content.validation.CaseSummaryValidatorTest" time="0.007"/>
  <testcase name="shape_validation_rejects_control_and_format_characters_in_display_data()[desktop]" classname="com.parlor.content.validation.CaseSummaryValidatorTest" time="0.003"/>
  <testcase name="shape_validation_rejects_wrong_game_and_oversized_display_data()[desktop]" classname="com.parlor.content.validation.CaseSummaryValidatorTest" time="0.002"/>
  <system-out><![CDATA[]]></system-out>
  <system-err><![CDATA[]]></system-err>
</testsuite>
