<?xml version="1.0" encoding="UTF-8"?>
<testsuite name="com.parlor.transport.p2p.IosInfoPlistBonjourTest" tests="1" skipped="0" failures="0" errors="0" timestamp="2026-09-11T14:37:37.194Z" hostname="iad01-dz252-1ad49659-740d-4c73-a24e-ce5d11b7a3c3-EA47144733B8.local" time="0.125">
  <properties/>
  <testcase name="ios_info_plist_whitelists_p2pkit_bonjour_service_type()[desktop]" classname="com.parlor.transport.p2p.IosInfoPlistBonjourTest" time="0.125"/>
  <system-out><![CDATA[]]></system-out>
  <system-err><![CDATA[]]></system-err>
</testsuite>
