<?xml version="1.0" encoding="UTF-8"?>
<testsuite name="com.parlor.games.whodunit.snapshot.WhodunitResumeReconstructionTest" tests="11" skipped="0" failures="1" errors="0" timestamp="2026-09-06T11:29:33.013Z" hostname="192.168.1.5" time="0.295">
  <properties/>
  <testcase name="resume_accepts_supportedBareVersionsAndCurrentVersionedPayload()[desktop]" classname="com.parlor.games.whodunit.snapshot.WhodunitResumeReconstructionTest" time="0.092"/>
  <testcase name="resume_propagates_load_cancellation_without_deleting_a_retired_snapshot()[desktop]" classname="com.parlor.games.whodunit.snapshot.WhodunitResumeReconstructionTest" time="0.001"/>
  <testcase name="resume_preserves_a_retired_solo_snapshot_without_rewriting_private_state()[desktop]" classname="com.parlor.games.whodunit.snapshot.WhodunitResumeReconstructionTest" time="0.005">
    <failure message="org.opentest4j.AssertionFailedError: expected:&lt;[CorruptedData]&gt; but was:&lt;[NotFound]&gt;" type="org.opentest4j.AssertionFailedError">org.opentest4j.AssertionFailedError: expected:&lt;[CorruptedData]&gt; but was:&lt;[NotFound]&gt;
	at app//com.parlor.games.whodunit.snapshot.WhodunitResumeReconstructionTest$resume_preserves_a_retired_solo_snapshot_without_rewriting_private_state$1.invokeSuspend(WhodunitResumeReconstructionTest.kt:366)
	at app//kotlin.coroutines.jvm.internal.BaseContinuationImpl.resumeWith(ContinuationImpl.kt:34)
	at app//kotlinx.coroutines.DispatchedTask.run(DispatchedTask.kt:100)
	at app//kotlinx.coroutines.test.TestDispatcher.processEvent$kotlinx_coroutines_test(TestDispatcher.kt:24)
	at app//kotlinx.coroutines.test.TestCoroutineScheduler.tryRunNextTaskUnless$kotlinx_coroutines_test(TestCoroutineScheduler.kt:98)
	at app//kotlinx.coroutines.test.TestBuildersKt__TestBuildersKt$runTest$2$1$workRunner$1.invokeSuspend(TestBuilders.kt:326)
	at app//kotlin.coroutines.jvm.internal.BaseContinuationImpl.resumeWith(ContinuationImpl.kt:34)
	at app//kotlinx.coroutines.DispatchedTask.run(DispatchedTask.kt:100)
	at app//kotlinx.coroutines.EventLoopImplBase.processNextEvent(EventLoop.common.kt:256)
	at app//kotlinx.coroutines.BlockingCoroutine.joinBlocking(Builders.kt:54)
	at app//kotlinx.coroutines.BuildersKt__BuildersKt.runBlockingImpl(Builders.kt:30)
	at app//kotlinx.coroutines.BuildersKt.runBlockingImpl(Unknown Source)
	at app//kotlinx.coroutines.BuildersKt__Builders_concurrentKt.runBlockingK(Builders.concurrent.kt:172)
	at app//kotlinx.coroutines.BuildersKt.runBlockingK(Unknown Source)
	at app//kotlinx.coroutines.BuildersKt__Builders_concurrentKt.runBlockingK$default(Builders.concurrent.kt:157)
	at app//kotlinx.coroutines.BuildersKt.runBlockingK$default(Unknown Source)
	at app//kotlinx.coroutines.test.TestBuildersJvmKt.createTestResult(TestBuildersJvm.kt:10)
	at app//kotlinx.coroutines.test.TestBuildersKt__TestBuildersKt.runTest-8Mi8wO0(TestBuilders.kt:309)
	at app//kotlinx.coroutines.test.TestBuildersKt.runTest-8Mi8wO0(TestBuilders.kt:1)
	at app//kotlinx.coroutines.test.TestBuildersKt__TestBuildersKt.runTest-8Mi8wO0(TestBuilders.kt:167)
	at app//kotlinx.coroutines.test.TestBuildersKt.runTest-8Mi8wO0(TestBuilders.kt:1)
	at app//kotlinx.coroutines.test.TestBuildersKt__TestBuildersKt.runTest-8Mi8wO0$default(TestBuilders.kt:159)
	at app//kotlinx.coroutines.test.TestBuildersKt.runTest-8Mi8wO0$default(TestBuilders.kt:1)
	at app//com.parlor.games.whodunit.snapshot.WhodunitResumeReconstructionTest.resume_preserves_a_retired_solo_snapshot_without_rewriting_private_state(WhodunitResumeReconstructionTest.kt:334)
	at java.base@21.0.11/java.lang.reflect.Method.invoke(Method.java:580)
	at java.base@21.0.11/java.util.ArrayList.forEach(ArrayList.java:1596)
	at java.base@21.0.11/java.util.ArrayList.forEach(ArrayList.java:1596)
</failure>
  </testcase>
  <testcase name="resume_rejects_partial_or_malformed_content_identity_metadata()[desktop]" classname="com.parlor.games.whodunit.snapshot.WhodunitResumeReconstructionTest" time="0.003"/>
  <testcase name="resume_rejects_unknown_play_mode_metadata_instead_of_changing_ceremony()[desktop]" classname="com.parlor.games.whodunit.snapshot.WhodunitResumeReconstructionTest" time="0.001"/>
  <testcase name="resumed_controller_state_equals_saved_state_and_advances_correctly()[desktop]" classname="com.parlor.games.whodunit.snapshot.WhodunitResumeReconstructionTest" time="0.163"/>
  <testcase name="resume_rejects_another_game_before_decoding_its_payload()[desktop]" classname="com.parlor.games.whodunit.snapshot.WhodunitResumeReconstructionTest" time="0.001"/>
  <testcase name="deleting_snapshot_removes_it_from_listUnfinished()[desktop]" classname="com.parlor.games.whodunit.snapshot.WhodunitResumeReconstructionTest" time="0.01"/>
  <testcase name="loaded_case_boundary_requires_exact_identity_and_content_compatible_state()[desktop]" classname="com.parlor.games.whodunit.snapshot.WhodunitResumeReconstructionTest" time="0.015"/>
  <testcase name="corrupt_snapshot_payload_does_not_blow_up_decoder()[desktop]" classname="com.parlor.games.whodunit.snapshot.WhodunitResumeReconstructionTest" time="0.001"/>
  <testcase name="resume_rejects_a_future_engine_version_before_decoding_its_payload()[desktop]" classname="com.parlor.games.whodunit.snapshot.WhodunitResumeReconstructionTest" time="0.001"/>
  <system-out><![CDATA[]]></system-out>
  <system-err><![CDATA[SLF4J(W): No SLF4J providers were found.
SLF4J(W): Defaulting to no-operation (NOP) logger implementation
SLF4J(W): See https://www.slf4j.org/codes.html#noProviders for further details.
]]></system-err>
</testsuite>
