<?xml version="1.0" encoding="UTF-8"?>
<testsuite name="com.parlor.games.mafia.ui.screens.postgame.PostGameScreenLayoutTest" tests="6" skipped="0" failures="0" errors="0" timestamp="2026-09-11T02:17:54.651Z" hostname="runnervmec22z" time="0.886">
  <properties/>
  <testcase name="compact_arabic_long_name_does_not_consume_final_role_width()[desktop]" classname="com.parlor.games.mafia.ui.screens.postgame.PostGameScreenLayoutTest" time="0.052"/>
  <testcase name="compact_english_long_name_does_not_consume_final_role_width()[desktop]" classname="com.parlor.games.mafia.ui.screens.postgame.PostGameScreenLayoutTest" time="0.032"/>
  <testcase name="landscape_large_text_arabic_roles_remain_scrollable()[desktop]" classname="com.parlor.games.mafia.ui.screens.postgame.PostGameScreenLayoutTest" time="0.198"/>
  <testcase name="compact_large_text_english_preserves_every_final_role()[desktop]" classname="com.parlor.games.mafia.ui.screens.postgame.PostGameScreenLayoutTest" time="0.218"/>
  <testcase name="landscape_large_text_english_roles_remain_scrollable()[desktop]" classname="com.parlor.games.mafia.ui.screens.postgame.PostGameScreenLayoutTest" time="0.188"/>
  <testcase name="compact_large_text_arabic_preserves_every_final_role()[desktop]" classname="com.parlor.games.mafia.ui.screens.postgame.PostGameScreenLayoutTest" time="0.194"/>
  <system-out><![CDATA[]]></system-out>
  <system-err><![CDATA[]]></system-err>
</testsuite>
