<?xml version="1.0" encoding="UTF-8"?>
<testsuite name="com.parlor.games.whodunit.content.TestingStoryRemainingChronologyTest" tests="3" skipped="0" failures="0" errors="0" timestamp="2026-09-07T09:47:08.516Z" hostname="192.168.1.4" time="0.003">
  <properties/>
  <testcase name="guiltyCaptainsDiscoveryAndTwoMinuteHesitationMatchPublicFactsAndCamera()[desktop]" classname="com.parlor.games.whodunit.content.TestingStoryRemainingChronologyTest" time="0.001"/>
  <testcase name="walidsKnowledgeMatchesTheSameLastWeekWillWithoutInventingAnEarlierRevision()[desktop]" classname="com.parlor.games.whodunit.content.TestingStoryRemainingChronologyTest" time="0.001"/>
  <testcase name="nadimsCurrentClosureMatchesTheRegisterWithoutRewritingHisFalseCigaretteAlibi()[desktop]" classname="com.parlor.games.whodunit.content.TestingStoryRemainingChronologyTest" time="0.001"/>
  <system-out><![CDATA[]]></system-out>
  <system-err><![CDATA[]]></system-err>
</testsuite>
