<?xml version="1.0" encoding="UTF-8"?>
<testsuite name="com.parlor.engine.testing.fakes.RrSnapshotCodecTest" tests="2" skipped="0" failures="0" errors="0" timestamp="2026-09-11T04:20:20.018Z" hostname="runnervmec22z" time="0.104">
  <properties/>
  <testcase name="round_trip_preserves_the_complete_fixture_state()[desktop]" classname="com.parlor.engine.testing.fakes.RrSnapshotCodecTest" time="0.096"/>
  <testcase name="malformed_payload_is_rejected_instead_of_fabricating_state()[desktop]" classname="com.parlor.engine.testing.fakes.RrSnapshotCodecTest" time="0.005"/>
  <system-out><![CDATA[]]></system-out>
  <system-err><![CDATA[]]></system-err>
</testsuite>
