<?xml version="1.0" encoding="UTF-8"?>
<testsuite name="com.parlor.games.mafia.ui.components.MafiaCoverContrastTest" tests="8" skipped="0" failures="0" errors="0" timestamp="2026-09-10T00:28:50.252Z" hostname="runnervmejwal" time="3.755">
  <properties/>
  <testcase name="arabicDarkCover()[desktop]" classname="com.parlor.games.mafia.ui.components.MafiaCoverContrastTest" time="2.104"/>
  <testcase name="arabicLightCover()[desktop]" classname="com.parlor.games.mafia.ui.components.MafiaCoverContrastTest" time="0.15"/>
  <testcase name="arabicLightLargeText()[desktop]" classname="com.parlor.games.mafia.ui.components.MafiaCoverContrastTest" time="0.379"/>
  <testcase name="englishDarkLargeText()[desktop]" classname="com.parlor.games.mafia.ui.components.MafiaCoverContrastTest" time="0.311"/>
  <testcase name="englishLightLargeText()[desktop]" classname="com.parlor.games.mafia.ui.components.MafiaCoverContrastTest" time="0.254"/>
  <testcase name="arabicDarkLargeText()[desktop]" classname="com.parlor.games.mafia.ui.components.MafiaCoverContrastTest" time="0.265"/>
  <testcase name="englishLightCover()[desktop]" classname="com.parlor.games.mafia.ui.components.MafiaCoverContrastTest" time="0.154"/>
  <testcase name="englishDarkCover()[desktop]" classname="com.parlor.games.mafia.ui.components.MafiaCoverContrastTest" time="0.129"/>
  <system-out><![CDATA[]]></system-out>
  <system-err><![CDATA[]]></system-err>
</testsuite>
