<?xml version="1.0" encoding="UTF-8"?>
<testsuite name="com.parlor.engine.testing.fakes.RrSnapshotCodecTest" tests="2" skipped="0" failures="0" errors="0" timestamp="2026-09-05T22:36:51.502Z" hostname="192.168.1.11" time="0.0">
  <properties/>
  <testcase name="round_trip_preserves_the_complete_fixture_state[iosSimulatorArm64]" classname="com.parlor.engine.testing.fakes.RrSnapshotCodecTest" time="0.0"/>
  <testcase name="malformed_payload_is_rejected_instead_of_fabricating_state[iosSimulatorArm64]" classname="com.parlor.engine.testing.fakes.RrSnapshotCodecTest" time="0.0"/>
  <system-out><![CDATA[]]></system-out>
  <system-err><![CDATA[]]></system-err>
</testsuite>
