<?xml version="1.0" encoding="UTF-8"?>
<testsuite name="com.parlor.games.whodunit.snapshot.WhodunitFinalTwoRecoveryTest" tests="9" skipped="0" failures="0" errors="0" timestamp="2026-09-11T04:27:39.586Z" hostname="runnervmlun5p" time="0.227">
  <properties/>
  <testcase name="everyOwnPrivatePeerBoundaryRejectsAReopenedFinalTwo()[desktop]" classname="com.parlor.games.whodunit.snapshot.WhodunitFinalTwoRecoveryTest" time="0.029"/>
  <testcase name="earlyEndWithAndWithoutDisclosureRemainRecoverable()[desktop]" classname="com.parlor.games.whodunit.snapshot.WhodunitFinalTwoRecoveryTest" time="0.036"/>
  <testcase name="currentDecoderRejectsCanonicalJsonThatReopensTheFinalTwo()[desktop]" classname="com.parlor.games.whodunit.snapshot.WhodunitFinalTwoRecoveryTest" time="0.018"/>
  <testcase name="aLegalLastRoundKillerEliminationStillAllowsTwoInnocentSurvivors()[desktop]" classname="com.parlor.games.whodunit.snapshot.WhodunitFinalTwoRecoveryTest" time="0.018"/>
  <testcase name="legalFinalTwoKillerVictoryStillRecoversThroughPostGameAndReplay()[desktop]" classname="com.parlor.games.whodunit.snapshot.WhodunitFinalTwoRecoveryTest" time="0.029"/>
  <testcase name="productionLocalResumeLoaderRejectsAnImpossibleTrustedPayload()[desktop]" classname="com.parlor.games.whodunit.snapshot.WhodunitFinalTwoRecoveryTest" time="0.025"/>
  <testcase name="currentEncoderRejectsEveryReopenedFinalTwoSubstate()[desktop]" classname="com.parlor.games.whodunit.snapshot.WhodunitFinalTwoRecoveryTest" time="0.018"/>
  <testcase name="bareLegacyPayloadCannotRepairAnImpossibleActiveFinalTwo()[desktop]" classname="com.parlor.games.whodunit.snapshot.WhodunitFinalTwoRecoveryTest" time="0.022"/>
  <testcase name="caseBoundRecoveryRejectsFinalTwoEvenWithTheCorrectContentIdentity()[desktop]" classname="com.parlor.games.whodunit.snapshot.WhodunitFinalTwoRecoveryTest" time="0.029"/>
  <system-out><![CDATA[]]></system-out>
  <system-err><![CDATA[]]></system-err>
</testsuite>
