<?xml version="1.0" encoding="UTF-8"?>
<testsuite name="com.parlor.session.multidevice.RetainedSessionOperationTest" tests="4" skipped="0" failures="0" errors="0" timestamp="2026-09-11T02:20:00.474Z" hostname="runnervmvmocb" time="0.031">
  <properties/>
  <testcase name="sessionCancellationIsNotMappedToAnOrdinaryFailure()[desktop]" classname="com.parlor.session.multidevice.RetainedSessionOperationTest" time="0.005"/>
  <testcase name="losingTheUiCallerDoesNotCancelProcessOwnedWork()[desktop]" classname="com.parlor.session.multidevice.RetainedSessionOperationTest" time="0.003"/>
  <testcase name="unexpectedFailureBecomesTheExplicitSafeState()[desktop]" classname="com.parlor.session.multidevice.RetainedSessionOperationTest" time="0.003"/>
  <testcase name="concurrentInstallersLaunchTheOperationExactlyOnce()[desktop]" classname="com.parlor.session.multidevice.RetainedSessionOperationTest" time="0.011"/>
  <system-out><![CDATA[]]></system-out>
  <system-err><![CDATA[]]></system-err>
</testsuite>
