<?xml version="1.0" encoding="UTF-8"?>
<testsuite name="com.parlor.designsystem.localization.IosLanguageOverrideOwnerTest" tests="11" skipped="0" failures="2" errors="0" timestamp="2026-09-05T20:33:04Z" hostname="192.168.1.11" time="0.013">
  <properties/>
  <testcase name="system_after_interrupted_lifetime_removes_only_owned_override[iosSimulatorArm64]" classname="com.parlor.designsystem.localization.IosLanguageOverrideOwnerTest" time="0.004">
    <failure message="kotlin.AssertionError: Expected &lt;[ar]&gt;, actual &lt;[en-EG, ar-EG]&gt;." type="kotlin.AssertionError">kotlin.AssertionError: Expected &lt;[ar]&gt;, actual &lt;[en-EG, ar-EG]&gt;.
	at kotlin.Error#&lt;init&gt;(Unknown Source)
	at kotlin.AssertionError#&lt;init&gt;(Unknown Source)
	at kotlin.test.DefaultAsserter#fail(Unknown Source)
	at kotlin.test.Asserter#fail(Unknown Source)
	at kotlin.test.Asserter#assertTrue(Unknown Source)
	at kotlin.test.Asserter#assertTrue(Unknown Source)
	at kotlin.test.Asserter#assertEquals(Unknown Source)
	at kotlin.test.Asserter#assertEquals(Unknown Source)
	at kotlin.test#assertEquals(Unknown Source)
	at kotlin.test#assertEquals$default(Unknown Source)
	at com.parlor.designsystem.localization.IosLanguageOverrideOwnerTest.IosLanguageOverrideOwnerTest$system_after_interrupted_lifetime_removes_only_owned_override$1.invoke#internal(Unknown Source)
	at com.parlor.designsystem.localization.IosLanguageOverrideOwnerTest.IosLanguageOverrideOwnerTest$system_after_interrupted_lifetime_removes_only_owned_override$1.$&lt;bridge-DNCC&gt;invoke(Unknown Source)
	at kotlin.Function2#invoke(Unknown Source)
	at com.parlor.designsystem.localization.IosLanguageOverrideOwnerTest.withSuite#internal(Unknown Source)
	at com.parlor.designsystem.localization.IosLanguageOverrideOwnerTest#system_after_interrupted_lifetime_removes_only_owned_override(Unknown Source)
	at com.parlor.designsystem.localization.$IosLanguageOverrideOwnerTest$test$0.$IosLanguageOverrideOwnerTest$test$0$$FUNCTION_REFERENCE_FOR$system_after_interrupted_lifetime_removes_only_owned_override$0.invoke#internal(Unknown Source)
	at com.parlor.designsystem.localization.$IosLanguageOverrideOwnerTest$test$0.$IosLanguageOverrideOwnerTest$test$0$$FUNCTION_REFERENCE_FOR$system_after_interrupted_lifetime_removes_only_owned_override$0.$&lt;bridge-DNC&gt;invoke(Unknown Source)
	at kotlin.Function1#invoke(Unknown Source)
	at kotlin.native.internal.test.BaseClassSuite.TestCase#doRun(Unknown Source)
	at kotlin.native.internal.test.TestCase#doRun(Unknown Source)
	at kotlin.native.internal.test.TestCase#run(Unknown Source)
	at kotlin.native.internal.test.TestCase#run(Unknown Source)
	at kotlin.native.internal.test.TestRunner.run#internal(Unknown Source)
	at kotlin.native.internal.test.TestRunner.runIteration#internal(Unknown Source)
	at kotlin.native.internal.test.TestRunner#run(Unknown Source)
	at kotlin.native.internal.test#testLauncherEntryPoint(Unknown Source)
	at kotlin.native.internal.test#main(Unknown Source)
	at &lt;global&gt;.Konan_start(Unknown Source)
	at &lt;global&gt;.Init_and_run_start(Unknown Source)
	at &lt;global&gt;.0x0(Unknown Source)
	at &lt;global&gt;.0x0(Unknown Source)
</failure>
  </testcase>
  <testcase name="explicit_choice_after_restart_keeps_original_os_value_for_later_system[iosSimulatorArm64]" classname="com.parlor.designsystem.localization.IosLanguageOverrideOwnerTest" time="0.0"/>
  <testcase name="fallback_language_is_never_promoted_to_the_application_domain[iosSimulatorArm64]" classname="com.parlor.designsystem.localization.IosLanguageOverrideOwnerTest" time="0.0"/>
  <testcase name="external_preference_changes_win_over_owned_cleanup[iosSimulatorArm64]" classname="com.parlor.designsystem.localization.IosLanguageOverrideOwnerTest" time="0.0"/>
  <testcase name="unmarked_identical_values_are_not_claimed_or_removed[iosSimulatorArm64]" classname="com.parlor.designsystem.localization.IosLanguageOverrideOwnerTest" time="0.0"/>
  <testcase name="interrupted_preparation_does_not_delete_an_unmodified_preference[iosSimulatorArm64]" classname="com.parlor.designsystem.localization.IosLanguageOverrideOwnerTest" time="0.0"/>
  <testcase name="malformed_owner_record_cannot_clear_os_preferences[iosSimulatorArm64]" classname="com.parlor.designsystem.localization.IosLanguageOverrideOwnerTest" time="0.001"/>
  <testcase name="malformed_previous_value_is_never_installed_as_a_language_array[iosSimulatorArm64]" classname="com.parlor.designsystem.localization.IosLanguageOverrideOwnerTest" time="0.0"/>
  <testcase name="interrupted_preparation_without_previous_value_keeps_fallback_unowned[iosSimulatorArm64]" classname="com.parlor.designsystem.localization.IosLanguageOverrideOwnerTest" time="0.0">
    <failure message="kotlin.AssertionError: Expected &lt;[ar]&gt;, actual &lt;[en-EG, ar-EG]&gt;." type="kotlin.AssertionError">kotlin.AssertionError: Expected &lt;[ar]&gt;, actual &lt;[en-EG, ar-EG]&gt;.
	at kotlin.Error#&lt;init&gt;(Unknown Source)
	at kotlin.AssertionError#&lt;init&gt;(Unknown Source)
	at kotlin.test.DefaultAsserter#fail(Unknown Source)
	at kotlin.test.Asserter#fail(Unknown Source)
	at kotlin.test.Asserter#assertTrue(Unknown Source)
	at kotlin.test.Asserter#assertTrue(Unknown Source)
	at kotlin.test.Asserter#assertEquals(Unknown Source)
	at kotlin.test.Asserter#assertEquals(Unknown Source)
	at kotlin.test#assertEquals(Unknown Source)
	at kotlin.test#assertEquals$default(Unknown Source)
	at com.parlor.designsystem.localization.IosLanguageOverrideOwnerTest.IosLanguageOverrideOwnerTest$interrupted_preparation_without_previous_value_keeps_fallback_unowned$1.invoke#internal(Unknown Source)
	at com.parlor.designsystem.localization.IosLanguageOverrideOwnerTest.IosLanguageOverrideOwnerTest$interrupted_preparation_without_previous_value_keeps_fallback_unowned$1.$&lt;bridge-DNCC&gt;invoke(Unknown Source)
	at kotlin.Function2#invoke(Unknown Source)
	at com.parlor.designsystem.localization.IosLanguageOverrideOwnerTest.withSuite#internal(Unknown Source)
	at com.parlor.designsystem.localization.IosLanguageOverrideOwnerTest#interrupted_preparation_without_previous_value_keeps_fallback_unowned(Unknown Source)
	at com.parlor.designsystem.localization.$IosLanguageOverrideOwnerTest$test$0.$IosLanguageOverrideOwnerTest$test$0$$FUNCTION_REFERENCE_FOR$interrupted_preparation_without_previous_value_keeps_fallback_unowned$8.invoke#internal(Unknown Source)
	at com.parlor.designsystem.localization.$IosLanguageOverrideOwnerTest$test$0.$IosLanguageOverrideOwnerTest$test$0$$FUNCTION_REFERENCE_FOR$interrupted_preparation_without_previous_value_keeps_fallback_unowned$8.$&lt;bridge-DNC&gt;invoke(Unknown Source)
	at kotlin.Function1#invoke(Unknown Source)
	at kotlin.native.internal.test.BaseClassSuite.TestCase#doRun(Unknown Source)
	at kotlin.native.internal.test.TestCase#doRun(Unknown Source)
	at kotlin.native.internal.test.TestCase#run(Unknown Source)
	at kotlin.native.internal.test.TestCase#run(Unknown Source)
	at kotlin.native.internal.test.TestRunner.run#internal(Unknown Source)
	at kotlin.native.internal.test.TestRunner.runIteration#internal(Unknown Source)
	at kotlin.native.internal.test.TestRunner#run(Unknown Source)
	at kotlin.native.internal.test#testLauncherEntryPoint(Unknown Source)
	at kotlin.native.internal.test#main(Unknown Source)
	at &lt;global&gt;.Konan_start(Unknown Source)
	at &lt;global&gt;.Init_and_run_start(Unknown Source)
	at &lt;global&gt;.0x0(Unknown Source)
	at &lt;global&gt;.0x0(Unknown Source)
</failure>
  </testcase>
  <testcase name="interrupted_release_cannot_restore_over_a_new_os_preference[iosSimulatorArm64]" classname="com.parlor.designsystem.localization.IosLanguageOverrideOwnerTest" time="0.0"/>
  <testcase name="multiple_runtime_switches_restore_original_preference[iosSimulatorArm64]" classname="com.parlor.designsystem.localization.IosLanguageOverrideOwnerTest" time="0.0"/>
  <system-out><![CDATA[]]></system-out>
  <system-err><![CDATA[]]></system-err>
</testsuite>
