<?xml version="1.0" encoding="UTF-8"?>
<testsuite name="com.parlor.transport.p2p.AppLifecycleRoomCoordinatorTest" tests="2" skipped="0" failures="0" errors="0" timestamp="2026-09-11T04:32:04.777Z" hostname="sat12-bq163-1e250769-ccc8-443f-bbe9-120478f86585-42B437C300ED.local" time="0.001">
  <properties/>
  <testcase name="foreground_cannot_be_overtaken_by_background_captured_during_room_registration[iosSimulatorArm64]" classname="com.parlor.transport.p2p.AppLifecycleRoomCoordinatorTest" time="0.001"/>
  <testcase name="close_from_an_old_generation_cannot_detach_the_replacement_room[iosSimulatorArm64]" classname="com.parlor.transport.p2p.AppLifecycleRoomCoordinatorTest" time="0.0"/>
  <system-out><![CDATA[]]></system-out>
  <system-err><![CDATA[]]></system-err>
</testsuite>
