<?xml version="1.0" encoding="UTF-8"?>
<testsuite name="com.parlor.networking.room.LocalRoomRetryContractTest" tests="3" skipped="0" failures="0" errors="0" timestamp="2026-09-10T00:22:48.816Z" hostname="runnervmfx5wp" time="0.178">
  <properties/>
  <testcase name="fallback retry close propagates fatal errors()[desktop]" classname="com.parlor.networking.room.LocalRoomRetryContractTest" time="0.167"/>
  <testcase name="fallback retry close maps an ordinary adapter exception()[desktop]" classname="com.parlor.networking.room.LocalRoomRetryContractTest" time="0.006"/>
  <testcase name="fallback retry close propagates cancellation()[desktop]" classname="com.parlor.networking.room.LocalRoomRetryContractTest" time="0.003"/>
  <system-out><![CDATA[]]></system-out>
  <system-err><![CDATA[]]></system-err>
</testsuite>
