<?xml version="1.0" encoding="UTF-8"?>
<testsuite name="com.parlor.networking.testing.InMemoryRoomBusTest" tests="4" skipped="0" failures="0" errors="0" timestamp="2026-09-10T10:24:01.419Z" hostname="sat12-dp154-36996618-5f4a-4d98-9513-702817e31499-5E584092C79C.local" time="0.0">
  <properties/>
  <testcase name="direct send to an unknown peer fails instead of disappearing[iosSimulatorArm64]" classname="com.parlor.networking.testing.InMemoryRoomBusTest" time="0.0"/>
  <testcase name="peer to host overflow is non blocking and observable[iosSimulatorArm64]" classname="com.parlor.networking.testing.InMemoryRoomBusTest" time="0.0"/>
  <testcase name="broadcast skips a full peer without blocking other peers[iosSimulatorArm64]" classname="com.parlor.networking.testing.InMemoryRoomBusTest" time="0.0"/>
  <testcase name="peer event overflow is non blocking and observable[iosSimulatorArm64]" classname="com.parlor.networking.testing.InMemoryRoomBusTest" time="0.0"/>
  <system-out><![CDATA[]]></system-out>
  <system-err><![CDATA[]]></system-err>
</testsuite>
