<?xml version="1.0" encoding="UTF-8"?>
<testsuite name="com.parlor.content.schema.IntRangePairSerializerTest" tests="2" skipped="0" failures="0" errors="0" timestamp="2026-09-10T10:25:03.551Z" hostname="runnervmejwal" time="0.003">
  <properties/>
  <testcase name="correctedDescriptorPreservesTheExistingWireFormat()" classname="com.parlor.content.schema.IntRangePairSerializerTest" time="0.001"/>
  <testcase name="descriptorMatchesTheJsonArrayWireShape()" classname="com.parlor.content.schema.IntRangePairSerializerTest" time="0.001"/>
  <system-out><![CDATA[]]></system-out>
  <system-err><![CDATA[]]></system-err>
</testsuite>
