<?xml version="1.0" encoding="UTF-8"?>
<testsuite name="com.parlor.networking.testing.InMemoryRoomBusTest" tests="4" skipped="0" failures="0" errors="0" timestamp="2026-09-11T14:36:43.068Z" hostname="iad01-dz252-1ad49659-740d-4c73-a24e-ce5d11b7a3c3-EA47144733B8.local" time="0.052">
  <properties/>
  <testcase name="direct send to an unknown peer fails instead of disappearing()[desktop]" classname="com.parlor.networking.testing.InMemoryRoomBusTest" time="0.009"/>
  <testcase name="peer to host overflow is non blocking and observable()[desktop]" classname="com.parlor.networking.testing.InMemoryRoomBusTest" time="0.007"/>
  <testcase name="broadcast skips a full peer without blocking other peers()[desktop]" classname="com.parlor.networking.testing.InMemoryRoomBusTest" time="0.007"/>
  <testcase name="peer event overflow is non blocking and observable()[desktop]" classname="com.parlor.networking.testing.InMemoryRoomBusTest" time="0.013"/>
  <system-out><![CDATA[]]></system-out>
  <system-err><![CDATA[]]></system-err>
</testsuite>
