<?xml version="1.0" encoding="UTF-8"?>
<testsuite name="com.parlor.designsystem.components.ParlorToastLifetimeTest" tests="3" skipped="0" failures="0" errors="0" timestamp="2026-09-11T04:23:57.450Z" hostname="sat12-jr310-6720aefa-0827-4506-9894-a2a62c6bfd2b-DA71CD50CE1B.local" time="5.962">
  <properties/>
  <testcase name="replacement_state_owner_with_same_numeric_id_gets_its_own_lifetime()[desktop]" classname="com.parlor.designsystem.components.ParlorToastLifetimeTest" time="5.203"/>
  <testcase name="replacement_after_automatic_dismiss_gets_fresh_visibility_and_timer()[desktop]" classname="com.parlor.designsystem.components.ParlorToastLifetimeTest" time="0.527"/>
  <testcase name="identical_text_after_automatic_dismiss_is_a_new_lifetime()[desktop]" classname="com.parlor.designsystem.components.ParlorToastLifetimeTest" time="0.23"/>
  <system-out><![CDATA[]]></system-out>
  <system-err><![CDATA[]]></system-err>
</testsuite>
