<?xml version="1.0" encoding="UTF-8"?>
<testsuite name="com.parlor.transport.p2p.HostOpeningCancellationTest" tests="5" skipped="0" failures="0" errors="0" timestamp="2026-09-06T07:42:49.893Z" hostname="192.168.1.5" time="0.029">
  <properties/>
  <testcase name="cancelledRegistrationClosesRoomBeforeQueuedForegroundCanReviveIt()[desktop]" classname="com.parlor.transport.p2p.HostOpeningCancellationTest" time="0.022"/>
  <testcase name="returnedHostRetainsOwnershipUntilIdempotentLeave()[desktop]" classname="com.parlor.transport.p2p.HostOpeningCancellationTest" time="0.001"/>
  <testcase name="registrationFailureClosesUnreturnedRoomAndDetachesLifecycle()[desktop]" classname="com.parlor.transport.p2p.HostOpeningCancellationTest" time="0.003"/>
  <testcase name="cancellationDuringAdvertisingClosesArmedRoom()[desktop]" classname="com.parlor.transport.p2p.HostOpeningCancellationTest" time="0.002"/>
  <testcase name="cancellationDuringKitStartStopsUnownedKit()[desktop]" classname="com.parlor.transport.p2p.HostOpeningCancellationTest" time="0.001"/>
  <system-out><![CDATA[]]></system-out>
  <system-err><![CDATA[]]></system-err>
</testsuite>
