<?xml version="1.0" encoding="UTF-8"?>
<testsuite name="com.parlor.core.versioning.SemVerTest" tests="2" skipped="0" failures="0" errors="0" timestamp="2026-09-11T14:35:38.806Z" hostname="iad01-dz252-1ad49659-740d-4c73-a24e-ce5d11b7a3c3-EA47144733B8.local" time="0.206">
  <properties/>
  <testcase name="parse_accepts_one_to_three_non_negative_integer_components()[desktop]" classname="com.parlor.core.versioning.SemVerTest" time="0.042"/>
  <testcase name="parse_rejects_missing_extra_negative_and_non_numeric_components()[desktop]" classname="com.parlor.core.versioning.SemVerTest" time="0.16"/>
  <system-out><![CDATA[]]></system-out>
  <system-err><![CDATA[]]></system-err>
</testsuite>
