<?xml version="1.0" encoding="UTF-8"?>
<testsuite name="com.parlor.games.whodunit.ui.flow.PeerReadinessRemountTest" tests="12" skipped="0" failures="0" errors="0" timestamp="2026-09-10T03:12:23.066Z" hostname="runnervmeef0v" time="0.698">
  <properties/>
  <testcase name="introAcknowledgementDoesNotRepeatAfterCommandCoverRemount()[desktop]" classname="com.parlor.games.whodunit.ui.flow.PeerReadinessRemountTest" time="0.123"/>
  <testcase name="freshIntroSnapshotWinsOverAStaleComposeProjection()[desktop]" classname="com.parlor.games.whodunit.ui.flow.PeerReadinessRemountTest" time="0.052"/>
  <testcase name="replayInTheSameRenderedPhaseAcknowledgesTheNewGeneration()[desktop]" classname="com.parlor.games.whodunit.ui.flow.PeerReadinessRemountTest" time="0.044"/>
  <testcase name="replayBeforeEffectDoesNotAcknowledgeTheStaleAssignmentGeneration()[desktop]" classname="com.parlor.games.whodunit.ui.flow.PeerReadinessRemountTest" time="0.04"/>
  <testcase name="freshBriefingSnapshotWinsOverAStaleComposeProjection()[desktop]" classname="com.parlor.games.whodunit.ui.flow.PeerReadinessRemountTest" time="0.04"/>
  <testcase name="acknowledgedBriefingSurvivesUiRecreationAndDisconnectPause()[desktop]" classname="com.parlor.games.whodunit.ui.flow.PeerReadinessRemountTest" time="0.049"/>
  <testcase name="rejectionWithoutHostAcknowledgementDoesNotCreateOptimisticReadiness()[desktop]" classname="com.parlor.games.whodunit.ui.flow.PeerReadinessRemountTest" time="0.065"/>
  <testcase name="briefingAcknowledgementDoesNotRepeatAfterCommandCoverRemount()[desktop]" classname="com.parlor.games.whodunit.ui.flow.PeerReadinessRemountTest" time="0.081"/>
  <testcase name="phaseChangeBeforeEffectDoesNotSendThePreviousPhaseAcknowledgement()[desktop]" classname="com.parlor.games.whodunit.ui.flow.PeerReadinessRemountTest" time="0.043"/>
  <testcase name="aReplacementControllerRechecksReadinessInTheSamePhase()[desktop]" classname="com.parlor.games.whodunit.ui.flow.PeerReadinessRemountTest" time="0.043"/>
  <testcase name="unrelatedBriefingUpdatesDoNotResendWhileAuthorityHasNotResponded()[desktop]" classname="com.parlor.games.whodunit.ui.flow.PeerReadinessRemountTest" time="0.053"/>
  <testcase name="acknowledgedIntroSurvivesUiRecreationAndDisconnectPause()[desktop]" classname="com.parlor.games.whodunit.ui.flow.PeerReadinessRemountTest" time="0.06"/>
  <system-out><![CDATA[]]></system-out>
  <system-err><![CDATA[]]></system-err>
</testsuite>
