<?xml version="1.0" encoding="UTF-8"?>
<testsuite name="com.parlor.games.whodunit.domain.CluePolicyTest" tests="5" skipped="0" failures="0" errors="0" timestamp="2026-09-10T03:12:11.351Z" hostname="runnervmeef0v" time="0.461">
  <properties/>
  <testcase name="admittedCaseNeverDrawsTheSameClueTwice()[desktop]" classname="com.parlor.games.whodunit.domain.CluePolicyTest" time="0.105"/>
  <testcase name="sameSeedProducesSameClueSequence()[desktop]" classname="com.parlor.games.whodunit.domain.CluePolicyTest" time="0.19"/>
  <testcase name="differentSeedsProduceAtLeastOneDifferentSequence()[desktop]" classname="com.parlor.games.whodunit.domain.CluePolicyTest" time="0.122"/>
  <testcase name="lastRoundAlwaysUsesFinalStrongWhenAvailable()[desktop]" classname="com.parlor.games.whodunit.domain.CluePolicyTest" time="0.028"/>
  <testcase name="exhaustedCluePoolsAreRejectedBeforeReducerUse()[desktop]" classname="com.parlor.games.whodunit.domain.CluePolicyTest" time="0.004"/>
  <system-out><![CDATA[]]></system-out>
  <system-err><![CDATA[]]></system-err>
</testsuite>
