<?xml version="1.0" encoding="UTF-8"?>
<testsuite name="com.parlor.networking.room.RoomInputPolicyTest" tests="5" skipped="0" failures="0" errors="0" timestamp="2026-09-07T18:46:19.056Z" hostname="sjc22-bt146-8f4d4f03-7fdb-429a-93ad-e2b2b69599d7-06C462B10F07.local" time="0.0">
  <properties/>
  <testcase name="room_codes_are_exact_unambiguous_ascii[iosSimulatorArm64]" classname="com.parlor.networking.room.RoomInputPolicyTest" time="0.0"/>
  <testcase name="room_code_normalization_drops_formatting_and_ambiguous_characters[iosSimulatorArm64]" classname="com.parlor.networking.room.RoomInputPolicyTest" time="0.0"/>
  <testcase name="display_names_support_international_text_but_reject_control_and_bidi_formatting[iosSimulatorArm64]" classname="com.parlor.networking.room.RoomInputPolicyTest" time="0.0"/>
  <testcase name="display_name_sanitization_never_splits_a_unicode_surrogate_pair[iosSimulatorArm64]" classname="com.parlor.networking.room.RoomInputPolicyTest" time="0.0"/>
  <testcase name="display_name_rosters_require_valid_canonical_exactly_distinct_names[iosSimulatorArm64]" classname="com.parlor.networking.room.RoomInputPolicyTest" time="0.0"/>
  <system-out><![CDATA[]]></system-out>
  <system-err><![CDATA[]]></system-err>
</testsuite>
