<?xml version="1.0" encoding="UTF-8"?>
<testsuite name="com.parlor.games.mafia.ui.screens.MafiaTallyLayoutTest" tests="8" skipped="0" failures="0" errors="0" timestamp="2026-09-10T10:20:17.587Z" hostname="iad01-dz251-152fa2dc-c3f6-4481-8767-d32a9511f474-CE844A2E315A.local" time="2.005">
  <properties/>
  <testcase name="compact_large_text_arabic_mafia_revote_tally_keeps_each_count_visible()[desktop]" classname="com.parlor.games.mafia.ui.screens.MafiaTallyLayoutTest" time="0.412"/>
  <testcase name="compact_large_text_english_mafia_revote_tally_keeps_each_count_visible()[desktop]" classname="com.parlor.games.mafia.ui.screens.MafiaTallyLayoutTest" time="0.31"/>
  <testcase name="compact_large_text_english_day_tally_keeps_each_count_visible()[desktop]" classname="com.parlor.games.mafia.ui.screens.MafiaTallyLayoutTest" time="0.265"/>
  <testcase name="compact_arabic_mafia_revote_tally_keeps_each_count_visible()[desktop]" classname="com.parlor.games.mafia.ui.screens.MafiaTallyLayoutTest" time="0.201"/>
  <testcase name="compact_english_mafia_revote_tally_keeps_each_count_visible()[desktop]" classname="com.parlor.games.mafia.ui.screens.MafiaTallyLayoutTest" time="0.109"/>
  <testcase name="compact_english_day_tally_keeps_each_count_visible()[desktop]" classname="com.parlor.games.mafia.ui.screens.MafiaTallyLayoutTest" time="0.363"/>
  <testcase name="compact_large_text_arabic_day_tally_keeps_each_count_visible()[desktop]" classname="com.parlor.games.mafia.ui.screens.MafiaTallyLayoutTest" time="0.256"/>
  <testcase name="compact_arabic_day_tally_keeps_each_count_visible()[desktop]" classname="com.parlor.games.mafia.ui.screens.MafiaTallyLayoutTest" time="0.083"/>
  <system-out><![CDATA[]]></system-out>
  <system-err><![CDATA[]]></system-err>
</testsuite>
