<?xml version="1.0" encoding="UTF-8"?>
<testsuite name="com.parlor.games.mafia.multidevice.MafiaDoctorLanTest" tests="2" skipped="0" failures="0" errors="0" timestamp="2026-09-10T10:20:09.274Z" hostname="iad01-dz251-152fa2dc-c3f6-4481-8767-d32a9511f474-CE844A2E315A.local" time="1.871">
  <properties/>
  <testcase name="only_host_can_commit_setup_selection_and_no_one_can_change_it_after_start()[desktop]" classname="com.parlor.games.mafia.multidevice.MafiaDoctorLanTest" time="0.779"/>
  <testcase name="rejoin_preserves_doctor_restriction_setting_and_first_submission_without_host_secrets()[desktop]" classname="com.parlor.games.mafia.multidevice.MafiaDoctorLanTest" time="1.09"/>
  <system-out><![CDATA[]]></system-out>
  <system-err><![CDATA[]]></system-err>
</testsuite>
