<?xml version="1.0" encoding="UTF-8"?>
<testsuite name="com.parlor.games.mafia.multidevice.MafiaProjectionLeakTest" tests="3" skipped="0" failures="0" errors="0" timestamp="2026-09-10T10:20:11.432Z" hostname="iad01-dz251-152fa2dc-c3f6-4481-8767-d32a9511f474-CE844A2E315A.local" time="0.014">
  <properties/>
  <testcase name="no_non_mafia_projection_references_any_mafia_private_data()[desktop]" classname="com.parlor.games.mafia.multidevice.MafiaProjectionLeakTest" time="0.009"/>
  <testcase name="public_projection_never_carries_private_or_host_only_buckets()[desktop]" classname="com.parlor.games.mafia.multidevice.MafiaProjectionLeakTest" time="0.001"/>
  <testcase name="no_non_detective_projection_references_any_detective_result()[desktop]" classname="com.parlor.games.mafia.multidevice.MafiaProjectionLeakTest" time="0.001"/>
  <system-out><![CDATA[]]></system-out>
  <system-err><![CDATA[]]></system-err>
</testsuite>
