<?xml version="1.0" encoding="UTF-8"?>
<testsuite name="com.parlor.games.whodunit.ui.WhodunitCasePickerScreenTest" tests="1" skipped="0" failures="0" errors="0" timestamp="2026-09-05T08:41:37.573Z" hostname="192.168.1.11" time="0.151">
  <properties/>
  <testcase name="language_filter_without_matching_cases_explains_the_empty_result()[desktop]" classname="com.parlor.games.whodunit.ui.WhodunitCasePickerScreenTest" time="0.151"/>
  <system-out><![CDATA[]]></system-out>
  <system-err><![CDATA[]]></system-err>
</testsuite>
