<?xml version="1.0" encoding="UTF-8"?>
<testsuite name="com.parlor.designsystem.components.SessionExitBackPolicyTest" tests="2" skipped="0" failures="0" errors="0" timestamp="2026-09-11T14:33:52.871Z" hostname="runnervmvmocb" time="0.009">
  <properties/>
  <testcase name="active_local_sessions_always_confirm_before_the_save_transaction()[desktop]" classname="com.parlor.designsystem.components.SessionExitBackPolicyTest" time="0.004"/>
  <testcase name="multiplayer_setup_exits_immediately_but_started_games_confirm()[desktop]" classname="com.parlor.designsystem.components.SessionExitBackPolicyTest" time="0.003"/>
  <system-out><![CDATA[]]></system-out>
  <system-err><![CDATA[]]></system-err>
</testsuite>
