<?xml version="1.0" encoding="UTF-8"?>
<testsuite name="com.parlor.games.whodunit.snapshot.WhodunitLegacySnapshotGoldenTest" tests="1" skipped="0" failures="0" errors="0" timestamp="2026-09-06T06:42:29.003Z" hostname="192.168.1.19" time="0.003">
  <properties/>
  <testcase name="checkpoint8186f7dPayloadsRetainTheirGeneratedBytesAndMigrateDeterministically()[desktop]" classname="com.parlor.games.whodunit.snapshot.WhodunitLegacySnapshotGoldenTest" time="0.003"/>
  <system-out><![CDATA[]]></system-out>
  <system-err><![CDATA[]]></system-err>
</testsuite>
