<?xml version="1.0" encoding="UTF-8"?>
<testsuite name="com.parlor.games.whodunit.content.TestingStoryCompatibilityTest" tests="4" skipped="0" failures="0" errors="0" timestamp="2026-09-06T06:42:24.704Z" hostname="192.168.1.19" time="0.172">
  <properties/>
  <testcase name="correctedStoriesDoNotReuseAnyOriginalCanonicalContentDigest()[desktop]" classname="com.parlor.games.whodunit.content.TestingStoryCompatibilityTest" time="0.021"/>
  <testcase name="currentSaveRoundTripsButOldOrCrossedIdentityIsRetainedAndRejected()[desktop]" classname="com.parlor.games.whodunit.content.TestingStoryCompatibilityTest" time="0.11"/>
  <testcase name="identityLessPreClueSavesCannotSilentlyBindToInstalledStoryProse()[desktop]" classname="com.parlor.games.whodunit.content.TestingStoryCompatibilityTest" time="0.021"/>
  <testcase name="lanOffersMatchOnlyTheExactLoadedRevisionForAllCorrectedCasesAndModes()[desktop]" classname="com.parlor.games.whodunit.content.TestingStoryCompatibilityTest" time="0.019"/>
  <system-out><![CDATA[]]></system-out>
  <system-err><![CDATA[]]></system-err>
</testsuite>
