<?xml version="1.0" encoding="UTF-8"?>
<testsuite name="com.parlor.engine.testing.fakes.RrSnapshotCodecTest" tests="2" skipped="0" failures="0" errors="0" timestamp="2026-09-10T00:22:45.228Z" hostname="runnervmfx5wp" time="0.12">
  <properties/>
  <testcase name="round_trip_preserves_the_complete_fixture_state()[desktop]" classname="com.parlor.engine.testing.fakes.RrSnapshotCodecTest" time="0.112"/>
  <testcase name="malformed_payload_is_rejected_instead_of_fabricating_state()[desktop]" classname="com.parlor.engine.testing.fakes.RrSnapshotCodecTest" time="0.005"/>
  <system-out><![CDATA[]]></system-out>
  <system-err><![CDATA[]]></system-err>
</testsuite>
