<?xml version="1.0" encoding="UTF-8"?>
<testsuite name="com.parlor.games.whodunit.snapshot.WhodunitSnapshotValidationTest" tests="46" skipped="0" failures="0" errors="0" timestamp="2026-09-11T04:21:16.229Z" hostname="runnervmec22z" time="0.064">
  <properties/>
  <testcase name="retiredPrivateReviewFlagIsRejectedEvenDuringCharacterReveal()[desktop]" classname="com.parlor.games.whodunit.snapshot.WhodunitSnapshotValidationTest" time="0.0"/>
  <testcase name="reducerGeneratedEliminationFinalTwoRoundTripsAndIsValidForPeerInstallation()[desktop]" classname="com.parlor.games.whodunit.snapshot.WhodunitSnapshotValidationTest" time="0.001"/>
  <testcase name="syntacticallyValidSnapshotWithOverlappingVoteAndAbstentionIsRejected()[desktop]" classname="com.parlor.games.whodunit.snapshot.WhodunitSnapshotValidationTest" time="0.001"/>
  <testcase name="currentWritesUseTheExplicitCanonicalSnapshotEnvelope()[desktop]" classname="com.parlor.games.whodunit.snapshot.WhodunitSnapshotValidationTest" time="0.001"/>
  <testcase name="oversizedSnapshotIsRejectedBeforeJsonParsing()[desktop]" classname="com.parlor.games.whodunit.snapshot.WhodunitSnapshotValidationTest" time="0.003"/>
  <testcase name="snapshotDecodeAcceptsStructurallyValidButCaseInconsistentClueUntilCaseBinding()[desktop]" classname="com.parlor.games.whodunit.snapshot.WhodunitSnapshotValidationTest" time="0.001"/>
  <testcase name="exactDuplicateRosterNamesAreRejectedBySnapshotRecovery()[desktop]" classname="com.parlor.games.whodunit.snapshot.WhodunitSnapshotValidationTest" time="0.0"/>
  <testcase name="classicFinalBallotMustUseTheExactCanonicalRosterAndCandidates()[desktop]" classname="com.parlor.games.whodunit.snapshot.WhodunitSnapshotValidationTest" time="0.001"/>
  <testcase name="privateRevealFlagsCannotSurviveOutsideCharacterReveal()[desktop]" classname="com.parlor.games.whodunit.snapshot.WhodunitSnapshotValidationTest" time="0.0"/>
  <testcase name="reservedEnvelopeKeysCannotFallBackToLegacyDecoding()[desktop]" classname="com.parlor.games.whodunit.snapshot.WhodunitSnapshotValidationTest" time="0.0"/>
  <testcase name="eliminatedAudienceCannotBeRestoredAsGameplayDisconnected()[desktop]" classname="com.parlor.games.whodunit.snapshot.WhodunitSnapshotValidationTest" time="0.002"/>
  <testcase name="revealedCluesMustBeOrderedAndWithinCurrentRound()[desktop]" classname="com.parlor.games.whodunit.snapshot.WhodunitSnapshotValidationTest" time="0.001"/>
  <testcase name="simultaneousCharacterRevealRejectsLegacySequentialCursor()[desktop]" classname="com.parlor.games.whodunit.snapshot.WhodunitSnapshotValidationTest" time="0.001"/>
  <testcase name="collectingVoteMustContainCanonicalBallotPrefix()[desktop]" classname="com.parlor.games.whodunit.snapshot.WhodunitSnapshotValidationTest" time="0.0"/>
  <testcase name="viewedRoleCannotRetainPrivateRevealFlags()[desktop]" classname="com.parlor.games.whodunit.snapshot.WhodunitSnapshotValidationTest" time="0.0"/>
  <testcase name="aLaterRoundCannotResumeWithoutItsContiguousPriorClues()[desktop]" classname="com.parlor.games.whodunit.snapshot.WhodunitSnapshotValidationTest" time="0.0"/>
  <testcase name="assignmentGenerationMustMatchWhetherRolesExist()[desktop]" classname="com.parlor.games.whodunit.snapshot.WhodunitSnapshotValidationTest" time="0.0"/>
  <testcase name="currentRoundCannotExceedModeMaximum()[desktop]" classname="com.parlor.games.whodunit.snapshot.WhodunitSnapshotValidationTest" time="0.0"/>
  <testcase name="revoteCandidatesNeedAtLeastTwoAndCanonicalTableOrder()[desktop]" classname="com.parlor.games.whodunit.snapshot.WhodunitSnapshotValidationTest" time="0.001"/>
  <testcase name="voteAndVerdictCannotBeAttachedToAnUnreachablePhaseOrKiller()[desktop]" classname="com.parlor.games.whodunit.snapshot.WhodunitSnapshotValidationTest" time="0.001"/>
  <testcase name="peerFinalTwoProjectionRejectsAKnownKillerInTheEliminationHistory()[desktop]" classname="com.parlor.games.whodunit.snapshot.WhodunitSnapshotValidationTest" time="0.001"/>
  <testcase name="loadedCaseBoundaryRejectsStaleCaseAndUnknownAssignedCharacter()[desktop]" classname="com.parlor.games.whodunit.snapshot.WhodunitSnapshotValidationTest" time="0.002"/>
  <testcase name="legacyTieCountdownIsNormalizedToExplicitlyUntimedState()[desktop]" classname="com.parlor.games.whodunit.snapshot.WhodunitSnapshotValidationTest" time="0.001"/>
  <testcase name="validAuthoritativeStateStillRoundTripsExactly()[desktop]" classname="com.parlor.games.whodunit.snapshot.WhodunitSnapshotValidationTest" time="0.001"/>
  <testcase name="earlyTerminationClearsPhaseLocalStateBeforeItCanBePersisted()[desktop]" classname="com.parlor.games.whodunit.snapshot.WhodunitSnapshotValidationTest" time="0.001"/>
  <testcase name="syntacticallyValidSnapshotWithDivergentRosterIsRejected()[desktop]" classname="com.parlor.games.whodunit.snapshot.WhodunitSnapshotValidationTest" time="0.0"/>
  <testcase name="activeStateCannotContainAFormerlyDroppedCompatibilitySeat()[desktop]" classname="com.parlor.games.whodunit.snapshot.WhodunitSnapshotValidationTest" time="0.0"/>
  <testcase name="currentSnapshotPreservesLaterAssignmentGeneration()[desktop]" classname="com.parlor.games.whodunit.snapshot.WhodunitSnapshotValidationTest" time="0.0"/>
  <testcase name="loadedCaseBoundaryRejectsUnknownOrChangedClue()[desktop]" classname="com.parlor.games.whodunit.snapshot.WhodunitSnapshotValidationTest" time="0.002"/>
  <testcase name="graceExpiryRevealRoundTripsAndIsValidForPeerInstallation()[desktop]" classname="com.parlor.games.whodunit.snapshot.WhodunitSnapshotValidationTest" time="0.002"/>
  <testcase name="eliminationTerminalOutcomesRejectReducerImpossibleHistories()[desktop]" classname="com.parlor.games.whodunit.snapshot.WhodunitSnapshotValidationTest" time="0.003"/>
  <testcase name="legacyAssignedSnapshotWithoutGenerationMigratesButExplicitZeroDoesNot()[desktop]" classname="com.parlor.games.whodunit.snapshot.WhodunitSnapshotValidationTest" time="0.001"/>
  <testcase name="eliminationProgressCannotOutrunRoundsOrEliminateTheKillerBeforeTerminalVictory()[desktop]" classname="com.parlor.games.whodunit.snapshot.WhodunitSnapshotValidationTest" time="0.002"/>
  <testcase name="currentEnvelopeNeverReceivesLegacyMissingFieldRepair()[desktop]" classname="com.parlor.games.whodunit.snapshot.WhodunitSnapshotValidationTest" time="0.001"/>
  <testcase name="activeTimerRequiresCurrentRoundClue()[desktop]" classname="com.parlor.games.whodunit.snapshot.WhodunitSnapshotValidationTest" time="0.001"/>
  <testcase name="syntacticallyValidSnapshotWithTwoKillersIsRejected()[desktop]" classname="com.parlor.games.whodunit.snapshot.WhodunitSnapshotValidationTest" time="0.001"/>
  <testcase name="unassigned_terminal_state_accepts_only_the_exact_setup_disconnect_cancellation_shape()[desktop]" classname="com.parlor.games.whodunit.snapshot.WhodunitSnapshotValidationTest" time="0.001"/>
  <testcase name="malformedUtf8IsRejectedBeforeJsonInterpretation()[desktop]" classname="com.parlor.games.whodunit.snapshot.WhodunitSnapshotValidationTest" time="0.0"/>
  <testcase name="syntacticallyValidSnapshotWithIncompletePrivateMapIsRejected()[desktop]" classname="com.parlor.games.whodunit.snapshot.WhodunitSnapshotValidationTest" time="0.0"/>
  <testcase name="phaseSpecificReadinessAndBriefingCursorCannotLeakIntoAnotherPhase()[desktop]" classname="com.parlor.games.whodunit.snapshot.WhodunitSnapshotValidationTest" time="0.001"/>
  <testcase name="peerCaseBoundaryRejectsFinalFallbackWhilePreferredEvidenceIsAvailable()[desktop]" classname="com.parlor.games.whodunit.snapshot.WhodunitSnapshotValidationTest" time="0.001"/>
  <testcase name="peerCaseBoundaryBindsClueHistoryToTheTerminalVerdictCharacter()[desktop]" classname="com.parlor.games.whodunit.snapshot.WhodunitSnapshotValidationTest" time="0.001"/>
  <testcase name="callerJsonSettingsCannotMakeSnapshotDecodingPermissive()[desktop]" classname="com.parlor.games.whodunit.snapshot.WhodunitSnapshotValidationTest" time="0.001"/>
  <testcase name="loadedCaseBoundaryAcceptsMatchingAssignedState()[desktop]" classname="com.parlor.games.whodunit.snapshot.WhodunitSnapshotValidationTest" time="0.001"/>
  <testcase name="legacySnapshotReconstructsFilteredKillerTargetsFromHostAuthority()[desktop]" classname="com.parlor.games.whodunit.snapshot.WhodunitSnapshotValidationTest" time="0.0"/>
  <testcase name="currentEnvelopeRejectsWrongKindUnknownSchemaAndUnknownFields()[desktop]" classname="com.parlor.games.whodunit.snapshot.WhodunitSnapshotValidationTest" time="0.0"/>
  <system-out><![CDATA[]]></system-out>
  <system-err><![CDATA[]]></system-err>
</testsuite>
