<?xml version="1.0" encoding="UTF-8"?>
<testsuite name="com.parlor.games.whodunit.ui.flow.PeerReadinessRemountTest" tests="12" skipped="0" failures="0" errors="0" timestamp="2026-09-10T10:17:21.646Z" hostname="runnervmvmocb" time="0.855">
  <properties/>
  <testcase name="introAcknowledgementDoesNotRepeatAfterCommandCoverRemount()[desktop]" classname="com.parlor.games.whodunit.ui.flow.PeerReadinessRemountTest" time="0.277"/>
  <testcase name="freshIntroSnapshotWinsOverAStaleComposeProjection()[desktop]" classname="com.parlor.games.whodunit.ui.flow.PeerReadinessRemountTest" time="0.045"/>
  <testcase name="replayInTheSameRenderedPhaseAcknowledgesTheNewGeneration()[desktop]" classname="com.parlor.games.whodunit.ui.flow.PeerReadinessRemountTest" time="0.053"/>
  <testcase name="replayBeforeEffectDoesNotAcknowledgeTheStaleAssignmentGeneration()[desktop]" classname="com.parlor.games.whodunit.ui.flow.PeerReadinessRemountTest" time="0.036"/>
  <testcase name="freshBriefingSnapshotWinsOverAStaleComposeProjection()[desktop]" classname="com.parlor.games.whodunit.ui.flow.PeerReadinessRemountTest" time="0.037"/>
  <testcase name="acknowledgedBriefingSurvivesUiRecreationAndDisconnectPause()[desktop]" classname="com.parlor.games.whodunit.ui.flow.PeerReadinessRemountTest" time="0.042"/>
  <testcase name="rejectionWithoutHostAcknowledgementDoesNotCreateOptimisticReadiness()[desktop]" classname="com.parlor.games.whodunit.ui.flow.PeerReadinessRemountTest" time="0.065"/>
  <testcase name="briefingAcknowledgementDoesNotRepeatAfterCommandCoverRemount()[desktop]" classname="com.parlor.games.whodunit.ui.flow.PeerReadinessRemountTest" time="0.073"/>
  <testcase name="phaseChangeBeforeEffectDoesNotSendThePreviousPhaseAcknowledgement()[desktop]" classname="com.parlor.games.whodunit.ui.flow.PeerReadinessRemountTest" time="0.039"/>
  <testcase name="aReplacementControllerRechecksReadinessInTheSamePhase()[desktop]" classname="com.parlor.games.whodunit.ui.flow.PeerReadinessRemountTest" time="0.042"/>
  <testcase name="unrelatedBriefingUpdatesDoNotResendWhileAuthorityHasNotResponded()[desktop]" classname="com.parlor.games.whodunit.ui.flow.PeerReadinessRemountTest" time="0.077"/>
  <testcase name="acknowledgedIntroSurvivesUiRecreationAndDisconnectPause()[desktop]" classname="com.parlor.games.whodunit.ui.flow.PeerReadinessRemountTest" time="0.061"/>
  <system-out><![CDATA[]]></system-out>
  <system-err><![CDATA[]]></system-err>
</testsuite>
