<?xml version="1.0" encoding="UTF-8"?>
<testsuite name="com.parlor.games.whodunit.ui.flow.multiplayer.WhodunitHostLeaveTimerTest" tests="4" skipped="0" failures="0" errors="0" timestamp="2026-09-10T10:17:33.764Z" hostname="runnervmvmocb" time="10.505">
  <properties/>
  <testcase name="classicHostConfirmationExcludesTimeAndConfirmedLeaveStopsTicker()[desktop]" classname="com.parlor.games.whodunit.ui.flow.multiplayer.WhodunitHostLeaveTimerTest" time="2.502"/>
  <testcase name="lifecycleResumeBehindConfirmationDoesNotRestartHiddenDiscussion()[desktop]" classname="com.parlor.games.whodunit.ui.flow.multiplayer.WhodunitHostLeaveTimerTest" time="3.197"/>
  <testcase name="eliminationHostConfirmationExcludesTimeAndConfirmedLeaveStopsTicker()[desktop]" classname="com.parlor.games.whodunit.ui.flow.multiplayer.WhodunitHostLeaveTimerTest" time="2.172"/>
  <testcase name="stayAndLifecycleResumeDoNotReleaseManualPause()[desktop]" classname="com.parlor.games.whodunit.ui.flow.multiplayer.WhodunitHostLeaveTimerTest" time="2.633"/>
  <system-out><![CDATA[]]></system-out>
  <system-err><![CDATA[]]></system-err>
</testsuite>
