<?xml version="1.0" encoding="UTF-8"?>
<testsuite name="com.parlor.games.whodunit.content.TestingStoryGameTraceTest" tests="1" skipped="0" failures="0" errors="0" timestamp="2026-09-10T10:16:58.433Z" hostname="runnervmvmocb" time="11.35">
  <properties/>
  <testcase name="everyBundledCaseKillerAndModeCompletesDeterministicallyAndRoundTrips()[desktop]" classname="com.parlor.games.whodunit.content.TestingStoryGameTraceTest" time="11.35"/>
  <system-out><![CDATA[]]></system-out>
  <system-err><![CDATA[]]></system-err>
</testsuite>
