<?xml version="1.0" encoding="UTF-8"?>
<testsuite name="com.parlor.games.whodunit.WhodunitPlayModePolicyTest" tests="1" skipped="0" failures="0" errors="0" timestamp="2026-09-10T10:16:52.105Z" hostname="runnervmvmocb" time="0.044">
  <properties/>
  <testcase name="only_pass_and_play_can_enter_the_local_game_flow()[desktop]" classname="com.parlor.games.whodunit.WhodunitPlayModePolicyTest" time="0.044"/>
  <system-out><![CDATA[]]></system-out>
  <system-err><![CDATA[]]></system-err>
</testsuite>
