<?xml version="1.0" encoding="UTF-8"?>
<testsuite name="com.parlor.app.storage.AndroidSettingsKeyValueBackingTest" tests="2" skipped="0" failures="0" errors="0" timestamp="2026-09-10T10:17:17.296Z" hostname="runnervmejwal" time="0.018">
  <properties/>
  <testcase name="wrongStoredTypesFailClosedInsteadOfCrashingStartup()" classname="com.parlor.app.storage.AndroidSettingsKeyValueBackingTest" time="0.012"/>
  <testcase name="readsOnlyTheRequestedPreferenceWithoutCloningTheWholeMap()" classname="com.parlor.app.storage.AndroidSettingsKeyValueBackingTest" time="0.0"/>
  <system-out><![CDATA[]]></system-out>
  <system-err><![CDATA[]]></system-err>
</testsuite>
