<?xml version="1.0" encoding="UTF-8"?>
<testsuite name="com.parlor.games.whodunit.audit.WD_C3FinalTwoRecoveryAuditTest" tests="2" skipped="0" failures="1" errors="0" timestamp="2026-09-05T08:26:30.298Z" hostname="192.168.1.11" time="0.235">
  <properties/>
  <testcase name="current_snapshot_codec_should_reject_an_active_final_two_ballot()[desktop]" classname="com.parlor.games.whodunit.audit.WD_C3FinalTwoRecoveryAuditTest" time="0.191">
    <failure message="org.opentest4j.AssertionFailedError: Current-schema recovery must reject reducer-impossible active final-two state. Expected an exception of class java.lang.IllegalArgumentException to be thrown, but was completed successfully with the result: &lt;WhodunitState(public=WhodunitPublic(caseId=CaseId(raw=last-dinner), modeId=ModeId(raw=elimination), playersAtTable=[Player(id=PlayerId(raw=audit-seat-1), displayName=Audit Player 1, seat=0), Player(id=PlayerId(raw=audit-seat-2), displayName=Audit Player 2, seat=1), Player(id=PlayerId(raw=audit-seat-3), displayName=Audit Player 3, seat=2), Player(id=PlayerId(raw=audit-seat-4), displayName=Audit Player 4, seat=3), Player(id=PlayerId(raw=audit-seat-5), displayName=Audit Player 5, seat=4), Player(id=PlayerId(raw=audit-seat-6), displayName=Audit Player 6, seat=5)], roleAssignmentGeneration=1, eliminatedPlayers=[PlayerId(raw=audit-seat-1), PlayerId(raw=audit-seat-2), PlayerId(raw=audit-seat-3), PlayerId(raw=audit-seat-4)], currentRound=4, revealedClues=[RevealedClue(id=ClueId(raw=kp-vivienne-3), text=Vivienne was seen on the upper stairs at 8:50, earlier than her stated alibi., roundIndex=1), RevealedClue(id=ClueId(raw=rh-vivienne-1), text=Daniel's earlier conversation with Maxwell, in the study, was less peaceful than they performed at the toast., roundIndex=2), RevealedClue(id=ClueId(raw=kp-vivienne-4), text=The library fireplace was warm at 10:00 p.m. — recently used, in a room where no fire was lit., roundIndex=3), RevealedClue(id=ClueId(raw=fs-vivienne-2), text=The library window, said to have been latched all evening, was discovered ajar at 10:00 p.m. Of the guests who passed through the library, Vivienne is among the few tall enough to work the latch without a stool., roundIndex=4)], voteState=Collecting(isElimination=true, ballotPlayerIds=[PlayerId(raw=audit-seat-5), PlayerId(raw=audit-seat-6)], candidatePlayerIds=[PlayerId(raw=audit-seat-5), PlayerId(raw=audit-seat-6)], castSoFar={}, abstained=[], currentVoterIndex=0, isSecondRound=false), briefingCardIndex=0, timer=null, paused=false, introAcknowledged=[], briefingReady=[], rolesViewed=[], disconnectedPlayers=[], droppedPlayers=[], verdict=null), privatePerPlayer={PlayerId(raw=audit-seat-1)=WhodunitPrivate(role=Innocent, characterId=CharacterId(raw=james-sutton), deflectionTargets=[], dossierUnlocked=false, privateReviewOpen=false), PlayerId(raw=audit-seat-2)=WhodunitPrivate(role=Innocent, characterId=CharacterId(raw=daniel-hargrove), deflectionTargets=[], dossierUnlocked=false, privateReviewOpen=false), PlayerId(raw=audit-seat-3)=WhodunitPrivate(role=Innocent, characterId=CharacterId(raw=clara-bell), deflectionTargets=[], dossierUnlocked=false, privateReviewOpen=false), PlayerId(raw=audit-seat-4)=WhodunitPrivate(role=Innocent, characterId=CharacterId(raw=eleanor-hargrove), deflectionTargets=[], dossierUnlocked=false, privateReviewOpen=false), PlayerId(raw=audit-seat-5)=WhodunitPrivate(role=Innocent, characterId=CharacterId(raw=henry-vance), deflectionTargets=[], dossierUnlocked=false, privateReviewOpen=false), PlayerId(raw=audit-seat-6)=WhodunitPrivate(role=Killer, characterId=CharacterId(raw=vivienne-cross), deflectionTargets=[CharacterId(raw=daniel-hargrove)], dossierUnlocked=false, privateReviewOpen=false)}, hostOnly=WhodunitHostOnly(killerId=PlayerId(raw=audit-seat-6), killerCharacterId=CharacterId(raw=vivienne-cross), randomSeed=73, seatToCharacter={PlayerId(raw=audit-seat-1)=CharacterId(raw=james-sutton), PlayerId(raw=audit-seat-2)=CharacterId(raw=daniel-hargrove), PlayerId(raw=audit-seat-3)=CharacterId(raw=clara-bell), PlayerId(raw=audit-seat-4)=CharacterId(raw=eleanor-hargrove), PlayerId(raw=audit-seat-5)=CharacterId(raw=henry-vance), PlayerId(raw=audit-seat-6)=CharacterId(raw=vivienne-cross)}, redHerringTargets=[CharacterId(raw=daniel-hargrove)], drawnClueIds=[ClueId(raw=kp-vivienne-3), ClueId(raw=rh-vivienne-1), ClueId(raw=kp-vivienne-4), ClueId(raw=fs-vivienne-2)]), phase=Round(index=4), players=[Player(id=PlayerId(raw=audit-seat-1), displayName=Audit Player 1, seat=0), Player(id=PlayerId(raw=audit-seat-2), displayName=Audit Player 2, seat=1), Player(id=PlayerId(raw=audit-seat-3), displayName=Audit Player 3, seat=2), Player(id=PlayerId(raw=audit-seat-4), displayName=Audit Player 4, seat=3), Player(id=PlayerId(raw=audit-seat-5), displayName=Audit Player 5, seat=4), Player(id=PlayerId(raw=audit-seat-6), displayName=Audit Player 6, seat=5)])&gt;." type="org.opentest4j.AssertionFailedError">org.opentest4j.AssertionFailedError: Current-schema recovery must reject reducer-impossible active final-two state. Expected an exception of class java.lang.IllegalArgumentException to be thrown, but was completed successfully with the result: &lt;WhodunitState(public=WhodunitPublic(caseId=CaseId(raw=last-dinner), modeId=ModeId(raw=elimination), playersAtTable=[Player(id=PlayerId(raw=audit-seat-1), displayName=Audit Player 1, seat=0), Player(id=PlayerId(raw=audit-seat-2), displayName=Audit Player 2, seat=1), Player(id=PlayerId(raw=audit-seat-3), displayName=Audit Player 3, seat=2), Player(id=PlayerId(raw=audit-seat-4), displayName=Audit Player 4, seat=3), Player(id=PlayerId(raw=audit-seat-5), displayName=Audit Player 5, seat=4), Player(id=PlayerId(raw=audit-seat-6), displayName=Audit Player 6, seat=5)], roleAssignmentGeneration=1, eliminatedPlayers=[PlayerId(raw=audit-seat-1), PlayerId(raw=audit-seat-2), PlayerId(raw=audit-seat-3), PlayerId(raw=audit-seat-4)], currentRound=4, revealedClues=[RevealedClue(id=ClueId(raw=kp-vivienne-3), text=Vivienne was seen on the upper stairs at 8:50, earlier than her stated alibi., roundIndex=1), RevealedClue(id=ClueId(raw=rh-vivienne-1), text=Daniel's earlier conversation with Maxwell, in the study, was less peaceful than they performed at the toast., roundIndex=2), RevealedClue(id=ClueId(raw=kp-vivienne-4), text=The library fireplace was warm at 10:00 p.m. — recently used, in a room where no fire was lit., roundIndex=3), RevealedClue(id=ClueId(raw=fs-vivienne-2), text=The library window, said to have been latched all evening, was discovered ajar at 10:00 p.m. Of the guests who passed through the library, Vivienne is among the few tall enough to work the latch without a stool., roundIndex=4)], voteState=Collecting(isElimination=true, ballotPlayerIds=[PlayerId(raw=audit-seat-5), PlayerId(raw=audit-seat-6)], candidatePlayerIds=[PlayerId(raw=audit-seat-5), PlayerId(raw=audit-seat-6)], castSoFar={}, abstained=[], currentVoterIndex=0, isSecondRound=false), briefingCardIndex=0, timer=null, paused=false, introAcknowledged=[], briefingReady=[], rolesViewed=[], disconnectedPlayers=[], droppedPlayers=[], verdict=null), privatePerPlayer={PlayerId(raw=audit-seat-1)=WhodunitPrivate(role=Innocent, characterId=CharacterId(raw=james-sutton), deflectionTargets=[], dossierUnlocked=false, privateReviewOpen=false), PlayerId(raw=audit-seat-2)=WhodunitPrivate(role=Innocent, characterId=CharacterId(raw=daniel-hargrove), deflectionTargets=[], dossierUnlocked=false, privateReviewOpen=false), PlayerId(raw=audit-seat-3)=WhodunitPrivate(role=Innocent, characterId=CharacterId(raw=clara-bell), deflectionTargets=[], dossierUnlocked=false, privateReviewOpen=false), PlayerId(raw=audit-seat-4)=WhodunitPrivate(role=Innocent, characterId=CharacterId(raw=eleanor-hargrove), deflectionTargets=[], dossierUnlocked=false, privateReviewOpen=false), PlayerId(raw=audit-seat-5)=WhodunitPrivate(role=Innocent, characterId=CharacterId(raw=henry-vance), deflectionTargets=[], dossierUnlocked=false, privateReviewOpen=false), PlayerId(raw=audit-seat-6)=WhodunitPrivate(role=Killer, characterId=CharacterId(raw=vivienne-cross), deflectionTargets=[CharacterId(raw=daniel-hargrove)], dossierUnlocked=false, privateReviewOpen=false)}, hostOnly=WhodunitHostOnly(killerId=PlayerId(raw=audit-seat-6), killerCharacterId=CharacterId(raw=vivienne-cross), randomSeed=73, seatToCharacter={PlayerId(raw=audit-seat-1)=CharacterId(raw=james-sutton), PlayerId(raw=audit-seat-2)=CharacterId(raw=daniel-hargrove), PlayerId(raw=audit-seat-3)=CharacterId(raw=clara-bell), PlayerId(raw=audit-seat-4)=CharacterId(raw=eleanor-hargrove), PlayerId(raw=audit-seat-5)=CharacterId(raw=henry-vance), PlayerId(raw=audit-seat-6)=CharacterId(raw=vivienne-cross)}, redHerringTargets=[CharacterId(raw=daniel-hargrove)], drawnClueIds=[ClueId(raw=kp-vivienne-3), ClueId(raw=rh-vivienne-1), ClueId(raw=kp-vivienne-4), ClueId(raw=fs-vivienne-2)]), phase=Round(index=4), players=[Player(id=PlayerId(raw=audit-seat-1), displayName=Audit Player 1, seat=0), Player(id=PlayerId(raw=audit-seat-2), displayName=Audit Player 2, seat=1), Player(id=PlayerId(raw=audit-seat-3), displayName=Audit Player 3, seat=2), Player(id=PlayerId(raw=audit-seat-4), displayName=Audit Player 4, seat=3), Player(id=PlayerId(raw=audit-seat-5), displayName=Audit Player 5, seat=4), Player(id=PlayerId(raw=audit-seat-6), displayName=Audit Player 6, seat=5)])&gt;.
	at app//org.junit.jupiter.api.AssertionUtils.fail(AssertionUtils.java:38)
	at app//org.junit.jupiter.api.Assertions.fail(Assertions.java:138)
	at app//kotlin.test.junit5.JUnit5Asserter.fail(JUnitSupport.kt:56)
	at app//kotlin.test.AssertionsKt__AssertionsImplKt.checkResultIsFailure(AssertionsImpl.kt:20)
	at app//kotlin.test.AssertionsKt.checkResultIsFailure(Unknown Source)
	at app//com.parlor.games.whodunit.audit.WD_C3FinalTwoRecoveryAuditTest$current_snapshot_codec_should_reject_an_active_final_two_ballot$1.invokeSuspend(WD_C3FinalTwoRecoveryAuditTest.kt:118)
	at app//com.parlor.games.whodunit.audit.WD_C3FinalTwoRecoveryAuditTest$current_snapshot_codec_should_reject_an_active_final_two_ballot$1.invoke(WD_C3FinalTwoRecoveryAuditTest.kt)
	at app//com.parlor.games.whodunit.audit.WD_C3FinalTwoRecoveryAuditTest$current_snapshot_codec_should_reject_an_active_final_two_ballot$1.invoke(WD_C3FinalTwoRecoveryAuditTest.kt)
	at app//kotlinx.coroutines.test.TestBuildersKt__TestBuildersKt$runTest$2$1$1.invokeSuspend(TestBuilders.kt:317)
	at app//kotlin.coroutines.jvm.internal.BaseContinuationImpl.resumeWith(ContinuationImpl.kt:34)
	at app//kotlinx.coroutines.DispatchedTask.run(DispatchedTask.kt:100)
	at app//kotlinx.coroutines.test.TestDispatcher.processEvent$kotlinx_coroutines_test(TestDispatcher.kt:24)
	at app//kotlinx.coroutines.test.TestCoroutineScheduler.tryRunNextTaskUnless$kotlinx_coroutines_test(TestCoroutineScheduler.kt:98)
	at app//kotlinx.coroutines.test.TestBuildersKt__TestBuildersKt$runTest$2$1$workRunner$1.invokeSuspend(TestBuilders.kt:326)
	at app//kotlin.coroutines.jvm.internal.BaseContinuationImpl.resumeWith(ContinuationImpl.kt:34)
	at app//kotlinx.coroutines.DispatchedTask.run(DispatchedTask.kt:100)
	at app//kotlinx.coroutines.EventLoopImplBase.processNextEvent(EventLoop.common.kt:256)
	at app//kotlinx.coroutines.BlockingCoroutine.joinBlocking(Builders.kt:54)
	at app//kotlinx.coroutines.BuildersKt__BuildersKt.runBlockingImpl(Builders.kt:30)
	at app//kotlinx.coroutines.BuildersKt.runBlockingImpl(Unknown Source)
	at app//kotlinx.coroutines.BuildersKt__Builders_concurrentKt.runBlockingK(Builders.concurrent.kt:172)
	at app//kotlinx.coroutines.BuildersKt.runBlockingK(Unknown Source)
	at app//kotlinx.coroutines.BuildersKt__Builders_concurrentKt.runBlockingK$default(Builders.concurrent.kt:157)
	at app//kotlinx.coroutines.BuildersKt.runBlockingK$default(Unknown Source)
	at app//kotlinx.coroutines.test.TestBuildersJvmKt.createTestResult(TestBuildersJvm.kt:10)
	at app//kotlinx.coroutines.test.TestBuildersKt__TestBuildersKt.runTest-8Mi8wO0(TestBuilders.kt:309)
	at app//kotlinx.coroutines.test.TestBuildersKt.runTest-8Mi8wO0(TestBuilders.kt:1)
	at app//kotlinx.coroutines.test.TestBuildersKt__TestBuildersKt.runTest-8Mi8wO0(TestBuilders.kt:167)
	at app//kotlinx.coroutines.test.TestBuildersKt.runTest-8Mi8wO0(TestBuilders.kt:1)
	at app//kotlinx.coroutines.test.TestBuildersKt__TestBuildersKt.runTest-8Mi8wO0$default(TestBuilders.kt:159)
	at app//kotlinx.coroutines.test.TestBuildersKt.runTest-8Mi8wO0$default(TestBuilders.kt:1)
	at app//com.parlor.games.whodunit.audit.WD_C3FinalTwoRecoveryAuditTest.current_snapshot_codec_should_reject_an_active_final_two_ballot(WD_C3FinalTwoRecoveryAuditTest.kt:116)
	at java.base@21.0.11/java.lang.reflect.Method.invoke(Method.java:580)
	at java.base@21.0.11/java.util.ArrayList.forEach(ArrayList.java:1596)
	at java.base@21.0.11/java.util.ArrayList.forEach(ArrayList.java:1596)
</failure>
  </testcase>
  <testcase name="witness_current_recovery_accepts_state_then_extra_ballot_changes_winner_and_breaks_save()[desktop]" classname="com.parlor.games.whodunit.audit.WD_C3FinalTwoRecoveryAuditTest" time="0.043"/>
  <system-out><![CDATA[WD-C3 synthetic witness: legal final-two killer win; current recovery accepted active two-seat ballot; extra vote became players win; fifth elimination rejected by codec
]]></system-out>
  <system-err><![CDATA[]]></system-err>
</testsuite>
