<?xml version="1.0" encoding="UTF-8"?>
<testsuite name="com.parlor.session.passandplay.RestoredStateTest" tests="5" skipped="0" failures="0" errors="0" timestamp="2026-09-10T10:16:08.558Z" hostname="runnervmvmocb" time="0.02">
  <properties/>
  <testcase name="unknown_player_cannot_create_an_unbounded_private_projection()[desktop]" classname="com.parlor.session.passandplay.RestoredStateTest" time="0.003"/>
  <testcase name="restoredState_boots_controller_at_provided_state()[desktop]" classname="com.parlor.session.passandplay.RestoredStateTest" time="0.007"/>
  <testcase name="null_restoredState_starts_at_initial_state()[desktop]" classname="com.parlor.session.passandplay.RestoredStateTest" time="0.002"/>
  <testcase name="submit_receipt_distinguishes_committed_mutation_from_reducer_no_op()[desktop]" classname="com.parlor.session.passandplay.RestoredStateTest" time="0.002"/>
  <testcase name="current_state_observes_the_committed_reduction_before_projection_flows_dispatch()[desktop]" classname="com.parlor.session.passandplay.RestoredStateTest" time="0.002"/>
  <system-out><![CDATA[]]></system-out>
  <system-err><![CDATA[]]></system-err>
</testsuite>
