<?xml version="1.0" encoding="UTF-8"?>
<testsuite name="com.parlor.networking.security.SecureHashesTest" tests="3" skipped="0" failures="0" errors="0" timestamp="2026-09-11T04:24:09.638Z" hostname="sat12-jr310-6720aefa-0827-4506-9894-a2a62c6bfd2b-DA71CD50CE1B.local" time="0.014">
  <properties/>
  <testcase name="constant_time_comparison_handles_equal_unequal_and_different_lengths()[desktop]" classname="com.parlor.networking.security.SecureHashesTest" time="0.002"/>
  <testcase name="sha256_supports_the_standard_empty_input_vector()[desktop]" classname="com.parlor.networking.security.SecureHashesTest" time="0.005"/>
  <testcase name="sha256_matches_the_standard_abc_vector()[desktop]" classname="com.parlor.networking.security.SecureHashesTest" time="0.003"/>
  <system-out><![CDATA[]]></system-out>
  <system-err><![CDATA[]]></system-err>
</testsuite>
