<?xml version="1.0" encoding="UTF-8"?>
<testsuite name="com.parlor.networking.room.LocalRoomRetryContractTest" tests="3" skipped="0" failures="0" errors="0" timestamp="2026-09-07T18:48:23.072Z" hostname="runnervmejwal" time="0.118">
  <properties/>
  <testcase name="fallback retry close propagates fatal errors()" classname="com.parlor.networking.room.LocalRoomRetryContractTest" time="0.1"/>
  <testcase name="fallback retry close maps an ordinary adapter exception()" classname="com.parlor.networking.room.LocalRoomRetryContractTest" time="0.006"/>
  <testcase name="fallback retry close propagates cancellation()" classname="com.parlor.networking.room.LocalRoomRetryContractTest" time="0.006"/>
  <system-out><![CDATA[]]></system-out>
  <system-err><![CDATA[]]></system-err>
</testsuite>
