<?xml version="1.0" encoding="UTF-8"?>
<testsuite name="com.parlor.games.mafia.flow.FullGameDriveTest" tests="4" skipped="0" failures="0" errors="0" timestamp="2026-09-07T18:42:28.078Z" hostname="runnervmejwal" time="9.207">
  <properties/>
  <testcase name="every_supported_role_distribution_completes_a_valid_night_and_day_cycle()[desktop]" classname="com.parlor.games.mafia.flow.FullGameDriveTest" time="9.113"/>
  <testcase name="seven_player_mafia_win_via_night_kills()[desktop]" classname="com.parlor.games.mafia.flow.FullGameDriveTest" time="0.03"/>
  <testcase name="five_player_town_wins_when_mafia_is_voted_out()[desktop]" classname="com.parlor.games.mafia.flow.FullGameDriveTest" time="0.017"/>
  <testcase name="winner_is_set_immediately_when_last_mafia_dies_during_night()[desktop]" classname="com.parlor.games.mafia.flow.FullGameDriveTest" time="0.042"/>
  <system-out><![CDATA[]]></system-out>
  <system-err><![CDATA[]]></system-err>
</testsuite>
