<?xml version="1.0" encoding="UTF-8"?>
<testsuite name="com.parlor.storage.secure.PlatformKeyedSecureStorageTest" tests="4" skipped="0" failures="0" errors="0" timestamp="2026-09-06T12:06:21.425Z" hostname="192.168.1.5" time="0.045">
  <properties/>
  <testcase name="in_memory_test_backing_never_aliases_caller_arrays()[desktop]" classname="com.parlor.storage.secure.PlatformKeyedSecureStorageTest" time="0.039"/>
  <testcase name="adapter_preserves_lifecycle_cancellation()[desktop]" classname="com.parlor.storage.secure.PlatformKeyedSecureStorageTest" time="0.002"/>
  <testcase name="adapter_maps_ordinary_backing_failures_without_exposing_details()[desktop]" classname="com.parlor.storage.secure.PlatformKeyedSecureStorageTest" time="0.002"/>
  <testcase name="adapter_never_converts_fatal_errors_into_recoverable_io_failures()[desktop]" classname="com.parlor.storage.secure.PlatformKeyedSecureStorageTest" time="0.001"/>
  <system-out><![CDATA[]]></system-out>
  <system-err><![CDATA[]]></system-err>
</testsuite>
