<?xml version="1.0" encoding="UTF-8"?>
<testsuite name="com.parlor.app.shell.game.GameShellRegistryCompositionTest" tests="1" skipped="0" failures="0" errors="0" timestamp="2026-09-10T10:13:49.701Z" hostname="runnervmec22z" time="0.013">
  <properties/>
  <testcase name="registered_fixture_content_is_composed_by_the_resolved_binding()[desktop]" classname="com.parlor.app.shell.game.GameShellRegistryCompositionTest" time="0.013"/>
  <system-out><![CDATA[]]></system-out>
  <system-err><![CDATA[]]></system-err>
</testsuite>
