<?xml version="1.0" encoding="UTF-8"?>
<testsuite name="com.parlor.games.mafia.ui.flow.passandplay.MafiaPassAndPlayNightQueueTest" tests="2" skipped="0" failures="0" errors="0" timestamp="2026-09-11T04:21:06.663Z" hostname="runnervmec22z" time="0.005">
  <properties/>
  <testcase name="queue_advances_only_after_reducer_commits_the_players_action()[desktop]" classname="com.parlor.games.mafia.ui.flow.passandplay.MafiaPassAndPlayNightQueueTest" time="0.004"/>
  <testcase name="coordination_revote_contains_only_mafia_without_round_two_submission()[desktop]" classname="com.parlor.games.mafia.ui.flow.passandplay.MafiaPassAndPlayNightQueueTest" time="0.0"/>
  <system-out><![CDATA[]]></system-out>
  <system-err><![CDATA[]]></system-err>
</testsuite>
