<?xml version="1.0" encoding="UTF-8"?>
<testsuite name="com.parlor.games.mafia.ui.screens.setup.MafiaSetupStepperLayoutTest" tests="4" skipped="0" failures="0" errors="0" timestamp="2026-09-11T02:21:56.852Z" hostname="sjc20-av659-34a2da46-5990-44e3-be11-defac2bde170-0E00C18D42BC.local" time="0.982">
  <properties/>
  <testcase name="arabic_compact_stepper_controls_keep_their_full_size()[desktop]" classname="com.parlor.games.mafia.ui.screens.setup.MafiaSetupStepperLayoutTest" time="0.232"/>
  <testcase name="english_compact_stepper_controls_keep_their_full_size()[desktop]" classname="com.parlor.games.mafia.ui.screens.setup.MafiaSetupStepperLayoutTest" time="0.323"/>
  <testcase name="arabic_compact_large_text_stepper_controls_keep_their_full_size()[desktop]" classname="com.parlor.games.mafia.ui.screens.setup.MafiaSetupStepperLayoutTest" time="0.241"/>
  <testcase name="english_compact_large_text_stepper_controls_keep_their_full_size()[desktop]" classname="com.parlor.games.mafia.ui.screens.setup.MafiaSetupStepperLayoutTest" time="0.184"/>
  <system-out><![CDATA[]]></system-out>
  <system-err><![CDATA[]]></system-err>
</testsuite>
