<?xml version="1.0" encoding="UTF-8"?>
<testsuite name="com.parlor.games.mafia.multidevice.MafiaProjectionLeakTest" tests="3" skipped="0" failures="0" errors="0" timestamp="2026-09-11T02:21:47.365Z" hostname="sjc20-av659-34a2da46-5990-44e3-be11-defac2bde170-0E00C18D42BC.local" time="0.024">
  <properties/>
  <testcase name="no_non_mafia_projection_references_any_mafia_private_data()[desktop]" classname="com.parlor.games.mafia.multidevice.MafiaProjectionLeakTest" time="0.017"/>
  <testcase name="public_projection_never_carries_private_or_host_only_buckets()[desktop]" classname="com.parlor.games.mafia.multidevice.MafiaProjectionLeakTest" time="0.002"/>
  <testcase name="no_non_detective_projection_references_any_detective_result()[desktop]" classname="com.parlor.games.mafia.multidevice.MafiaProjectionLeakTest" time="0.002"/>
  <system-out><![CDATA[]]></system-out>
  <system-err><![CDATA[]]></system-err>
</testsuite>
