<?xml version="1.0" encoding="UTF-8"?>
<testsuite name="com.parlor.games.mafia.ui.screens.postgame.PostGameScreenLayoutTest" tests="6" skipped="0" failures="0" errors="0" timestamp="2026-09-11T02:21:53.753Z" hostname="sjc20-av659-34a2da46-5990-44e3-be11-defac2bde170-0E00C18D42BC.local" time="1.219">
  <properties/>
  <testcase name="compact_arabic_long_name_does_not_consume_final_role_width()[desktop]" classname="com.parlor.games.mafia.ui.screens.postgame.PostGameScreenLayoutTest" time="0.089"/>
  <testcase name="compact_english_long_name_does_not_consume_final_role_width()[desktop]" classname="com.parlor.games.mafia.ui.screens.postgame.PostGameScreenLayoutTest" time="0.057"/>
  <testcase name="landscape_large_text_arabic_roles_remain_scrollable()[desktop]" classname="com.parlor.games.mafia.ui.screens.postgame.PostGameScreenLayoutTest" time="0.29"/>
  <testcase name="compact_large_text_english_preserves_every_final_role()[desktop]" classname="com.parlor.games.mafia.ui.screens.postgame.PostGameScreenLayoutTest" time="0.292"/>
  <testcase name="landscape_large_text_english_roles_remain_scrollable()[desktop]" classname="com.parlor.games.mafia.ui.screens.postgame.PostGameScreenLayoutTest" time="0.267"/>
  <testcase name="compact_large_text_arabic_preserves_every_final_role()[desktop]" classname="com.parlor.games.mafia.ui.screens.postgame.PostGameScreenLayoutTest" time="0.222"/>
  <system-out><![CDATA[]]></system-out>
  <system-err><![CDATA[]]></system-err>
</testsuite>
