<?xml version="1.0" encoding="UTF-8"?>
<testsuite name="com.parlor.engine.architecture.NoWhodunitInEngineTest" tests="1" skipped="0" failures="0" errors="0" timestamp="2026-09-11T04:23:52.796Z" hostname="sat12-jr310-6720aefa-0827-4506-9894-a2a62c6bfd2b-DA71CD50CE1B.local" time="0.729">
  <properties/>
  <testcase name="engine_declares_no_whodunit_specific_identifiers()[desktop]" classname="com.parlor.engine.architecture.NoWhodunitInEngineTest" time="0.729"/>
  <system-out><![CDATA[]]></system-out>
  <system-err><![CDATA[]]></system-err>
</testsuite>
