<?xml version="1.0" encoding="UTF-8"?>
<testsuite name="com.parlor.games.mafia.domain.reducer.MafiaReducerTest" tests="24" skipped="0" failures="0" errors="0" timestamp="2026-09-05T22:35:01.004Z" hostname="192.168.1.11" time="0.01">
  <properties/>
  <testcase name="apply_settings_outside_setup_is_a_no_op()[desktop]" classname="com.parlor.games.mafia.domain.reducer.MafiaReducerTest" time="0.0"/>
  <testcase name="configure_and_start_commits_rules_and_roles_in_one_transition()[desktop]" classname="com.parlor.games.mafia.domain.reducer.MafiaReducerTest" time="0.0"/>
  <testcase name="advance_from_role_assignment_succeeds_after_all_ack()[desktop]" classname="com.parlor.games.mafia.domain.reducer.MafiaReducerTest" time="0.0"/>
  <testcase name="advance_from_role_assignment_blocks_until_everyone_acks()[desktop]" classname="com.parlor.games.mafia.domain.reducer.MafiaReducerTest" time="0.0"/>
  <testcase name="apply_settings_in_setup_commits_to_public()[desktop]" classname="com.parlor.games.mafia.domain.reducer.MafiaReducerTest" time="0.0"/>
  <testcase name="initial_state_is_setup_with_preset_settings()[desktop]" classname="com.parlor.games.mafia.domain.reducer.MafiaReducerTest" time="0.0"/>
  <testcase name="start_game_assigns_roles_and_advances_to_role_assignment()[desktop]" classname="com.parlor.games.mafia.domain.reducer.MafiaReducerTest" time="0.0"/>
  <testcase name="abstain_then_close_with_no_other_votes_ends_in_skipped_all_abstained()[desktop]" classname="com.parlor.games.mafia.domain.reducer.MafiaReducerTest" time="0.0"/>
  <testcase name="cast_vote_during_voting_records_choice()[desktop]" classname="com.parlor.games.mafia.domain.reducer.MafiaReducerTest" time="0.0"/>
  <testcase name="mafia_revote_uses_a_deterministic_tied_target_when_round_two_is_still_tied()[desktop]" classname="com.parlor.games.mafia.domain.reducer.MafiaReducerTest" time="0.001"/>
  <testcase name="mafia_submitting_doctor_protect_is_a_no_op()[desktop]" classname="com.parlor.games.mafia.domain.reducer.MafiaReducerTest" time="0.0"/>
  <testcase name="mafia_coordination_snapshot_only_lives_in_mafia_private()[desktop]" classname="com.parlor.games.mafia.domain.reducer.MafiaReducerTest" time="0.001"/>
  <testcase name="continue_without_player_rejects_a_connected_seat()[desktop]" classname="com.parlor.games.mafia.domain.reducer.MafiaReducerTest" time="0.0"/>
  <testcase name="apply_invalid_settings_is_rejected()[desktop]" classname="com.parlor.games.mafia.domain.reducer.MafiaReducerTest" time="0.0"/>
  <testcase name="configure_and_start_rejects_invalid_rules_without_starting_old_rules()[desktop]" classname="com.parlor.games.mafia.domain.reducer.MafiaReducerTest" time="0.0"/>
  <testcase name="authoritative_reducer_rejects_excessive_revote_settings()[desktop]" classname="com.parlor.games.mafia.domain.reducer.MafiaReducerTest" time="0.0"/>
  <testcase name="setup_grace_expiry_cancels_to_a_recoverable_unassigned_terminal_state()[desktop]" classname="com.parlor.games.mafia.domain.reducer.MafiaReducerTest" time="0.0"/>
  <testcase name="end_game_jumps_to_post_game()[desktop]" classname="com.parlor.games.mafia.domain.reducer.MafiaReducerTest" time="0.0"/>
  <testcase name="setup_disconnect_reconnects_before_grace_expiry_without_dropping_seat()[desktop]" classname="com.parlor.games.mafia.domain.reducer.MafiaReducerTest" time="0.0"/>
  <testcase name="mark_player_disconnected_and_reconnected_round_trips()[desktop]" classname="com.parlor.games.mafia.domain.reducer.MafiaReducerTest" time="0.0"/>
  <testcase name="configure_and_start_is_idempotent_after_game_has_started()[desktop]" classname="com.parlor.games.mafia.domain.reducer.MafiaReducerTest" time="0.001"/>
  <testcase name="host_open_vote_from_discussion_advances_to_voting()[desktop]" classname="com.parlor.games.mafia.domain.reducer.MafiaReducerTest" time="0.0"/>
  <testcase name="mafia_revote_round_opens_when_round_one_tied_and_revote_configured()[desktop]" classname="com.parlor.games.mafia.domain.reducer.MafiaReducerTest" time="0.001"/>
  <testcase name="non_mafia_submitting_kill_vote_is_a_no_op()[desktop]" classname="com.parlor.games.mafia.domain.reducer.MafiaReducerTest" time="0.001"/>
  <system-out><![CDATA[]]></system-out>
  <system-err><![CDATA[]]></system-err>
</testsuite>
