<?xml version="1.0" encoding="UTF-8"?>
<testsuite name="com.parlor.games.mafia.domain.action.MafiaActionCodecTest" tests="16" skipped="0" failures="0" errors="0" timestamp="2026-09-05T22:35:00.966Z" hostname="192.168.1.11" time="0.015">
  <properties/>
  <testcase name="acknowledge_actions_round_trip()[desktop]" classname="com.parlor.games.mafia.domain.action.MafiaActionCodecTest" time="0.003"/>
  <testcase name="encoded_payload_carries_discriminator_for_forward_compat()[desktop]" classname="com.parlor.games.mafia.domain.action.MafiaActionCodecTest" time="0.0"/>
  <testcase name="abstain_round_trips()[desktop]" classname="com.parlor.games.mafia.domain.action.MafiaActionCodecTest" time="0.001"/>
  <testcase name="mafia_kill_vote_round_trips_with_nullable_target()[desktop]" classname="com.parlor.games.mafia.domain.action.MafiaActionCodecTest" time="0.001"/>
  <testcase name="atomic_configure_and_start_round_trips_with_nested_settings()[desktop]" classname="com.parlor.games.mafia.domain.action.MafiaActionCodecTest" time="0.0"/>
  <testcase name="retired_actions_are_rejected_explicitly()[desktop]" classname="com.parlor.games.mafia.domain.action.MafiaActionCodecTest" time="0.001"/>
  <testcase name="apply_settings_round_trips_with_nested_role_counts()[desktop]" classname="com.parlor.games.mafia.domain.action.MafiaActionCodecTest" time="0.001"/>
  <testcase name="malformedUtf8IsRejectedInsteadOfBeingReplacedInsideJsonStrings()[desktop]" classname="com.parlor.games.mafia.domain.action.MafiaActionCodecTest" time="0.0"/>
  <testcase name="detective_inspect_round_trips()[desktop]" classname="com.parlor.games.mafia.domain.action.MafiaActionCodecTest" time="0.001"/>
  <testcase name="host_lifecycle_singletons_round_trip()[desktop]" classname="com.parlor.games.mafia.domain.action.MafiaActionCodecTest" time="0.001"/>
  <testcase name="singleton_data_object_round_trips()[desktop]" classname="com.parlor.games.mafia.domain.action.MafiaActionCodecTest" time="0.001"/>
  <testcase name="cast_vote_round_trips()[desktop]" classname="com.parlor.games.mafia.domain.action.MafiaActionCodecTest" time="0.0"/>
  <testcase name="civilian_suspicion_round_trips()[desktop]" classname="com.parlor.games.mafia.domain.action.MafiaActionCodecTest" time="0.001"/>
  <testcase name="doctor_protect_round_trips()[desktop]" classname="com.parlor.games.mafia.domain.action.MafiaActionCodecTest" time="0.0"/>
  <testcase name="oversizedActionIsRejectedOnEncodeAndDecode()[desktop]" classname="com.parlor.games.mafia.domain.action.MafiaActionCodecTest" time="0.001"/>
  <testcase name="connection_chrome_actions_round_trip()[desktop]" classname="com.parlor.games.mafia.domain.action.MafiaActionCodecTest" time="0.001"/>
  <system-out><![CDATA[]]></system-out>
  <system-err><![CDATA[]]></system-err>
</testsuite>
