<?xml version="1.0" encoding="UTF-8"?>
<testsuite name="com.parlor.games.mafia.ui.screens.setup.MafiaSetupToggleLayoutTest" tests="4" skipped="0" failures="0" errors="0" timestamp="2026-09-11T14:31:12.688Z" hostname="runnervmec22z" time="0.303">
  <properties/>
  <testcase name="english_compact_toggle_keeps_room_for_its_switch()[desktop]" classname="com.parlor.games.mafia.ui.screens.setup.MafiaSetupToggleLayoutTest" time="0.071"/>
  <testcase name="arabic_compact_large_text_toggle_keeps_room_for_its_switch()[desktop]" classname="com.parlor.games.mafia.ui.screens.setup.MafiaSetupToggleLayoutTest" time="0.083"/>
  <testcase name="english_compact_large_text_toggle_keeps_room_for_its_switch()[desktop]" classname="com.parlor.games.mafia.ui.screens.setup.MafiaSetupToggleLayoutTest" time="0.073"/>
  <testcase name="arabic_compact_toggle_keeps_room_for_its_switch()[desktop]" classname="com.parlor.games.mafia.ui.screens.setup.MafiaSetupToggleLayoutTest" time="0.075"/>
  <system-out><![CDATA[]]></system-out>
  <system-err><![CDATA[]]></system-err>
</testsuite>
