<?xml version="1.0" encoding="UTF-8"?>
<testsuite name="com.parlor.content.validation.CaseSummaryValidatorTest" tests="3" skipped="0" failures="0" errors="0" timestamp="2026-09-07T18:46:05.594Z" hostname="sjc22-bt146-8f4d4f03-7fdb-429a-93ad-e2b2b69599d7-06C462B10F07.local" time="0.001">
  <properties/>
  <testcase name="shape_validation_rejects_path_traversal_and_duplicate_ids[iosSimulatorArm64]" classname="com.parlor.content.validation.CaseSummaryValidatorTest" time="0.0"/>
  <testcase name="shape_validation_rejects_wrong_game_and_oversized_display_data[iosSimulatorArm64]" classname="com.parlor.content.validation.CaseSummaryValidatorTest" time="0.001"/>
  <testcase name="shape_validation_rejects_control_and_format_characters_in_display_data[iosSimulatorArm64]" classname="com.parlor.content.validation.CaseSummaryValidatorTest" time="0.0"/>
  <system-out><![CDATA[]]></system-out>
  <system-err><![CDATA[]]></system-err>
</testsuite>
