<?xml version="1.0" encoding="UTF-8"?>
<testsuite name="com.parlor.app.lifecycle.AppLifecycleCoordinatorTest" tests="9" skipped="0" failures="0" errors="0" timestamp="2026-09-11T04:26:32.162Z" hostname="runnervmvmocb" time="0.291">
  <properties/>
  <testcase name="initialInactiveDoesNotInventForegroundOrBackgroundEvidence()[desktop]" classname="com.parlor.app.lifecycle.AppLifecycleCoordinatorTest" time="0.003"/>
  <testcase name="processTrackerIgnoresDuplicateOwnerCallbacks()[desktop]" classname="com.parlor.app.lifecycle.AppLifecycleCoordinatorTest" time="0.001"/>
  <testcase name="shortInactiveInterruptionNeverSuspendsTransport()[desktop]" classname="com.parlor.app.lifecycle.AppLifecycleCoordinatorTest" time="0.037"/>
  <testcase name="backgroundAndForegroundEffectsAreIdempotent()[desktop]" classname="com.parlor.app.lifecycle.AppLifecycleCoordinatorTest" time="0.056"/>
  <testcase name="backgroundBeforeFirstActiveStillProducesAConsistentSuspendResumePair()[desktop]" classname="com.parlor.app.lifecycle.AppLifecycleCoordinatorTest" time="0.002"/>
  <testcase name="inactiveThenBackgroundSuspendsExactlyOnceAndActiveResumesExactlyOnce()[desktop]" classname="com.parlor.app.lifecycle.AppLifecycleCoordinatorTest" time="0.0"/>
  <testcase name="processTrackerDoesNotFlapDuringConfigurationReplacement()[desktop]" classname="com.parlor.app.lifecycle.AppLifecycleCoordinatorTest" time="0.001"/>
  <testcase name="processTrackerKeepsProcessForegroundedWhileAnotherOwnerIsStarted()[desktop]" classname="com.parlor.app.lifecycle.AppLifecycleCoordinatorTest" time="0.001"/>
  <testcase name="inactiveCoversPrivateContentWithoutChangingTransportState()[desktop]" classname="com.parlor.app.lifecycle.AppLifecycleCoordinatorTest" time="0.001"/>
  <system-out><![CDATA[]]></system-out>
  <system-err><![CDATA[]]></system-err>
</testsuite>
