<?xml version="1.0" encoding="UTF-8"?>
<testsuite name="com.parlor.app.shell.home.HomeRecoveryAvailabilityTest" tests="8" skipped="0" failures="0" errors="0" timestamp="2026-09-11T04:26:32.749Z" hostname="runnervmvmocb" time="0.058">
  <properties/>
  <testcase name="localInventoryBoundsMetadataReadsWithoutLoadingSnapshotPayloads()[desktop]" classname="com.parlor.app.shell.home.HomeRecoveryAvailabilityTest" time="0.009"/>
  <testcase name="successfulSourceRemainsAvailableWhenTheOtherSourceFails()[desktop]" classname="com.parlor.app.shell.home.HomeRecoveryAvailabilityTest" time="0.003"/>
  <testcase name="unsupportedLocalGameIsVisibleButMarksRecoverySourceUnavailable()[desktop]" classname="com.parlor.app.shell.home.HomeRecoveryAvailabilityTest" time="0.001"/>
  <testcase name="failedStoresAreReportedInsteadOfMasqueradingAsEmpty()[desktop]" classname="com.parlor.app.shell.home.HomeRecoveryAvailabilityTest" time="0.002"/>
  <testcase name="localInventoryIdentifiesHealthyGamesAndRetainsUnreadableRecords()[desktop]" classname="com.parlor.app.shell.home.HomeRecoveryAvailabilityTest" time="0.004"/>
  <testcase name="multiplayerRecoveryProbeStartsWhileLocalInventoryIsSlow()[desktop]" classname="com.parlor.app.shell.home.HomeRecoveryAvailabilityTest" time="0.033"/>
  <testcase name="compatibleRecoveryRecordsAreExposedWithoutAnError()[desktop]" classname="com.parlor.app.shell.home.HomeRecoveryAvailabilityTest" time="0.001"/>
  <testcase name="unsupportedSavedMultiplayerRecordIsReportedAndCannotBeOpened()[desktop]" classname="com.parlor.app.shell.home.HomeRecoveryAvailabilityTest" time="0.0"/>
  <system-out><![CDATA[]]></system-out>
  <system-err><![CDATA[]]></system-err>
</testsuite>
