<?xml version="1.0" encoding="UTF-8"?>
<testsuite name="com.parlor.app.shell.multiplayer.NameInputPolicyTest" tests="2" skipped="0" failures="0" errors="0" timestamp="2026-09-11T04:26:32.809Z" hostname="runnervmvmocb" time="0.004">
  <properties/>
  <testcase name="blankNamesCannotBeSubmittedAsASharedFallback()[desktop]" classname="com.parlor.app.shell.multiplayer.NameInputPolicyTest" time="0.003"/>
  <testcase name="explicitNameIsTrimmedAndRemainsSubmittable()[desktop]" classname="com.parlor.app.shell.multiplayer.NameInputPolicyTest" time="0.0"/>
  <system-out><![CDATA[]]></system-out>
  <system-err><![CDATA[]]></system-err>
</testsuite>
