<?xml version="1.0" encoding="UTF-8"?>
<testsuite name="com.parlor.app.shell.game.GameShellRegistryExtensibilityTest" tests="11" skipped="0" failures="0" errors="0" timestamp="2026-09-11T04:26:32.552Z" hostname="runnervmvmocb" time="0.19">
  <properties/>
  <testcase name="registry_rejects_a_multiplayer_contract_that_does_not_match_definition()[desktop]" classname="com.parlor.app.shell.game.GameShellRegistryExtensibilityTest" time="0.002"/>
  <testcase name="duplicate_shell_registration_fails_before_catalog_or_routing()[desktop]" classname="com.parlor.app.shell.game.GameShellRegistryExtensibilityTest" time="0.032"/>
  <testcase name="third_game_starts_locally_and_resolves_navigation_without_shell_branch()[desktop]" classname="com.parlor.app.shell.game.GameShellRegistryExtensibilityTest" time="0.006"/>
  <testcase name="third_game_registers_in_catalog_and_exposes_shell_contract()[desktop]" classname="com.parlor.app.shell.game.GameShellRegistryExtensibilityTest" time="0.0"/>
  <testcase name="multiplayer_resume_requires_the_registered_game_protocol_version()[desktop]" classname="com.parlor.app.shell.game.GameShellRegistryExtensibilityTest" time="0.033"/>
  <testcase name="picker_uses_each_registered_games_player_bounds_instead_of_shared_copy()[desktop]" classname="com.parlor.app.shell.game.GameShellRegistryExtensibilityTest" time="0.027"/>
  <testcase name="picker_preserves_independent_host_join_and_local_capabilities()[desktop]" classname="com.parlor.app.shell.game.GameShellRegistryExtensibilityTest" time="0.002"/>
  <testcase name="shell_back_requests_are_monotonic_nonnegative_events()[desktop]" classname="com.parlor.app.shell.game.GameShellRegistryExtensibilityTest" time="0.003"/>
  <testcase name="third_game_snapshot_round_trips_and_resolves_local_resume()[desktop]" classname="com.parlor.app.shell.game.GameShellRegistryExtensibilityTest" time="0.012"/>
  <testcase name="router_rejects_launch_kinds_the_registered_binding_does_not_support()[desktop]" classname="com.parlor.app.shell.game.GameShellRegistryExtensibilityTest" time="0.024"/>
  <testcase name="third_game_participates_in_owned_host_and_peer_session_restoration()[desktop]" classname="com.parlor.app.shell.game.GameShellRegistryExtensibilityTest" time="0.004"/>
  <system-out><![CDATA[]]></system-out>
  <system-err><![CDATA[]]></system-err>
</testsuite>
