<?xml version="1.0" encoding="UTF-8"?>
<testsuite name="com.parlor.networking.testing.ControlledStartRoomReentrancyTest" tests="1" skipped="0" failures="0" errors="0" timestamp="2026-09-11T14:41:39.761Z" hostname="sjc22-bt151-9970416c-5556-4511-af54-28dba4037804-76D2996E6880.local" time="0.0">
  <properties/>
  <testcase name="readyBookkeepingPrecedesSynchronousCommitAndSnapshot[iosSimulatorArm64]" classname="com.parlor.networking.testing.ControlledStartRoomReentrancyTest" time="0.0"/>
  <system-out><![CDATA[]]></system-out>
  <system-err><![CDATA[]]></system-err>
</testsuite>
