<?xml version="1.0" encoding="UTF-8"?>
<testsuite name="com.parlor.games.whodunit.ui.WhodunitNetErrorMessageKeyTest" tests="1" skipped="0" failures="0" errors="0" timestamp="2026-09-07T18:45:47.544Z" hostname="sjc22-bt146-8f4d4f03-7fdb-429a-93ad-e2b2b69599d7-06C462B10F07.local" time="0.0">
  <properties/>
  <testcase name="everyNetworkFailureKeepsItsActionableUiClassification[iosSimulatorArm64]" classname="com.parlor.games.whodunit.ui.WhodunitNetErrorMessageKeyTest" time="0.0"/>
  <system-out><![CDATA[]]></system-out>
  <system-err><![CDATA[]]></system-err>
</testsuite>
