<?xml version="1.0" encoding="UTF-8"?>
<testsuite name="com.parlor.networking.protocol.RoomMessageCodecTest" tests="9" skipped="0" failures="0" errors="0" timestamp="2026-09-06T12:30:20.509Z" hostname="192.168.1.5" time="0.054">
  <properties/>
  <testcase name="registered room message variants match the complete wire allowlist()" classname="com.parlor.networking.protocol.RoomMessageCodecTest" time="0.018"/>
  <testcase name="round trips binary snapshot without JSON byte expansion()" classname="com.parlor.networking.protocol.RoomMessageCodecTest" time="0.01"/>
  <testcase name="admission offered matches its golden wire vector()" classname="com.parlor.networking.protocol.RoomMessageCodecTest" time="0.005"/>
  <testcase name="round trips every transactional admission and resume frame()" classname="com.parlor.networking.protocol.RoomMessageCodecTest" time="0.008"/>
  <testcase name="session starting matches its golden wire vector()" classname="com.parlor.networking.protocol.RoomMessageCodecTest" time="0.001"/>
  <testcase name="player snapshot matches its golden wire vector()" classname="com.parlor.networking.protocol.RoomMessageCodecTest" time="0.001"/>
  <testcase name="round trips every acknowledged session-start frame()" classname="com.parlor.networking.protocol.RoomMessageCodecTest" time="0.003"/>
  <testcase name="rejects oversized encoded input before decode()" classname="com.parlor.networking.protocol.RoomMessageCodecTest" time="0.001"/>
  <testcase name="client command matches its golden wire vector()" classname="com.parlor.networking.protocol.RoomMessageCodecTest" time="0.001"/>
  <system-out><![CDATA[]]></system-out>
  <system-err><![CDATA[]]></system-err>
</testsuite>
