<?xml version="1.0" encoding="UTF-8"?>
<testsuite name="com.parlor.games.whodunit.ui.flow.WhodunitLocalLeaveTimerTest" tests="6" skipped="0" failures="0" errors="0" timestamp="2026-09-07T17:31:45.248Z" hostname="192.168.1.4" time="4.439">
  <properties/>
  <testcase name="eliminationConfirmationTimeIsExcludedAndStayRestartsOnlyOneTicker()[desktop]" classname="com.parlor.games.whodunit.ui.flow.WhodunitLocalLeaveTimerTest" time="1.83"/>
  <testcase name="stayDoesNotReleaseAnExistingPerTimerPause()[desktop]" classname="com.parlor.games.whodunit.ui.flow.WhodunitLocalLeaveTimerTest" time="0.375"/>
  <testcase name="lastSecondCannotExpireBehindConfirmationButExpiresAfterStay()[desktop]" classname="com.parlor.games.whodunit.ui.flow.WhodunitLocalLeaveTimerTest" time="0.277"/>
  <testcase name="failedSaveKeepsTimeFrozenAndSuccessfulSaveResumesWithoutCatchingUp()[desktop]" classname="com.parlor.games.whodunit.ui.flow.WhodunitLocalLeaveTimerTest" time="0.503"/>
  <testcase name="stayDoesNotReleaseAnExistingSessionPause()[desktop]" classname="com.parlor.games.whodunit.ui.flow.WhodunitLocalLeaveTimerTest" time="0.507"/>
  <testcase name="classicConfirmationTimeIsExcludedAndStayRestartsOnlyOneTicker()[desktop]" classname="com.parlor.games.whodunit.ui.flow.WhodunitLocalLeaveTimerTest" time="0.946"/>
  <system-out><![CDATA[]]></system-out>
  <system-err><![CDATA[]]></system-err>
</testsuite>
