<?xml version="1.0" encoding="UTF-8"?>
<testsuite name="com.parlor.transport.p2p.PeerOpeningCancellationTest" tests="12" skipped="0" failures="0" errors="0" timestamp="2026-09-07T17:17:41.108Z" hostname="192.168.1.4" time="0.024">
  <properties/>
  <testcase name="cancellingResumeReadyClosesUnreturnedRoomWithoutRevokingMembership()[desktop]" classname="com.parlor.transport.p2p.PeerOpeningCancellationTest" time="0.005"/>
  <testcase name="failedJoinRegistrationReleasesRoomAndDetachesLifecycle()[desktop]" classname="com.parlor.transport.p2p.PeerOpeningCancellationTest" time="0.002"/>
  <testcase name="cancellingResumeAckClosesUnreturnedRoomWithoutRevokingMembership()[desktop]" classname="com.parlor.transport.p2p.PeerOpeningCancellationTest" time="0.002"/>
  <testcase name="failedResumeRegistrationReleasesRoomAndDetachesLifecycle()[desktop]" classname="com.parlor.transport.p2p.PeerOpeningCancellationTest" time="0.002"/>
  <testcase name="cancellingAdmissionAckClosesUnreturnedRoomWithoutRevokingMembership()[desktop]" classname="com.parlor.transport.p2p.PeerOpeningCancellationTest" time="0.001"/>
  <testcase name="failedAdmissionReadyStopsKitOnlyOnceAndReleasesCollectors()[desktop]" classname="com.parlor.transport.p2p.PeerOpeningCancellationTest" time="0.002"/>
  <testcase name="failedResumeReadyStopsKitOnlyOnceAndReleasesCollectors()[desktop]" classname="com.parlor.transport.p2p.PeerOpeningCancellationTest" time="0.001"/>
  <testcase name="ordinaryAdmissionAckLossStillReturnsAnOwnedRoom()[desktop]" classname="com.parlor.transport.p2p.PeerOpeningCancellationTest" time="0.002"/>
  <testcase name="ordinaryResumeAckLossStillReturnsAnOwnedRoom()[desktop]" classname="com.parlor.transport.p2p.PeerOpeningCancellationTest" time="0.001"/>
  <testcase name="cancellingAdmissionReadyClosesUnreturnedRoomWithoutRevokingMembership()[desktop]" classname="com.parlor.transport.p2p.PeerOpeningCancellationTest" time="0.002"/>
  <testcase name="cancelledResumeRegistrationCannotResumeOrExpireAReplacementCredential()[desktop]" classname="com.parlor.transport.p2p.PeerOpeningCancellationTest" time="0.001"/>
  <testcase name="cancelledJoinRegistrationCannotResumeOrExpireAReplacementCredential()[desktop]" classname="com.parlor.transport.p2p.PeerOpeningCancellationTest" time="0.001"/>
  <system-out><![CDATA[]]></system-out>
  <system-err><![CDATA[]]></system-err>
</testsuite>
