<?xml version="1.0" encoding="UTF-8"?>
<testsuite name="com.parlor.app.MultiplayerRouteRestorationTest" tests="3" skipped="0" failures="0" errors="0" timestamp="2026-09-10T00:27:20.343Z" hostname="iad01-dz249-5e0ebe42-cbfa-4eb1-aff5-f50867d85bd2-3EA288075C98.local" time="0.005">
  <properties/>
  <testcase name="resumableMafiaRouteRestoresRegisteredBindingAndName()[desktop]" classname="com.parlor.app.MultiplayerRouteRestorationTest" time="0.001"/>
  <testcase name="resumableWhodunitRouteRestoresRegisteredBindingAndName()[desktop]" classname="com.parlor.app.MultiplayerRouteRestorationTest" time="0.001"/>
  <testcase name="unknown_or_unsupported_game_route_does_not_fall_through()[desktop]" classname="com.parlor.app.MultiplayerRouteRestorationTest" time="0.001"/>
  <system-out><![CDATA[]]></system-out>
  <system-err><![CDATA[]]></system-err>
</testsuite>
