<?xml version="1.0" encoding="UTF-8"?>
<testsuite name="com.parlor.app.shell.game.WhodunitShippedPlayerCountTest" tests="2" skipped="0" failures="0" errors="0" timestamp="2026-09-06T08:36:01.254Z" hostname="192.168.1.5" time="0.0">
  <properties/>
  <testcase name="releaseMultiplayerRangeMatchesTheOnlyBundledPlayerCount()[desktop]" classname="com.parlor.app.shell.game.WhodunitShippedPlayerCountTest" time="0.0"/>
  <testcase name="releaseMultiplayerRangeRemainsWithinEngineCapabilities()[desktop]" classname="com.parlor.app.shell.game.WhodunitShippedPlayerCountTest" time="0.0"/>
  <system-out><![CDATA[]]></system-out>
  <system-err><![CDATA[]]></system-err>
</testsuite>
