<?xml version="1.0" encoding="UTF-8"?>
<testsuite name="com.parlor.engine.testing.reducer.ReducerSmokeTest" tests="2" skipped="0" failures="0" errors="0" timestamp="2026-09-07T18:37:06.902Z" hostname="runnervmfx5wp" time="0.014">
  <properties/>
  <testcase name="reducer_runs_to_completion()[desktop]" classname="com.parlor.engine.testing.reducer.ReducerSmokeTest" time="0.01"/>
  <testcase name="out_of_turn_announcement_is_rejected()[desktop]" classname="com.parlor.engine.testing.reducer.ReducerSmokeTest" time="0.002"/>
  <system-out><![CDATA[]]></system-out>
  <system-err><![CDATA[]]></system-err>
</testsuite>
