<?xml version="1.0" encoding="UTF-8"?>
<testsuite name="com.parlor.app.storage.SnapshotProtectionPolicyTest" tests="4" skipped="0" failures="0" errors="0" timestamp="2026-09-07T18:42:02.581Z" hostname="runnervmejwal" time="0.061">
  <properties/>
  <testcase name="recordOneByteShorterThanAuthenticationTagIsRejected()" classname="com.parlor.app.storage.SnapshotProtectionPolicyTest" time="0.0"/>
  <testcase name="authenticationTagOnlyPayloadIsValidForEmptyPlaintext()" classname="com.parlor.app.storage.SnapshotProtectionPolicyTest" time="0.0"/>
  <testcase name="oversizedPlaintextIsClearedBeforeItIsRejected()" classname="com.parlor.app.storage.SnapshotProtectionPolicyTest" time="0.002"/>
  <testcase name="plaintextExactlyAtTheMaximumIsAcceptedWithoutCopying()" classname="com.parlor.app.storage.SnapshotProtectionPolicyTest" time="0.055"/>
  <system-out><![CDATA[]]></system-out>
  <system-err><![CDATA[]]></system-err>
</testsuite>
