<?xml version="1.0" encoding="UTF-8"?>
<testsuite name="com.parlor.transport.p2p.PeerOpeningCancellationTest" tests="12" skipped="0" failures="0" errors="0" timestamp="2026-09-11T14:38:38.036Z" hostname="runnervmlun5p" time="0.219">
  <properties/>
  <testcase name="cancellingResumeReadyClosesUnreturnedRoomWithoutRevokingMembership()[desktop]" classname="com.parlor.transport.p2p.PeerOpeningCancellationTest" time="0.041"/>
  <testcase name="failedJoinRegistrationReleasesRoomAndDetachesLifecycle()[desktop]" classname="com.parlor.transport.p2p.PeerOpeningCancellationTest" time="0.021"/>
  <testcase name="cancellingResumeAckClosesUnreturnedRoomWithoutRevokingMembership()[desktop]" classname="com.parlor.transport.p2p.PeerOpeningCancellationTest" time="0.023"/>
  <testcase name="failedResumeRegistrationReleasesRoomAndDetachesLifecycle()[desktop]" classname="com.parlor.transport.p2p.PeerOpeningCancellationTest" time="0.017"/>
  <testcase name="cancellingAdmissionAckClosesUnreturnedRoomWithoutRevokingMembership()[desktop]" classname="com.parlor.transport.p2p.PeerOpeningCancellationTest" time="0.016"/>
  <testcase name="failedAdmissionReadyStopsKitOnlyOnceAndReleasesCollectors()[desktop]" classname="com.parlor.transport.p2p.PeerOpeningCancellationTest" time="0.02"/>
  <testcase name="failedResumeReadyStopsKitOnlyOnceAndReleasesCollectors()[desktop]" classname="com.parlor.transport.p2p.PeerOpeningCancellationTest" time="0.011"/>
  <testcase name="ordinaryAdmissionAckLossStillReturnsAnOwnedRoom()[desktop]" classname="com.parlor.transport.p2p.PeerOpeningCancellationTest" time="0.008"/>
  <testcase name="ordinaryResumeAckLossStillReturnsAnOwnedRoom()[desktop]" classname="com.parlor.transport.p2p.PeerOpeningCancellationTest" time="0.008"/>
  <testcase name="cancellingAdmissionReadyClosesUnreturnedRoomWithoutRevokingMembership()[desktop]" classname="com.parlor.transport.p2p.PeerOpeningCancellationTest" time="0.011"/>
  <testcase name="cancelledResumeRegistrationCannotResumeOrExpireAReplacementCredential()[desktop]" classname="com.parlor.transport.p2p.PeerOpeningCancellationTest" time="0.017"/>
  <testcase name="cancelledJoinRegistrationCannotResumeOrExpireAReplacementCredential()[desktop]" classname="com.parlor.transport.p2p.PeerOpeningCancellationTest" time="0.011"/>
  <system-out><![CDATA[]]></system-out>
  <system-err><![CDATA[]]></system-err>
</testsuite>
