<?xml version="1.0" encoding="UTF-8"?>
<testsuite name="com.parlor.games.mafia.domain.MafiaDoctorRulesTest" tests="8" skipped="0" failures="0" errors="0" timestamp="2026-09-10T10:24:53.517Z" hostname="runnervmejwal" time="0.689">
  <properties/>
  <testcase name="enabled_setting_saves_same_living_target_for_four_consecutive_nights()" classname="com.parlor.games.mafia.domain.MafiaDoctorRulesTest" time="0.487"/>
  <testcase name="repeat_is_default_off_for_every_supported_player_count()" classname="com.parlor.games.mafia.domain.MafiaDoctorRulesTest" time="0.0"/>
  <testcase name="enabling_repeats_does_not_allow_dead_targets_or_a_non_doctor_actor()" classname="com.parlor.games.mafia.domain.MafiaDoctorRulesTest" time="0.002"/>
  <testcase name="skipped_night_clears_previous_effective_target_but_consumes_submission()" classname="com.parlor.games.mafia.domain.MafiaDoctorRulesTest" time="0.008"/>
  <testcase name="repeat_and_self_protection_settings_are_independent()" classname="com.parlor.games.mafia.domain.MafiaDoctorRulesTest" time="0.007"/>
  <testcase name="setup_draft_and_action_codec_commit_selection_once_without_changing_assignment()" classname="com.parlor.games.mafia.domain.MafiaDoctorRulesTest" time="0.155"/>
  <testcase name="disabled_setting_rejects_repeat_and_allows_alternating_targets()" classname="com.parlor.games.mafia.domain.MafiaDoctorRulesTest" time="0.004"/>
  <testcase name="first_valid_target_cannot_be_replaced_or_skipped_later_that_night()" classname="com.parlor.games.mafia.domain.MafiaDoctorRulesTest" time="0.002"/>
  <system-out><![CDATA[]]></system-out>
  <system-err><![CDATA[]]></system-err>
</testsuite>
