<?xml version="1.0" encoding="UTF-8"?>
<testsuite name="com.parlor.games.whodunit.flow.PauseRefuseLeaveTest" tests="10" skipped="0" failures="0" errors="0" timestamp="2026-09-10T00:29:50.604Z" hostname="runnervmejwal" time="0.193">
  <properties/>
  <testcase name="elimination_refuse_to_vote_does_not_break_tie_then_revote_advances_round()[desktop]" classname="com.parlor.games.whodunit.flow.PauseRefuseLeaveTest" time="0.022"/>
  <testcase name="end_now_deletes_snapshot_and_clears_listUnfinished()[desktop]" classname="com.parlor.games.whodunit.flow.PauseRefuseLeaveTest" time="0.016"/>
  <testcase name="resume_clears_paused_and_unfreezes_timer()[desktop]" classname="com.parlor.games.whodunit.flow.PauseRefuseLeaveTest" time="0.019"/>
  <testcase name="classic_majority_with_one_refuser_resolves_with_innocent_accused()[desktop]" classname="com.parlor.games.whodunit.flow.PauseRefuseLeaveTest" time="0.025"/>
  <testcase name="timer_ticked_while_paused_is_a_no_op()[desktop]" classname="com.parlor.games.whodunit.flow.PauseRefuseLeaveTest" time="0.013"/>
  <testcase name="classic_refuse_to_vote_with_tied_voters_creates_normal_tie()[desktop]" classname="com.parlor.games.whodunit.flow.PauseRefuseLeaveTest" time="0.021"/>
  <testcase name="refuse_to_vote_emits_VoteRefused_and_tallies_like_abstain()[desktop]" classname="com.parlor.games.whodunit.flow.PauseRefuseLeaveTest" time="0.021"/>
  <testcase name="resume_later_keeps_snapshot_in_listUnfinished()[desktop]" classname="com.parlor.games.whodunit.flow.PauseRefuseLeaveTest" time="0.021"/>
  <testcase name="pause_sets_public_paused_and_freezes_discussion_timer()[desktop]" classname="com.parlor.games.whodunit.flow.PauseRefuseLeaveTest" time="0.013"/>
  <testcase name="pause_state_survives_snapshot_round_trip()[desktop]" classname="com.parlor.games.whodunit.flow.PauseRefuseLeaveTest" time="0.018"/>
  <system-out><![CDATA[]]></system-out>
  <system-err><![CDATA[]]></system-err>
</testsuite>
