<?xml version="1.0" encoding="UTF-8"?>
<testsuite name="com.parlor.games.whodunit.ui.WhodunitAccessibilitySemanticsTest" tests="5" skipped="0" failures="0" errors="0" timestamp="2026-09-10T00:29:54.477Z" hostname="runnervmejwal" time="9.024">
  <properties/>
  <testcase name="reveal_hides_each_stage_until_its_fade_completes()[desktop]" classname="com.parlor.games.whodunit.ui.WhodunitAccessibilitySemanticsTest" time="4.827"/>
  <testcase name="reduced_motion_exposes_complete_reveal_semantics_immediately()[desktop]" classname="com.parlor.games.whodunit.ui.WhodunitAccessibilitySemanticsTest" time="0.1"/>
  <testcase name="timer_exposes_one_coherent_normal_and_urgent_value()[desktop]" classname="com.parlor.games.whodunit.ui.WhodunitAccessibilitySemanticsTest" time="0.12"/>
  <testcase name="timer_announces_only_the_exact_ten_second_threshold()[desktop]" classname="com.parlor.games.whodunit.ui.WhodunitAccessibilitySemanticsTest" time="0.103"/>
  <testcase name="reveal_continue_is_enabled_only_after_the_final_fade_completes()[desktop]" classname="com.parlor.games.whodunit.ui.WhodunitAccessibilitySemanticsTest" time="3.868"/>
  <system-out><![CDATA[]]></system-out>
  <system-err><![CDATA[]]></system-err>
</testsuite>
