<?xml version="1.0" encoding="UTF-8"?>
<testsuite name="com.parlor.games.whodunit.content.TestingStoryGameTraceTest" tests="1" skipped="0" failures="0" errors="0" timestamp="2026-09-10T00:29:12.838Z" hostname="runnervmejwal" time="20.24">
  <properties/>
  <testcase name="everyBundledCaseKillerAndModeCompletesDeterministicallyAndRoundTrips()[desktop]" classname="com.parlor.games.whodunit.content.TestingStoryGameTraceTest" time="20.24"/>
  <system-out><![CDATA[]]></system-out>
  <system-err><![CDATA[]]></system-err>
</testsuite>
