<?xml version="1.0" encoding="UTF-8"?>
<testsuite name="com.parlor.games.mafia.ui.screens.setup.MafiaDoctorSettingUiTest" tests="2" skipped="0" failures="0" errors="0" timestamp="2026-09-06T12:19:21.353Z" hostname="192.168.1.5" time="0.338">
  <properties/>
  <testcase name="arabic_consecutive_nights_toggle_defaults_off_and_commits_on_and_off()[desktop]" classname="com.parlor.games.mafia.ui.screens.setup.MafiaDoctorSettingUiTest" time="0.174"/>
  <testcase name="english_consecutive_nights_toggle_defaults_off_and_commits_on_and_off()[desktop]" classname="com.parlor.games.mafia.ui.screens.setup.MafiaDoctorSettingUiTest" time="0.164"/>
  <system-out><![CDATA[]]></system-out>
  <system-err><![CDATA[]]></system-err>
</testsuite>
