<?xml version="1.0" encoding="UTF-8"?>
<testsuite name="com.parlor.networking.protocol.RoomMessageCodecTest" tests="9" skipped="0" failures="0" errors="0" timestamp="2026-09-11T02:20:22.488Z" hostname="sjc20-av659-34a2da46-5990-44e3-be11-defac2bde170-0E00C18D42BC.local" time="0.456">
  <properties/>
  <testcase name="registered room message variants match the complete wire allowlist()[desktop]" classname="com.parlor.networking.protocol.RoomMessageCodecTest" time="0.16"/>
  <testcase name="round trips binary snapshot without JSON byte expansion()[desktop]" classname="com.parlor.networking.protocol.RoomMessageCodecTest" time="0.046"/>
  <testcase name="admission offered matches its golden wire vector()[desktop]" classname="com.parlor.networking.protocol.RoomMessageCodecTest" time="0.014"/>
  <testcase name="round trips every transactional admission and resume frame()[desktop]" classname="com.parlor.networking.protocol.RoomMessageCodecTest" time="0.06"/>
  <testcase name="session starting matches its golden wire vector()[desktop]" classname="com.parlor.networking.protocol.RoomMessageCodecTest" time="0.018"/>
  <testcase name="player snapshot matches its golden wire vector()[desktop]" classname="com.parlor.networking.protocol.RoomMessageCodecTest" time="0.004"/>
  <testcase name="round trips every acknowledged session-start frame()[desktop]" classname="com.parlor.networking.protocol.RoomMessageCodecTest" time="0.016"/>
  <testcase name="rejects oversized encoded input before decode()[desktop]" classname="com.parlor.networking.protocol.RoomMessageCodecTest" time="0.005"/>
  <testcase name="client command matches its golden wire vector()[desktop]" classname="com.parlor.networking.protocol.RoomMessageCodecTest" time="0.019"/>
  <system-out><![CDATA[]]></system-out>
  <system-err><![CDATA[]]></system-err>
</testsuite>
