<?xml version="1.0" encoding="UTF-8"?>
<testsuite name="com.parlor.session.passandplay.OrderedEventEmissionTurnTest" tests="2" skipped="0" failures="0" errors="0" timestamp="2026-09-11T14:37:12.937Z" hostname="iad01-dz252-1ad49659-740d-4c73-a24e-ce5d11b7a3c3-EA47144733B8.local" time="0.008">
  <properties/>
  <testcase name="cancelled_batch_releases_its_successor()[desktop]" classname="com.parlor.session.passandplay.OrderedEventEmissionTurnTest" time="0.003"/>
  <testcase name="later_batch_waits_for_the_complete_earlier_batch()[desktop]" classname="com.parlor.session.passandplay.OrderedEventEmissionTurnTest" time="0.005"/>
  <system-out><![CDATA[]]></system-out>
  <system-err><![CDATA[]]></system-err>
</testsuite>
