<?xml version="1.0" encoding="UTF-8"?>
<testsuite name="com.parlor.session.multidevice.ShadowSessionControllerTest" tests="3" skipped="0" failures="0" errors="0" timestamp="2026-09-11T14:37:12.925Z" hostname="iad01-dz252-1ad49659-740d-4c73-a24e-ce5d11b7a3c3-EA47144733B8.local" time="0.005">
  <properties/>
  <testcase name="installPlayerSnapshotUpdatesBothViewsFromOneValidatedCall()[desktop]" classname="com.parlor.session.multidevice.ShadowSessionControllerTest" time="0.001"/>
  <testcase name="wrongPlayerSnapshotIsRejectedBeforeEitherViewChanges()[desktop]" classname="com.parlor.session.multidevice.ShadowSessionControllerTest" time="0.0"/>
  <testcase name="peerCannotAssumeHostViewerContext()[desktop]" classname="com.parlor.session.multidevice.ShadowSessionControllerTest" time="0.003"/>
  <system-out><![CDATA[]]></system-out>
  <system-err><![CDATA[]]></system-err>
</testsuite>
