<?xml version="1.0" encoding="UTF-8"?>
<testsuite name="com.parlor.designsystem.components.ParlorToastConcurrencyTest" tests="2" skipped="0" failures="0" errors="0" timestamp="2026-09-10T10:17:52.754Z" hostname="iad01-dz251-152fa2dc-c3f6-4481-8767-d32a9511f474-CE844A2E315A.local" time="0.375">
  <properties/>
  <testcase name="concurrent_identical_messages_still_coalesce_and_floods_remain_bounded()[desktop]" classname="com.parlor.designsystem.components.ParlorToastConcurrencyTest" time="0.031"/>
  <testcase name="concurrent_producers_cannot_reuse_lifetime_ids_or_lose_a_non_overflowing_wave()[desktop]" classname="com.parlor.designsystem.components.ParlorToastConcurrencyTest" time="0.341"/>
  <system-out><![CDATA[]]></system-out>
  <system-err><![CDATA[]]></system-err>
</testsuite>
