<?xml version="1.0" encoding="UTF-8"?>
<testsuite name="com.parlor.designsystem.components.ParlorSafeAreaTest" tests="1" skipped="0" failures="0" errors="0" timestamp="2026-09-10T10:17:52.738Z" hostname="iad01-dz251-152fa2dc-c3f6-4481-8767-d32a9511f474-CE844A2E315A.local" time="0.012">
  <properties/>
  <testcase name="visual spacing is added outside every safe-area edge()[desktop]" classname="com.parlor.designsystem.components.ParlorSafeAreaTest" time="0.012"/>
  <system-out><![CDATA[]]></system-out>
  <system-err><![CDATA[]]></system-err>
</testsuite>
