<?xml version="1.0" encoding="UTF-8"?>
<testsuite name="com.parlor.designsystem.components.RecoveryActionContrastTest" tests="3" skipped="0" failures="0" errors="0" timestamp="2026-09-10T10:18:03.957Z" hostname="iad01-dz251-152fa2dc-c3f6-4481-8767-d32a9511f474-CE844A2E315A.local" time="0.849">
  <properties/>
  <testcase name="disconnected_host_leave_is_readable_in_both_themes()[desktop]" classname="com.parlor.designsystem.components.RecoveryActionContrastTest" time="0.314"/>
  <testcase name="reconnecting_leave_is_readable_in_both_themes()[desktop]" classname="com.parlor.designsystem.components.RecoveryActionContrastTest" time="0.329"/>
  <testcase name="ordinary_ghost_button_retains_its_theme_appropriate_foreground()[desktop]" classname="com.parlor.designsystem.components.RecoveryActionContrastTest" time="0.203"/>
  <system-out><![CDATA[]]></system-out>
  <system-err><![CDATA[]]></system-err>
</testsuite>
