<?xml version="1.0" encoding="UTF-8"?>
<testsuite name="com.parlor.session.multidevice.RetainedSessionOperationTest" tests="4" skipped="0" failures="0" errors="0" timestamp="2026-09-07T18:37:28.834Z" hostname="runnervmfx5wp" time="0.024">
  <properties/>
  <testcase name="sessionCancellationIsNotMappedToAnOrdinaryFailure()[desktop]" classname="com.parlor.session.multidevice.RetainedSessionOperationTest" time="0.009"/>
  <testcase name="losingTheUiCallerDoesNotCancelProcessOwnedWork()[desktop]" classname="com.parlor.session.multidevice.RetainedSessionOperationTest" time="0.003"/>
  <testcase name="unexpectedFailureBecomesTheExplicitSafeState()[desktop]" classname="com.parlor.session.multidevice.RetainedSessionOperationTest" time="0.002"/>
  <testcase name="concurrentInstallersLaunchTheOperationExactlyOnce()[desktop]" classname="com.parlor.session.multidevice.RetainedSessionOperationTest" time="0.005"/>
  <system-out><![CDATA[]]></system-out>
  <system-err><![CDATA[]]></system-err>
</testsuite>
