<?xml version="1.0" encoding="UTF-8"?>
<testsuite name="com.parlor.app.shell.multiplayer.NameInputPolicyTest" tests="2" skipped="0" failures="0" errors="0" timestamp="2026-09-10T10:28:09.771Z" hostname="sat12-dp154-36996618-5f4a-4d98-9513-702817e31499-5E584092C79C.local" time="0.0">
  <properties/>
  <testcase name="blankNamesCannotBeSubmittedAsASharedFallback[iosSimulatorArm64]" classname="com.parlor.app.shell.multiplayer.NameInputPolicyTest" time="0.0"/>
  <testcase name="explicitNameIsTrimmedAndRemainsSubmittable[iosSimulatorArm64]" classname="com.parlor.app.shell.multiplayer.NameInputPolicyTest" time="0.0"/>
  <system-out><![CDATA[]]></system-out>
  <system-err><![CDATA[]]></system-err>
</testsuite>
