<?xml version="1.0" encoding="UTF-8"?>
<testsuite name="com.parlor.app.shell.multiplayer.NameInputPolicyTest" tests="2" skipped="0" failures="0" errors="0" timestamp="2026-09-11T04:24:58.895Z" hostname="runnervmlun5p" time="0.006">
  <properties/>
  <testcase name="blankNamesCannotBeSubmittedAsASharedFallback()" classname="com.parlor.app.shell.multiplayer.NameInputPolicyTest" time="0.004"/>
  <testcase name="explicitNameIsTrimmedAndRemainsSubmittable()" classname="com.parlor.app.shell.multiplayer.NameInputPolicyTest" time="0.001"/>
  <system-out><![CDATA[]]></system-out>
  <system-err><![CDATA[]]></system-err>
</testsuite>
