<?xml version="1.0" encoding="UTF-8"?>
<testsuite name="com.parlor.games.whodunit.domain.CluePolicyTest" tests="5" skipped="0" failures="0" errors="0" timestamp="2026-09-05T10:06:35.631Z" hostname="192.168.1.11" time="0.128">
  <properties/>
  <testcase name="admittedCaseNeverDrawsTheSameClueTwice()[desktop]" classname="com.parlor.games.whodunit.domain.CluePolicyTest" time="0.053"/>
  <testcase name="sameSeedProducesSameClueSequence()[desktop]" classname="com.parlor.games.whodunit.domain.CluePolicyTest" time="0.037"/>
  <testcase name="differentSeedsProduceAtLeastOneDifferentSequence()[desktop]" classname="com.parlor.games.whodunit.domain.CluePolicyTest" time="0.016"/>
  <testcase name="lastRoundAlwaysUsesFinalStrongWhenAvailable()[desktop]" classname="com.parlor.games.whodunit.domain.CluePolicyTest" time="0.017"/>
  <testcase name="exhaustedCluePoolsAreRejectedBeforeReducerUse()[desktop]" classname="com.parlor.games.whodunit.domain.CluePolicyTest" time="0.001"/>
  <system-out><![CDATA[]]></system-out>
  <system-err><![CDATA[]]></system-err>
</testsuite>
