<?xml version="1.0" encoding="UTF-8"?>
<testsuite name="com.parlor.transport.p2p.HostOpeningCancellationTest" tests="5" skipped="0" failures="0" errors="0" timestamp="2026-09-07T18:37:36.557Z" hostname="runnervmfx5wp" time="0.091">
  <properties/>
  <testcase name="cancelledRegistrationClosesRoomBeforeQueuedForegroundCanReviveIt()[desktop]" classname="com.parlor.transport.p2p.HostOpeningCancellationTest" time="0.068"/>
  <testcase name="returnedHostRetainsOwnershipUntilIdempotentLeave()[desktop]" classname="com.parlor.transport.p2p.HostOpeningCancellationTest" time="0.004"/>
  <testcase name="registrationFailureClosesUnreturnedRoomAndDetachesLifecycle()[desktop]" classname="com.parlor.transport.p2p.HostOpeningCancellationTest" time="0.006"/>
  <testcase name="cancellationDuringAdvertisingClosesArmedRoom()[desktop]" classname="com.parlor.transport.p2p.HostOpeningCancellationTest" time="0.005"/>
  <testcase name="cancellationDuringKitStartStopsUnownedKit()[desktop]" classname="com.parlor.transport.p2p.HostOpeningCancellationTest" time="0.005"/>
  <system-out><![CDATA[]]></system-out>
  <system-err><![CDATA[]]></system-err>
</testsuite>
