<?xml version="1.0" encoding="UTF-8"?>
<testsuite name="com.parlor.transport.p2p.AppLifecycleRoomCoordinatorTest" tests="2" skipped="0" failures="0" errors="0" timestamp="2026-09-06T08:41:27.613Z" hostname="192.168.1.5" time="0.0">
  <properties/>
  <testcase name="foreground_cannot_be_overtaken_by_background_captured_during_room_registration[iosSimulatorArm64]" classname="com.parlor.transport.p2p.AppLifecycleRoomCoordinatorTest" time="0.0"/>
  <testcase name="close_from_an_old_generation_cannot_detach_the_replacement_room[iosSimulatorArm64]" classname="com.parlor.transport.p2p.AppLifecycleRoomCoordinatorTest" time="0.0"/>
  <system-out><![CDATA[]]></system-out>
  <system-err><![CDATA[]]></system-err>
</testsuite>
