<?xml version="1.0" encoding="UTF-8"?>
<testsuite name="com.parlor.networking.security.SecureIdsTest" tests="2" skipped="0" failures="0" errors="0" timestamp="2026-09-10T10:15:48.661Z" hostname="runnervmvmocb" time="0.005">
  <properties/>
  <testcase name="random_long_byte_conversion_preserves_all_64_random_bits()[desktop]" classname="com.parlor.networking.security.SecureIdsTest" time="0.003"/>
  <testcase name="random_long_byte_conversion_rejects_partial_entropy()[desktop]" classname="com.parlor.networking.security.SecureIdsTest" time="0.0"/>
  <system-out><![CDATA[]]></system-out>
  <system-err><![CDATA[]]></system-err>
</testsuite>
