<?xml version="1.0" encoding="UTF-8"?>
<testsuite name="com.parlor.games.mafia.flow.MafiaLocalSessionConfigTest" tests="2" skipped="0" failures="0" errors="0" timestamp="2026-09-11T14:36:36.874Z" hostname="runnervmlun5p" time="0.011">
  <properties/>
  <testcase name="freshIdsUseIndependentEntropyRatherThanTheGameplaySeed()[desktop]" classname="com.parlor.games.mafia.flow.MafiaLocalSessionConfigTest" time="0.002"/>
  <testcase name="resumePreservesThePersistedIdWithoutConsumingFreshEntropy()[desktop]" classname="com.parlor.games.mafia.flow.MafiaLocalSessionConfigTest" time="0.001"/>
  <system-out><![CDATA[]]></system-out>
  <system-err><![CDATA[]]></system-err>
</testsuite>
