<?xml version="1.0" encoding="UTF-8"?>
<testsuite name="com.parlor.games.mafia.ui.components.MafiaCoverContrastTest" tests="8" skipped="0" failures="0" errors="0" timestamp="2026-09-11T14:36:42.114Z" hostname="runnervmlun5p" time="4.134">
  <properties/>
  <testcase name="arabicDarkCover()[desktop]" classname="com.parlor.games.mafia.ui.components.MafiaCoverContrastTest" time="2.4"/>
  <testcase name="arabicLightCover()[desktop]" classname="com.parlor.games.mafia.ui.components.MafiaCoverContrastTest" time="0.099"/>
  <testcase name="arabicLightLargeText()[desktop]" classname="com.parlor.games.mafia.ui.components.MafiaCoverContrastTest" time="0.332"/>
  <testcase name="englishDarkLargeText()[desktop]" classname="com.parlor.games.mafia.ui.components.MafiaCoverContrastTest" time="0.339"/>
  <testcase name="englishLightLargeText()[desktop]" classname="com.parlor.games.mafia.ui.components.MafiaCoverContrastTest" time="0.322"/>
  <testcase name="arabicDarkLargeText()[desktop]" classname="com.parlor.games.mafia.ui.components.MafiaCoverContrastTest" time="0.322"/>
  <testcase name="englishLightCover()[desktop]" classname="com.parlor.games.mafia.ui.components.MafiaCoverContrastTest" time="0.173"/>
  <testcase name="englishDarkCover()[desktop]" classname="com.parlor.games.mafia.ui.components.MafiaCoverContrastTest" time="0.141"/>
  <system-out><![CDATA[]]></system-out>
  <system-err><![CDATA[]]></system-err>
</testsuite>
