<?xml version="1.0" encoding="UTF-8"?>
<testsuite name="com.parlor.games.mafia.domain.projection.MafiaHostOnlyRedactionSentinelTest" tests="4" skipped="0" failures="0" errors="0" timestamp="2026-09-07T18:43:48.240Z" hostname="iad01-dz252-dfc52010-ebd4-41e7-9a4f-56e71944b007-CA9CE47117F2.local" time="0.025">
  <properties/>
  <testcase name="redacted_host_only_equals_empty_constructor_baseline()[desktop]" classname="com.parlor.games.mafia.domain.projection.MafiaHostOnlyRedactionSentinelTest" time="0.008"/>
  <testcase name="redaction_sentinel_requires_review_when_host_only_schema_changes()[desktop]" classname="com.parlor.games.mafia.domain.projection.MafiaHostOnlyRedactionSentinelTest" time="0.003"/>
  <testcase name="to_public_redacts_every_known_host_only_field()[desktop]" classname="com.parlor.games.mafia.domain.projection.MafiaHostOnlyRedactionSentinelTest" time="0.006"/>
  <testcase name="to_player_redacts_every_known_host_only_field()[desktop]" classname="com.parlor.games.mafia.domain.projection.MafiaHostOnlyRedactionSentinelTest" time="0.003"/>
  <system-out><![CDATA[]]></system-out>
  <system-err><![CDATA[]]></system-err>
</testsuite>
