<?xml version="1.0" encoding="UTF-8"?>
<testsuite name="com.parlor.games.whodunit.WhodunitPlayModePolicyTest" tests="1" skipped="0" failures="0" errors="0" timestamp="2026-09-11T14:38:26.464Z" hostname="iad01-dz252-1ad49659-740d-4c73-a24e-ce5d11b7a3c3-EA47144733B8.local" time="0.05">
  <properties/>
  <testcase name="only_pass_and_play_can_enter_the_local_game_flow()[desktop]" classname="com.parlor.games.whodunit.WhodunitPlayModePolicyTest" time="0.05"/>
  <system-out><![CDATA[]]></system-out>
  <system-err><![CDATA[]]></system-err>
</testsuite>
