<?xml version="1.0" encoding="UTF-8"?>
<testsuite name="com.parlor.games.mafia.ui.screens.night.DoctorTargetEligibilityTest" tests="2" skipped="0" failures="0" errors="0" timestamp="2026-09-10T03:12:09.175Z" hostname="runnervmeef0v" time="0.003">
  <properties/>
  <testcase name="canonical_local_and_projected_lan_choices_honor_both_independent_settings()[desktop]" classname="com.parlor.games.mafia.ui.screens.night.DoctorTargetEligibilityTest" time="0.002"/>
  <testcase name="eligibility_matches_reducer_acceptance_before_each_first_submission()[desktop]" classname="com.parlor.games.mafia.ui.screens.night.DoctorTargetEligibilityTest" time="0.0"/>
  <system-out><![CDATA[]]></system-out>
  <system-err><![CDATA[]]></system-err>
</testsuite>
