<?xml version="1.0" encoding="UTF-8"?>
<testsuite name="com.parlor.games.mafia.ui.components.MafiaCoverContrastTest" tests="8" skipped="0" failures="0" errors="0" timestamp="2026-09-10T03:12:03.926Z" hostname="runnervmeef0v" time="2.6">
  <properties/>
  <testcase name="arabicDarkCover()[desktop]" classname="com.parlor.games.mafia.ui.components.MafiaCoverContrastTest" time="1.857"/>
  <testcase name="arabicLightCover()[desktop]" classname="com.parlor.games.mafia.ui.components.MafiaCoverContrastTest" time="0.073"/>
  <testcase name="arabicLightLargeText()[desktop]" classname="com.parlor.games.mafia.ui.components.MafiaCoverContrastTest" time="0.151"/>
  <testcase name="englishDarkLargeText()[desktop]" classname="com.parlor.games.mafia.ui.components.MafiaCoverContrastTest" time="0.096"/>
  <testcase name="englishLightLargeText()[desktop]" classname="com.parlor.games.mafia.ui.components.MafiaCoverContrastTest" time="0.15"/>
  <testcase name="arabicDarkLargeText()[desktop]" classname="com.parlor.games.mafia.ui.components.MafiaCoverContrastTest" time="0.097"/>
  <testcase name="englishLightCover()[desktop]" classname="com.parlor.games.mafia.ui.components.MafiaCoverContrastTest" time="0.07"/>
  <testcase name="englishDarkCover()[desktop]" classname="com.parlor.games.mafia.ui.components.MafiaCoverContrastTest" time="0.1"/>
  <system-out><![CDATA[]]></system-out>
  <system-err><![CDATA[]]></system-err>
</testsuite>
