<?xml version="1.0" encoding="UTF-8"?>
<testsuite name="com.parlor.networking.room.LocalRoomRetryContractTest" tests="3" skipped="0" failures="0" errors="0" timestamp="2026-09-11T04:31:21.183Z" hostname="sat12-bq163-1e250769-ccc8-443f-bbe9-120478f86585-42B437C300ED.local" time="0.0">
  <properties/>
  <testcase name="fallback retry close maps an ordinary adapter exception[iosSimulatorArm64]" classname="com.parlor.networking.room.LocalRoomRetryContractTest" time="0.0"/>
  <testcase name="fallback retry close propagates cancellation[iosSimulatorArm64]" classname="com.parlor.networking.room.LocalRoomRetryContractTest" time="0.0"/>
  <testcase name="fallback retry close propagates fatal errors[iosSimulatorArm64]" classname="com.parlor.networking.room.LocalRoomRetryContractTest" time="0.0"/>
  <system-out><![CDATA[]]></system-out>
  <system-err><![CDATA[]]></system-err>
</testsuite>
