<?xml version="1.0" encoding="UTF-8"?>
<testsuite name="com.parlor.session.multidevice.MultiDeviceShapeTest" tests="1" skipped="0" failures="0" errors="0" timestamp="2026-09-11T02:20:45.245Z" hostname="sjc20-av659-34a2da46-5990-44e3-be11-defac2bde170-0E00C18D42BC.local" time="0.232">
  <properties/>
  <testcase name="reducer_state_trajectory_matches_across_real_in_memory_topologies()[desktop]" classname="com.parlor.session.multidevice.MultiDeviceShapeTest" time="0.232"/>
  <system-out><![CDATA[]]></system-out>
  <system-err><![CDATA[]]></system-err>
</testsuite>
