<?xml version="1.0" encoding="UTF-8"?>
<testsuite name="com.parlor.games.whodunit.content.TestingStoryChronologyTest" tests="5" skipped="0" failures="0" errors="0" timestamp="2026-09-06T12:19:26.167Z" hostname="192.168.1.5" time="0.037">
  <properties/>
  <testcase name="nadimsShortCellarWaitMatchesTheFinalAccountWithoutChangingHisLie()[desktop]" classname="com.parlor.games.whodunit.content.TestingStoryChronologyTest" time="0.011"/>
  <testcase name="jamesLightsOneCigarAt915WhileHis910AlibiRemainsFalse()[desktop]" classname="com.parlor.games.whodunit.content.TestingStoryChronologyTest" time="0.007"/>
  <testcase name="correctionsBumpOnlyTheFourTestingCaseVersions()[desktop]" classname="com.parlor.games.whodunit.content.TestingStoryChronologyTest" time="0.014"/>
  <testcase name="laylaHasOne905OutageAcrossIntroEvidenceAndWitnesses()[desktop]" classname="com.parlor.games.whodunit.content.TestingStoryChronologyTest" time="0.002"/>
  <testcase name="karims940PoisoningPrecedesHisCorroborated1015RecordsAlibi()[desktop]" classname="com.parlor.games.whodunit.content.TestingStoryChronologyTest" time="0.002"/>
  <system-out><![CDATA[]]></system-out>
  <system-err><![CDATA[]]></system-err>
</testsuite>
