<?xml version="1.0" encoding="UTF-8"?>
<testsuite name="com.parlor.games.whodunit.content.TestingStoryRemainingChronologyTest" tests="3" skipped="0" failures="3" errors="0" timestamp="2026-09-07T07:16:40.607Z" hostname="192.168.1.4" time="0.164">
  <properties/>
  <testcase name="guiltyCaptainsDiscoveryAndTwoMinuteHesitationMatchPublicFactsAndCamera()[desktop]" classname="com.parlor.games.whodunit.content.TestingStoryRemainingChronologyTest" time="0.15">
    <failure message="org.opentest4j.AssertionFailedError: expected: &lt;خرجتَ إلى الشرفة. وجدتَه. انتظرتَ دقيقتين كاملتين.&gt; but was: &lt;ركض الجميع إلى الشرفة.&gt;" type="org.opentest4j.AssertionFailedError">org.opentest4j.AssertionFailedError: expected: &lt;خرجتَ إلى الشرفة. وجدتَه. انتظرتَ دقيقتين كاملتين.&gt; but was: &lt;ركض الجميع إلى الشرفة.&gt;
	at app//org.junit.jupiter.api.AssertionFailureBuilder.build(AssertionFailureBuilder.java:151)
	at app//org.junit.jupiter.api.AssertionFailureBuilder.buildAndThrow(AssertionFailureBuilder.java:132)
	at app//org.junit.jupiter.api.AssertEquals.failNotEqual(AssertEquals.java:197)
	at app//org.junit.jupiter.api.AssertEquals.assertEquals(AssertEquals.java:182)
	at app//org.junit.jupiter.api.Assertions.assertEquals(Assertions.java:1156)
	at app//kotlin.test.junit5.JUnit5Asserter.assertEquals(JUnitSupport.kt:32)
	at app//kotlin.test.AssertionsKt__AssertionsKt.assertEquals(Assertions.kt:63)
	at app//kotlin.test.AssertionsKt.assertEquals(Unknown Source)
	at app//kotlin.test.AssertionsKt__AssertionsKt.assertEquals$default(Assertions.kt:62)
	at app//kotlin.test.AssertionsKt.assertEquals$default(Unknown Source)
	at app//com.parlor.games.whodunit.content.TestingStoryRemainingChronologyTest$guiltyCaptainsDiscoveryAndTwoMinuteHesitationMatchPublicFactsAndCamera$1.invokeSuspend(TestingStoryRemainingChronologyTest.kt:62)
	at app//com.parlor.games.whodunit.content.TestingStoryRemainingChronologyTest$guiltyCaptainsDiscoveryAndTwoMinuteHesitationMatchPublicFactsAndCamera$1.invoke(TestingStoryRemainingChronologyTest.kt)
	at app//com.parlor.games.whodunit.content.TestingStoryRemainingChronologyTest$guiltyCaptainsDiscoveryAndTwoMinuteHesitationMatchPublicFactsAndCamera$1.invoke(TestingStoryRemainingChronologyTest.kt)
	at app//kotlinx.coroutines.test.TestBuildersKt__TestBuildersKt$runTest$2$1$1.invokeSuspend(TestBuilders.kt:317)
	at app//kotlin.coroutines.jvm.internal.BaseContinuationImpl.resumeWith(ContinuationImpl.kt:34)
	at app//kotlinx.coroutines.DispatchedTask.run(DispatchedTask.kt:100)
	at app//kotlinx.coroutines.test.TestDispatcher.processEvent$kotlinx_coroutines_test(TestDispatcher.kt:24)
	at app//kotlinx.coroutines.test.TestCoroutineScheduler.tryRunNextTaskUnless$kotlinx_coroutines_test(TestCoroutineScheduler.kt:98)
	at app//kotlinx.coroutines.test.TestBuildersKt__TestBuildersKt$runTest$2$1$workRunner$1.invokeSuspend(TestBuilders.kt:326)
	at app//kotlin.coroutines.jvm.internal.BaseContinuationImpl.resumeWith(ContinuationImpl.kt:34)
	at app//kotlinx.coroutines.DispatchedTask.run(DispatchedTask.kt:100)
	at app//kotlinx.coroutines.EventLoopImplBase.processNextEvent(EventLoop.common.kt:256)
	at app//kotlinx.coroutines.BlockingCoroutine.joinBlocking(Builders.kt:54)
	at app//kotlinx.coroutines.BuildersKt__BuildersKt.runBlockingImpl(Builders.kt:30)
	at app//kotlinx.coroutines.BuildersKt.runBlockingImpl(Unknown Source)
	at app//kotlinx.coroutines.BuildersKt__Builders_concurrentKt.runBlockingK(Builders.concurrent.kt:172)
	at app//kotlinx.coroutines.BuildersKt.runBlockingK(Unknown Source)
	at app//kotlinx.coroutines.BuildersKt__Builders_concurrentKt.runBlockingK$default(Builders.concurrent.kt:157)
	at app//kotlinx.coroutines.BuildersKt.runBlockingK$default(Unknown Source)
	at app//kotlinx.coroutines.test.TestBuildersJvmKt.createTestResult(TestBuildersJvm.kt:10)
	at app//kotlinx.coroutines.test.TestBuildersKt__TestBuildersKt.runTest-8Mi8wO0(TestBuilders.kt:309)
	at app//kotlinx.coroutines.test.TestBuildersKt.runTest-8Mi8wO0(TestBuilders.kt:1)
	at app//kotlinx.coroutines.test.TestBuildersKt__TestBuildersKt.runTest-8Mi8wO0(TestBuilders.kt:167)
	at app//kotlinx.coroutines.test.TestBuildersKt.runTest-8Mi8wO0(TestBuilders.kt:1)
	at app//kotlinx.coroutines.test.TestBuildersKt__TestBuildersKt.runTest-8Mi8wO0$default(TestBuilders.kt:159)
	at app//kotlinx.coroutines.test.TestBuildersKt.runTest-8Mi8wO0$default(TestBuilders.kt:1)
	at app//com.parlor.games.whodunit.content.TestingStoryRemainingChronologyTest.guiltyCaptainsDiscoveryAndTwoMinuteHesitationMatchPublicFactsAndCamera(TestingStoryRemainingChronologyTest.kt:55)
	at java.base@21.0.11/java.lang.reflect.Method.invoke(Method.java:580)
	at java.base@21.0.11/java.util.ArrayList.forEach(ArrayList.java:1596)
	at java.base@21.0.11/java.util.ArrayList.forEach(ArrayList.java:1596)
</failure>
  </testcase>
  <testcase name="walidsKnowledgeMatchesTheSameLastWeekWillWithoutInventingAnEarlierRevision()[desktop]" classname="com.parlor.games.whodunit.content.TestingStoryRemainingChronologyTest" time="0.006">
    <failure message="org.opentest4j.AssertionFailedError: Expected value to be true." type="org.opentest4j.AssertionFailedError">org.opentest4j.AssertionFailedError: Expected value to be true.
	at app//org.junit.jupiter.api.AssertionUtils.fail(AssertionUtils.java:38)
	at app//org.junit.jupiter.api.Assertions.fail(Assertions.java:138)
	at app//kotlin.test.junit5.JUnit5Asserter.fail(JUnitSupport.kt:56)
	at app//kotlin.test.Asserter.assertTrue(Assertions.kt:767)
	at app//kotlin.test.junit5.JUnit5Asserter.assertTrue(JUnitSupport.kt:30)
	at app//kotlin.test.Asserter.assertTrue(Assertions.kt:777)
	at app//kotlin.test.junit5.JUnit5Asserter.assertTrue(JUnitSupport.kt:30)
	at app//kotlin.test.AssertionsKt__AssertionsKt.assertTrue(Assertions.kt:44)
	at app//kotlin.test.AssertionsKt.assertTrue(Unknown Source)
	at app//kotlin.test.AssertionsKt__AssertionsKt.assertTrue$default(Assertions.kt:42)
	at app//kotlin.test.AssertionsKt.assertTrue$default(Unknown Source)
	at app//com.parlor.games.whodunit.content.TestingStoryRemainingChronologyTest$walidsKnowledgeMatchesTheSameLastWeekWillWithoutInventingAnEarlierRevision$1.invokeSuspend(TestingStoryRemainingChronologyTest.kt:19)
	at app//com.parlor.games.whodunit.content.TestingStoryRemainingChronologyTest$walidsKnowledgeMatchesTheSameLastWeekWillWithoutInventingAnEarlierRevision$1.invoke(TestingStoryRemainingChronologyTest.kt)
	at app//com.parlor.games.whodunit.content.TestingStoryRemainingChronologyTest$walidsKnowledgeMatchesTheSameLastWeekWillWithoutInventingAnEarlierRevision$1.invoke(TestingStoryRemainingChronologyTest.kt)
	at app//kotlinx.coroutines.test.TestBuildersKt__TestBuildersKt$runTest$2$1$1.invokeSuspend(TestBuilders.kt:317)
	at app//kotlin.coroutines.jvm.internal.BaseContinuationImpl.resumeWith(ContinuationImpl.kt:34)
	at app//kotlinx.coroutines.DispatchedTask.run(DispatchedTask.kt:100)
	at app//kotlinx.coroutines.test.TestDispatcher.processEvent$kotlinx_coroutines_test(TestDispatcher.kt:24)
	at app//kotlinx.coroutines.test.TestCoroutineScheduler.tryRunNextTaskUnless$kotlinx_coroutines_test(TestCoroutineScheduler.kt:98)
	at app//kotlinx.coroutines.test.TestBuildersKt__TestBuildersKt$runTest$2$1$workRunner$1.invokeSuspend(TestBuilders.kt:326)
	at app//kotlin.coroutines.jvm.internal.BaseContinuationImpl.resumeWith(ContinuationImpl.kt:34)
	at app//kotlinx.coroutines.DispatchedTask.run(DispatchedTask.kt:100)
	at app//kotlinx.coroutines.EventLoopImplBase.processNextEvent(EventLoop.common.kt:256)
	at app//kotlinx.coroutines.BlockingCoroutine.joinBlocking(Builders.kt:54)
	at app//kotlinx.coroutines.BuildersKt__BuildersKt.runBlockingImpl(Builders.kt:30)
	at app//kotlinx.coroutines.BuildersKt.runBlockingImpl(Unknown Source)
	at app//kotlinx.coroutines.BuildersKt__Builders_concurrentKt.runBlockingK(Builders.concurrent.kt:172)
	at app//kotlinx.coroutines.BuildersKt.runBlockingK(Unknown Source)
	at app//kotlinx.coroutines.BuildersKt__Builders_concurrentKt.runBlockingK$default(Builders.concurrent.kt:157)
	at app//kotlinx.coroutines.BuildersKt.runBlockingK$default(Unknown Source)
	at app//kotlinx.coroutines.test.TestBuildersJvmKt.createTestResult(TestBuildersJvm.kt:10)
	at app//kotlinx.coroutines.test.TestBuildersKt__TestBuildersKt.runTest-8Mi8wO0(TestBuilders.kt:309)
	at app//kotlinx.coroutines.test.TestBuildersKt.runTest-8Mi8wO0(TestBuilders.kt:1)
	at app//kotlinx.coroutines.test.TestBuildersKt__TestBuildersKt.runTest-8Mi8wO0(TestBuilders.kt:167)
	at app//kotlinx.coroutines.test.TestBuildersKt.runTest-8Mi8wO0(TestBuilders.kt:1)
	at app//kotlinx.coroutines.test.TestBuildersKt__TestBuildersKt.runTest-8Mi8wO0$default(TestBuilders.kt:159)
	at app//kotlinx.coroutines.test.TestBuildersKt.runTest-8Mi8wO0$default(TestBuilders.kt:1)
	at app//com.parlor.games.whodunit.content.TestingStoryRemainingChronologyTest.walidsKnowledgeMatchesTheSameLastWeekWillWithoutInventingAnEarlierRevision(TestingStoryRemainingChronologyTest.kt:14)
	at java.base@21.0.11/java.lang.reflect.Method.invoke(Method.java:580)
	at java.base@21.0.11/java.util.ArrayList.forEach(ArrayList.java:1596)
	at java.base@21.0.11/java.util.ArrayList.forEach(ArrayList.java:1596)
</failure>
  </testcase>
  <testcase name="nadimsCurrentClosureMatchesTheRegisterWithoutRewritingHisFalseCigaretteAlibi()[desktop]" classname="com.parlor.games.whodunit.content.TestingStoryRemainingChronologyTest" time="0.007">
    <failure message="org.opentest4j.AssertionFailedError: Expected value to be true." type="org.opentest4j.AssertionFailedError">org.opentest4j.AssertionFailedError: Expected value to be true.
	at app//org.junit.jupiter.api.AssertionUtils.fail(AssertionUtils.java:38)
	at app//org.junit.jupiter.api.Assertions.fail(Assertions.java:138)
	at app//kotlin.test.junit5.JUnit5Asserter.fail(JUnitSupport.kt:56)
	at app//kotlin.test.Asserter.assertTrue(Assertions.kt:767)
	at app//kotlin.test.junit5.JUnit5Asserter.assertTrue(JUnitSupport.kt:30)
	at app//kotlin.test.Asserter.assertTrue(Assertions.kt:777)
	at app//kotlin.test.junit5.JUnit5Asserter.assertTrue(JUnitSupport.kt:30)
	at app//kotlin.test.AssertionsKt__AssertionsKt.assertTrue(Assertions.kt:44)
	at app//kotlin.test.AssertionsKt.assertTrue(Unknown Source)
	at app//kotlin.test.AssertionsKt__AssertionsKt.assertTrue$default(Assertions.kt:42)
	at app//kotlin.test.AssertionsKt.assertTrue$default(Unknown Source)
	at app//com.parlor.games.whodunit.content.TestingStoryRemainingChronologyTest$nadimsCurrentClosureMatchesTheRegisterWithoutRewritingHisFalseCigaretteAlibi$1.invokeSuspend(TestingStoryRemainingChronologyTest.kt:39)
	at app//com.parlor.games.whodunit.content.TestingStoryRemainingChronologyTest$nadimsCurrentClosureMatchesTheRegisterWithoutRewritingHisFalseCigaretteAlibi$1.invoke(TestingStoryRemainingChronologyTest.kt)
	at app//com.parlor.games.whodunit.content.TestingStoryRemainingChronologyTest$nadimsCurrentClosureMatchesTheRegisterWithoutRewritingHisFalseCigaretteAlibi$1.invoke(TestingStoryRemainingChronologyTest.kt)
	at app//kotlinx.coroutines.test.TestBuildersKt__TestBuildersKt$runTest$2$1$1.invokeSuspend(TestBuilders.kt:317)
	at app//kotlin.coroutines.jvm.internal.BaseContinuationImpl.resumeWith(ContinuationImpl.kt:34)
	at app//kotlinx.coroutines.DispatchedTask.run(DispatchedTask.kt:100)
	at app//kotlinx.coroutines.test.TestDispatcher.processEvent$kotlinx_coroutines_test(TestDispatcher.kt:24)
	at app//kotlinx.coroutines.test.TestCoroutineScheduler.tryRunNextTaskUnless$kotlinx_coroutines_test(TestCoroutineScheduler.kt:98)
	at app//kotlinx.coroutines.test.TestBuildersKt__TestBuildersKt$runTest$2$1$workRunner$1.invokeSuspend(TestBuilders.kt:326)
	at app//kotlin.coroutines.jvm.internal.BaseContinuationImpl.resumeWith(ContinuationImpl.kt:34)
	at app//kotlinx.coroutines.DispatchedTask.run(DispatchedTask.kt:100)
	at app//kotlinx.coroutines.EventLoopImplBase.processNextEvent(EventLoop.common.kt:256)
	at app//kotlinx.coroutines.BlockingCoroutine.joinBlocking(Builders.kt:54)
	at app//kotlinx.coroutines.BuildersKt__BuildersKt.runBlockingImpl(Builders.kt:30)
	at app//kotlinx.coroutines.BuildersKt.runBlockingImpl(Unknown Source)
	at app//kotlinx.coroutines.BuildersKt__Builders_concurrentKt.runBlockingK(Builders.concurrent.kt:172)
	at app//kotlinx.coroutines.BuildersKt.runBlockingK(Unknown Source)
	at app//kotlinx.coroutines.BuildersKt__Builders_concurrentKt.runBlockingK$default(Builders.concurrent.kt:157)
	at app//kotlinx.coroutines.BuildersKt.runBlockingK$default(Unknown Source)
	at app//kotlinx.coroutines.test.TestBuildersJvmKt.createTestResult(TestBuildersJvm.kt:10)
	at app//kotlinx.coroutines.test.TestBuildersKt__TestBuildersKt.runTest-8Mi8wO0(TestBuilders.kt:309)
	at app//kotlinx.coroutines.test.TestBuildersKt.runTest-8Mi8wO0(TestBuilders.kt:1)
	at app//kotlinx.coroutines.test.TestBuildersKt__TestBuildersKt.runTest-8Mi8wO0(TestBuilders.kt:167)
	at app//kotlinx.coroutines.test.TestBuildersKt.runTest-8Mi8wO0(TestBuilders.kt:1)
	at app//kotlinx.coroutines.test.TestBuildersKt__TestBuildersKt.runTest-8Mi8wO0$default(TestBuilders.kt:159)
	at app//kotlinx.coroutines.test.TestBuildersKt.runTest-8Mi8wO0$default(TestBuilders.kt:1)
	at app//com.parlor.games.whodunit.content.TestingStoryRemainingChronologyTest.nadimsCurrentClosureMatchesTheRegisterWithoutRewritingHisFalseCigaretteAlibi(TestingStoryRemainingChronologyTest.kt:34)
	at java.base@21.0.11/java.lang.reflect.Method.invoke(Method.java:580)
	at java.base@21.0.11/java.util.ArrayList.forEach(ArrayList.java:1596)
	at java.base@21.0.11/java.util.ArrayList.forEach(ArrayList.java:1596)
</failure>
  </testcase>
  <system-out><![CDATA[]]></system-out>
  <system-err><![CDATA[]]></system-err>
</testsuite>
