<?xml version="1.0" encoding="UTF-8"?>
<testsuite name="com.parlor.session.multidevice.MultiDeviceShapeTest" tests="1" skipped="0" failures="0" errors="0" timestamp="2026-09-05T07:47:15.027Z" hostname="192.168.1.11" time="0.031">
  <properties/>
  <testcase name="reducer_state_trajectory_matches_across_real_in_memory_topologies()[desktop]" classname="com.parlor.session.multidevice.MultiDeviceShapeTest" time="0.031"/>
  <system-out><![CDATA[]]></system-out>
  <system-err><![CDATA[]]></system-err>
</testsuite>
