<?xml version="1.0" encoding="UTF-8"?>
<testsuite name="com.parlor.games.mafia.ui.flow.multidevice.MafiaNetworkErrorMessageKeyTest" tests="1" skipped="0" failures="0" errors="0" timestamp="2026-09-05T10:06:29.752Z" hostname="192.168.1.11" time="0.001">
  <properties/>
  <testcase name="everyNetworkFailureKeepsItsActionableUiClassification()[desktop]" classname="com.parlor.games.mafia.ui.flow.multidevice.MafiaNetworkErrorMessageKeyTest" time="0.001"/>
  <system-out><![CDATA[]]></system-out>
  <system-err><![CDATA[]]></system-err>
</testsuite>
