<?xml version="1.0" encoding="UTF-8"?>
<testsuite name="com.parlor.transport.p2p.AppLifecycleRoomRegistrationTest" tests="3" skipped="0" failures="0" errors="0" timestamp="2026-09-05T22:39:01.430Z" hostname="192.168.1.11" time="0.01">
  <properties/>
  <testcase name="cancellationBeforeRegistrationLockDoesNotDetachExistingRoom()" classname="com.parlor.transport.p2p.AppLifecycleRoomRegistrationTest" time="0.003"/>
  <testcase name="cancelledRegistrationDetachesBeforeQueuedForeground()" classname="com.parlor.transport.p2p.AppLifecycleRoomRegistrationTest" time="0.003"/>
  <testcase name="failedRegistrationDetachesBeforeQueuedForeground()" classname="com.parlor.transport.p2p.AppLifecycleRoomRegistrationTest" time="0.004"/>
  <system-out><![CDATA[]]></system-out>
  <system-err><![CDATA[]]></system-err>
</testsuite>
