<?xml version="1.0" encoding="UTF-8"?>
<testsuite name="com.parlor.transport.p2p.LoopbackFixtureContractTest" tests="5" skipped="0" failures="0" errors="0" timestamp="2026-09-11T04:25:14.248Z" hostname="sat12-jr310-6720aefa-0827-4506-9894-a2a62c6bfd2b-DA71CD50CE1B.local" time="0.499">
  <properties/>
  <testcase name="shared_fixture_approves_distinct_peers_and_commits_each_devices_credentials()[desktop]" classname="com.parlor.transport.p2p.LoopbackFixtureContractTest" time="0.456"/>
  <testcase name="failed_join_cancels_the_pending_approval_collector()[desktop]" classname="com.parlor.transport.p2p.LoopbackFixtureContractTest" time="0.007"/>
  <testcase name="device_stores_are_isolated_retained_and_defensively_copied()[desktop]" classname="com.parlor.transport.p2p.LoopbackFixtureContractTest" time="0.004"/>
  <testcase name="caller_cancellation_stops_join_and_approval_without_claiming_room_ownership()[desktop]" classname="com.parlor.transport.p2p.LoopbackFixtureContractTest" time="0.016"/>
  <testcase name="join_without_an_approval_owner_remains_pending_even_with_working_fake_delivery()[desktop]" classname="com.parlor.transport.p2p.LoopbackFixtureContractTest" time="0.011"/>
  <system-out><![CDATA[]]></system-out>
  <system-err><![CDATA[]]></system-err>
</testsuite>
