<?xml version="1.0" encoding="UTF-8"?>
<testsuite name="com.parlor.transport.p2p.JupiterDiscoveryContractTest" tests="1" skipped="0" failures="0" errors="0" timestamp="2026-09-11T04:25:13.733Z" hostname="sat12-jr310-6720aefa-0827-4506-9894-a2a62c6bfd2b-DA71CD50CE1B.local" time="0.513">
  <properties/>
  <testcase name="annotated_tests_including_disabled_tests_are_discoverable()[desktop]" classname="com.parlor.transport.p2p.JupiterDiscoveryContractTest" time="0.513"/>
  <system-out><![CDATA[]]></system-out>
  <system-err><![CDATA[]]></system-err>
</testsuite>
