<?xml version="1.0" encoding="UTF-8"?>
<testsuite name="com.parlor.games.whodunit.content.TestingStoryCompatibilityTest" tests="4" skipped="0" failures="0" errors="0" timestamp="2026-09-06T08:38:40.767Z" hostname="192.168.1.5" time="0.286">
  <properties/>
  <testcase name="correctedStoriesDoNotReuseAnyOriginalCanonicalContentDigest()[desktop]" classname="com.parlor.games.whodunit.content.TestingStoryCompatibilityTest" time="0.028"/>
  <testcase name="currentSaveRoundTripsButOldOrCrossedIdentityIsRetainedAndRejected()[desktop]" classname="com.parlor.games.whodunit.content.TestingStoryCompatibilityTest" time="0.211"/>
  <testcase name="identityLessPreClueSavesCannotSilentlyBindToInstalledStoryProse()[desktop]" classname="com.parlor.games.whodunit.content.TestingStoryCompatibilityTest" time="0.025"/>
  <testcase name="lanOffersMatchOnlyTheExactLoadedRevisionForAllCorrectedCasesAndModes()[desktop]" classname="com.parlor.games.whodunit.content.TestingStoryCompatibilityTest" time="0.02"/>
  <system-out><![CDATA[]]></system-out>
  <system-err><![CDATA[]]></system-err>
</testsuite>
