<?xml version="1.0" encoding="UTF-8"?>
<testsuite name="com.parlor.transport.p2p.AppLifecycleRoomCoordinatorTest" tests="2" skipped="0" failures="0" errors="0" timestamp="2026-09-07T18:43:10.850Z" hostname="iad01-dz252-dfc52010-ebd4-41e7-9a4f-56e71944b007-CA9CE47117F2.local" time="0.358">
  <properties/>
  <testcase name="foreground_cannot_be_overtaken_by_background_captured_during_room_registration()[desktop]" classname="com.parlor.transport.p2p.AppLifecycleRoomCoordinatorTest" time="0.265"/>
  <testcase name="close_from_an_old_generation_cannot_detach_the_replacement_room()[desktop]" classname="com.parlor.transport.p2p.AppLifecycleRoomCoordinatorTest" time="0.041"/>
  <system-out><![CDATA[]]></system-out>
  <system-err><![CDATA[]]></system-err>
</testsuite>
