<?xml version="1.0" encoding="UTF-8"?>
<testsuite name="com.parlor.transport.p2p.DesktopDependencyVerificationContractTest" tests="3" skipped="0" failures="0" errors="0" timestamp="2026-09-07T18:43:11.256Z" hostname="iad01-dz252-dfc52010-ebd4-41e7-9a4f-56e71944b007-CA9CE47117F2.local" time="0.698">
  <properties/>
  <testcase name="android_aapt2_covers_every_supported_desktop_operating_system()[desktop]" classname="com.parlor.transport.p2p.DesktopDependencyVerificationContractTest" time="0.349"/>
  <testcase name="kotlin_native_distributions_cover_every_supported_native_toolchain_host()[desktop]" classname="com.parlor.transport.p2p.DesktopDependencyVerificationContractTest" time="0.083"/>
  <testcase name="compose_desktop_and_skiko_runtime_cover_every_repository_supported_host()[desktop]" classname="com.parlor.transport.p2p.DesktopDependencyVerificationContractTest" time="0.264"/>
  <system-out><![CDATA[]]></system-out>
  <system-err><![CDATA[]]></system-err>
</testsuite>
