<?xml version="1.0" encoding="UTF-8"?>
<testsuite name="com.parlor.transport.p2p.P2pKitCreationTest" tests="9" skipped="0" failures="0" errors="0" timestamp="2026-09-07T18:43:18.955Z" hostname="iad01-dz252-dfc52010-ebd4-41e7-9a4f-56e71944b007-CA9CE47117F2.local" time="0.059">
  <properties/>
  <testcase name="cancellationBeforeDispatcherEntryDoesNotConstructKit()[desktop]" classname="com.parlor.transport.p2p.P2pKitCreationTest" time="0.008"/>
  <testcase name="cancellationDuringSameDispatcherConstructionStopsKit()[desktop]" classname="com.parlor.transport.p2p.P2pKitCreationTest" time="0.005"/>
  <testcase name="hostAndJoinPreserveFactoryCancellationWithoutStartingOrStoppingTwice()[desktop]" classname="com.parlor.transport.p2p.P2pKitCreationTest" time="0.009"/>
  <testcase name="cancellationDuringDifferentDispatcherConstructionStopsKit()[desktop]" classname="com.parlor.transport.p2p.P2pKitCreationTest" time="0.005"/>
  <testcase name="cancelledReturnDispatchStopsSuccessfullyConstructedKit()[desktop]" classname="com.parlor.transport.p2p.P2pKitCreationTest" time="0.004"/>
  <testcase name="failedConstructionPreservesOriginalFailure()[desktop]" classname="com.parlor.transport.p2p.P2pKitCreationTest" time="0.004"/>
  <testcase name="cleanupFailureDoesNotReplaceOriginalCallerCancellation()[desktop]" classname="com.parlor.transport.p2p.P2pKitCreationTest" time="0.007"/>
  <testcase name="cancelledOwnerAwaitsSuspendingNonCancellableStop()[desktop]" classname="com.parlor.transport.p2p.P2pKitCreationTest" time="0.005"/>
  <testcase name="successfulCreationTransfersOwnershipWithoutStoppingKit()[desktop]" classname="com.parlor.transport.p2p.P2pKitCreationTest" time="0.003"/>
  <system-out><![CDATA[]]></system-out>
  <system-err><![CDATA[]]></system-err>
</testsuite>
