<?xml version="1.0" encoding="UTF-8"?>
<testsuite name="com.parlor.transport.p2p.MultiplayerDocumentationContractTest" tests="11" skipped="0" failures="0" errors="0" timestamp="2026-09-11T04:27:00.269Z" hostname="runnervmvmocb" time="2.734">
  <properties/>
  <testcase name="historical_documents_warn_before_preserving_old_behavior()[desktop]" classname="com.parlor.transport.p2p.MultiplayerDocumentationContractTest" time="0.028"/>
  <testcase name="current_operational_docs_do_not_repeat_obsolete_positive_claims()[desktop]" classname="com.parlor.transport.p2p.MultiplayerDocumentationContractTest" time="0.041"/>
  <testcase name="documentation_reader_normalizes_platform_line_endings()[desktop]" classname="com.parlor.transport.p2p.MultiplayerDocumentationContractTest" time="0.001"/>
  <testcase name="canonical_manual_runbook_matches_the_runtime_contract()[desktop]" classname="com.parlor.transport.p2p.MultiplayerDocumentationContractTest" time="0.003"/>
  <testcase name="production_source_comments_do_not_claim_historical_delivery_phases()[desktop]" classname="com.parlor.transport.p2p.MultiplayerDocumentationContractTest" time="2.604"/>
  <testcase name="contributor_guidance_matches_the_current_build_and_module_graph()[desktop]" classname="com.parlor.transport.p2p.MultiplayerDocumentationContractTest" time="0.005"/>
  <testcase name="operational_docs_track_runtime_protocol_and_reliable_start_contract()[desktop]" classname="com.parlor.transport.p2p.MultiplayerDocumentationContractTest" time="0.018"/>
  <testcase name="current_game_module_guides_name_the_live_shell_registry_contract()[desktop]" classname="com.parlor.transport.p2p.MultiplayerDocumentationContractTest" time="0.012"/>
  <testcase name="current_authoring_and_accessibility_docs_name_executable_owners()[desktop]" classname="com.parlor.transport.p2p.MultiplayerDocumentationContractTest" time="0.001"/>
  <testcase name="ios_plist_and_setup_describe_the_same_lan_transport()[desktop]" classname="com.parlor.transport.p2p.MultiplayerDocumentationContractTest" time="0.007"/>
  <testcase name="local_snapshot_inventory_matches_both_shipping_games()[desktop]" classname="com.parlor.transport.p2p.MultiplayerDocumentationContractTest" time="0.002"/>
  <system-out><![CDATA[]]></system-out>
  <system-err><![CDATA[]]></system-err>
</testsuite>
