<?xml version="1.0" encoding="UTF-8"?>
<testsuite name="com.parlor.engine.registry.GameRegistryTest" tests="5" skipped="0" failures="0" errors="0" timestamp="2026-09-11T04:26:48.637Z" hostname="runnervmlun5p" time="0.064">
  <properties/>
  <testcase name="mutating_the_input_list_cannot_change_the_captured_catalog_or_lookup()[desktop]" classname="com.parlor.engine.registry.GameRegistryTest" time="0.016"/>
  <testcase name="catalog_preserves_registration_order_and_lookup_returns_original_definitions()[desktop]" classname="com.parlor.engine.registry.GameRegistryTest" time="0.001"/>
  <testcase name="registering_the_same_definition_twice_is_also_rejected()[desktop]" classname="com.parlor.engine.registry.GameRegistryTest" time="0.03"/>
  <testcase name="duplicate_ids_on_distinct_definitions_fail_before_a_catalog_is_published()[desktop]" classname="com.parlor.engine.registry.GameRegistryTest" time="0.004"/>
  <testcase name="empty_registry_has_no_catalog_or_lookup_entries()[desktop]" classname="com.parlor.engine.registry.GameRegistryTest" time="0.002"/>
  <system-out><![CDATA[]]></system-out>
  <system-err><![CDATA[]]></system-err>
</testsuite>
