<?xml version="1.0" encoding="UTF-8"?>
<testsuite name="com.parlor.games.whodunit.ui.flow.WhodunitLocalLeaveTimerTest" tests="6" skipped="0" failures="0" errors="0" timestamp="2026-09-11T14:31:21.643Z" hostname="runnervmec22z" time="7.704">
  <properties/>
  <testcase name="eliminationConfirmationTimeIsExcludedAndStayRestartsOnlyOneTicker()[desktop]" classname="com.parlor.games.whodunit.ui.flow.WhodunitLocalLeaveTimerTest" time="2.398"/>
  <testcase name="stayDoesNotReleaseAnExistingPerTimerPause()[desktop]" classname="com.parlor.games.whodunit.ui.flow.WhodunitLocalLeaveTimerTest" time="0.87"/>
  <testcase name="lastSecondCannotExpireBehindConfirmationButExpiresAfterStay()[desktop]" classname="com.parlor.games.whodunit.ui.flow.WhodunitLocalLeaveTimerTest" time="0.5"/>
  <testcase name="failedSaveKeepsTimeFrozenAndSuccessfulSaveResumesWithoutCatchingUp()[desktop]" classname="com.parlor.games.whodunit.ui.flow.WhodunitLocalLeaveTimerTest" time="1.019"/>
  <testcase name="stayDoesNotReleaseAnExistingSessionPause()[desktop]" classname="com.parlor.games.whodunit.ui.flow.WhodunitLocalLeaveTimerTest" time="0.779"/>
  <testcase name="classicConfirmationTimeIsExcludedAndStayRestartsOnlyOneTicker()[desktop]" classname="com.parlor.games.whodunit.ui.flow.WhodunitLocalLeaveTimerTest" time="2.137"/>
  <system-out><![CDATA[]]></system-out>
  <system-err><![CDATA[]]></system-err>
</testsuite>
