<?xml version="1.0" encoding="UTF-8"?>
<testsuite name="com.parlor.app.shell.game.WhodunitShippedPlayerCountTest" tests="2" skipped="0" failures="0" errors="0" timestamp="2026-09-10T03:11:54.002Z" hostname="runnervmeef0v" time="0.002">
  <properties/>
  <testcase name="releaseMultiplayerRangeMatchesTheOnlyBundledPlayerCount()[desktop]" classname="com.parlor.app.shell.game.WhodunitShippedPlayerCountTest" time="0.0"/>
  <testcase name="releaseMultiplayerRangeRemainsWithinEngineCapabilities()[desktop]" classname="com.parlor.app.shell.game.WhodunitShippedPlayerCountTest" time="0.001"/>
  <system-out><![CDATA[]]></system-out>
  <system-err><![CDATA[]]></system-err>
</testsuite>
