<?xml version="1.0" encoding="UTF-8"?>
<testsuite name="com.parlor.games.whodunit.WhodunitPlayModePolicyTest" tests="1" skipped="0" failures="0" errors="0" timestamp="2026-09-10T00:27:28.483Z" hostname="iad01-dz249-5e0ebe42-cbfa-4eb1-aff5-f50867d85bd2-3EA288075C98.local" time="0.041">
  <properties/>
  <testcase name="only_pass_and_play_can_enter_the_local_game_flow()[desktop]" classname="com.parlor.games.whodunit.WhodunitPlayModePolicyTest" time="0.041"/>
  <system-out><![CDATA[]]></system-out>
  <system-err><![CDATA[]]></system-err>
</testsuite>
