<?xml version="1.0" encoding="UTF-8"?>
<testsuite name="com.parlor.games.whodunit.ui.flow.WhodunitLocalLeaveTimerTest" tests="6" skipped="0" failures="0" errors="0" timestamp="2026-09-10T00:28:10.770Z" hostname="iad01-dz249-5e0ebe42-cbfa-4eb1-aff5-f50867d85bd2-3EA288075C98.local" time="13.598">
  <properties/>
  <testcase name="eliminationConfirmationTimeIsExcludedAndStayRestartsOnlyOneTicker()[desktop]" classname="com.parlor.games.whodunit.ui.flow.WhodunitLocalLeaveTimerTest" time="4.036"/>
  <testcase name="stayDoesNotReleaseAnExistingPerTimerPause()[desktop]" classname="com.parlor.games.whodunit.ui.flow.WhodunitLocalLeaveTimerTest" time="1.409"/>
  <testcase name="lastSecondCannotExpireBehindConfirmationButExpiresAfterStay()[desktop]" classname="com.parlor.games.whodunit.ui.flow.WhodunitLocalLeaveTimerTest" time="1.102"/>
  <testcase name="failedSaveKeepsTimeFrozenAndSuccessfulSaveResumesWithoutCatchingUp()[desktop]" classname="com.parlor.games.whodunit.ui.flow.WhodunitLocalLeaveTimerTest" time="2.226"/>
  <testcase name="stayDoesNotReleaseAnExistingSessionPause()[desktop]" classname="com.parlor.games.whodunit.ui.flow.WhodunitLocalLeaveTimerTest" time="1.343"/>
  <testcase name="classicConfirmationTimeIsExcludedAndStayRestartsOnlyOneTicker()[desktop]" classname="com.parlor.games.whodunit.ui.flow.WhodunitLocalLeaveTimerTest" time="3.48"/>
  <system-out><![CDATA[]]></system-out>
  <system-err><![CDATA[]]></system-err>
</testsuite>
