<?xml version="1.0" encoding="UTF-8"?>
<testsuite name="com.parlor.games.whodunit.content.TestingStoryChronologyTest" tests="5" skipped="0" failures="0" errors="0" timestamp="2026-09-10T00:27:33.281Z" hostname="iad01-dz249-5e0ebe42-cbfa-4eb1-aff5-f50867d85bd2-3EA288075C98.local" time="0.08">
  <properties/>
  <testcase name="nadimsShortCellarWaitMatchesTheFinalAccountWithoutChangingHisLie()[desktop]" classname="com.parlor.games.whodunit.content.TestingStoryChronologyTest" time="0.015"/>
  <testcase name="jamesLightsOneCigarAt915WhileHis910AlibiRemainsFalse()[desktop]" classname="com.parlor.games.whodunit.content.TestingStoryChronologyTest" time="0.008"/>
  <testcase name="eachCorrectedTestingStoryUsesItsNextContentVersionWithoutSchemaChanges()[desktop]" classname="com.parlor.games.whodunit.content.TestingStoryChronologyTest" time="0.039"/>
  <testcase name="laylaHasOne905OutageAcrossIntroEvidenceAndWitnesses()[desktop]" classname="com.parlor.games.whodunit.content.TestingStoryChronologyTest" time="0.007"/>
  <testcase name="karims940PoisoningPrecedesHisCorroborated1015RecordsAlibi()[desktop]" classname="com.parlor.games.whodunit.content.TestingStoryChronologyTest" time="0.008"/>
  <system-out><![CDATA[]]></system-out>
  <system-err><![CDATA[]]></system-err>
</testsuite>
