<?xml version="1.0" encoding="UTF-8"?>
<testsuite name="com.parlor.games.whodunit.ui.flow.PeerReadinessRemountTest" tests="12" skipped="0" failures="0" errors="0" timestamp="2026-09-10T00:28:09.555Z" hostname="iad01-dz249-5e0ebe42-cbfa-4eb1-aff5-f50867d85bd2-3EA288075C98.local" time="1.209">
  <properties/>
  <testcase name="introAcknowledgementDoesNotRepeatAfterCommandCoverRemount()[desktop]" classname="com.parlor.games.whodunit.ui.flow.PeerReadinessRemountTest" time="0.32"/>
  <testcase name="freshIntroSnapshotWinsOverAStaleComposeProjection()[desktop]" classname="com.parlor.games.whodunit.ui.flow.PeerReadinessRemountTest" time="0.053"/>
  <testcase name="replayInTheSameRenderedPhaseAcknowledgesTheNewGeneration()[desktop]" classname="com.parlor.games.whodunit.ui.flow.PeerReadinessRemountTest" time="0.08"/>
  <testcase name="replayBeforeEffectDoesNotAcknowledgeTheStaleAssignmentGeneration()[desktop]" classname="com.parlor.games.whodunit.ui.flow.PeerReadinessRemountTest" time="0.07"/>
  <testcase name="freshBriefingSnapshotWinsOverAStaleComposeProjection()[desktop]" classname="com.parlor.games.whodunit.ui.flow.PeerReadinessRemountTest" time="0.056"/>
  <testcase name="acknowledgedBriefingSurvivesUiRecreationAndDisconnectPause()[desktop]" classname="com.parlor.games.whodunit.ui.flow.PeerReadinessRemountTest" time="0.102"/>
  <testcase name="rejectionWithoutHostAcknowledgementDoesNotCreateOptimisticReadiness()[desktop]" classname="com.parlor.games.whodunit.ui.flow.PeerReadinessRemountTest" time="0.079"/>
  <testcase name="briefingAcknowledgementDoesNotRepeatAfterCommandCoverRemount()[desktop]" classname="com.parlor.games.whodunit.ui.flow.PeerReadinessRemountTest" time="0.12"/>
  <testcase name="phaseChangeBeforeEffectDoesNotSendThePreviousPhaseAcknowledgement()[desktop]" classname="com.parlor.games.whodunit.ui.flow.PeerReadinessRemountTest" time="0.082"/>
  <testcase name="aReplacementControllerRechecksReadinessInTheSamePhase()[desktop]" classname="com.parlor.games.whodunit.ui.flow.PeerReadinessRemountTest" time="0.073"/>
  <testcase name="unrelatedBriefingUpdatesDoNotResendWhileAuthorityHasNotResponded()[desktop]" classname="com.parlor.games.whodunit.ui.flow.PeerReadinessRemountTest" time="0.101"/>
  <testcase name="acknowledgedIntroSurvivesUiRecreationAndDisconnectPause()[desktop]" classname="com.parlor.games.whodunit.ui.flow.PeerReadinessRemountTest" time="0.065"/>
  <system-out><![CDATA[]]></system-out>
  <system-err><![CDATA[]]></system-err>
</testsuite>
