<?xml version="1.0" encoding="UTF-8"?>
<testsuite name="com.parlor.games.whodunit.snapshot.WhodunitResumeReconstructionTest" tests="11" skipped="0" failures="0" errors="0" timestamp="2026-09-10T00:28:04.999Z" hostname="iad01-dz249-5e0ebe42-cbfa-4eb1-aff5-f50867d85bd2-3EA288075C98.local" time="0.126">
  <properties/>
  <testcase name="resume_accepts_supportedBareVersionsAndCurrentVersionedPayload()[desktop]" classname="com.parlor.games.whodunit.snapshot.WhodunitResumeReconstructionTest" time="0.006"/>
  <testcase name="resume_propagates_load_cancellation_without_deleting_a_retired_snapshot()[desktop]" classname="com.parlor.games.whodunit.snapshot.WhodunitResumeReconstructionTest" time="0.003"/>
  <testcase name="resume_preserves_a_retired_solo_snapshot_without_rewriting_private_state()[desktop]" classname="com.parlor.games.whodunit.snapshot.WhodunitResumeReconstructionTest" time="0.02"/>
  <testcase name="resume_rejects_partial_or_malformed_content_identity_metadata()[desktop]" classname="com.parlor.games.whodunit.snapshot.WhodunitResumeReconstructionTest" time="0.004"/>
  <testcase name="resume_rejects_unknown_play_mode_metadata_instead_of_changing_ceremony()[desktop]" classname="com.parlor.games.whodunit.snapshot.WhodunitResumeReconstructionTest" time="0.003"/>
  <testcase name="resumed_controller_state_equals_saved_state_and_advances_correctly()[desktop]" classname="com.parlor.games.whodunit.snapshot.WhodunitResumeReconstructionTest" time="0.04"/>
  <testcase name="resume_rejects_another_game_before_decoding_its_payload()[desktop]" classname="com.parlor.games.whodunit.snapshot.WhodunitResumeReconstructionTest" time="0.006"/>
  <testcase name="deleting_snapshot_removes_it_from_listUnfinished()[desktop]" classname="com.parlor.games.whodunit.snapshot.WhodunitResumeReconstructionTest" time="0.018"/>
  <testcase name="loaded_case_boundary_requires_exact_identity_and_content_compatible_state()[desktop]" classname="com.parlor.games.whodunit.snapshot.WhodunitResumeReconstructionTest" time="0.01"/>
  <testcase name="corrupt_snapshot_payload_does_not_blow_up_decoder()[desktop]" classname="com.parlor.games.whodunit.snapshot.WhodunitResumeReconstructionTest" time="0.005"/>
  <testcase name="resume_rejects_a_future_engine_version_before_decoding_its_payload()[desktop]" classname="com.parlor.games.whodunit.snapshot.WhodunitResumeReconstructionTest" time="0.006"/>
  <system-out><![CDATA[]]></system-out>
  <system-err><![CDATA[]]></system-err>
</testsuite>
