<?xml version="1.0" encoding="UTF-8"?>
<testsuite name="com.parlor.games.whodunit.ui.RtlFormattingTest" tests="2" skipped="0" failures="0" errors="0" timestamp="2026-09-10T00:28:05.398Z" hostname="iad01-dz249-5e0ebe42-cbfa-4eb1-aff5-f50867d85bd2-3EA288075C98.local" time="0.949">
  <properties/>
  <testcase name="affected_rendering_uses_resources_instead_of_raw_punctuation()[desktop]" classname="com.parlor.games.whodunit.ui.RtlFormattingTest" time="0.007"/>
  <testcase name="localized_resources_render_english_and_arabic_output_with_matching_direction()[desktop]" classname="com.parlor.games.whodunit.ui.RtlFormattingTest" time="0.942"/>
  <system-out><![CDATA[]]></system-out>
  <system-err><![CDATA[]]></system-err>
</testsuite>
