<?xml version="1.0" encoding="UTF-8"?>
<testsuite name="com.parlor.games.mafia.ui.components.MafiaCoverContrastTest" tests="8" skipped="0" failures="0" errors="0" timestamp="2026-09-10T10:18:45.855Z" hostname="runnervmejwal" time="3.828">
  <properties/>
  <testcase name="arabicDarkCover()[desktop]" classname="com.parlor.games.mafia.ui.components.MafiaCoverContrastTest" time="2.207"/>
  <testcase name="arabicLightCover()[desktop]" classname="com.parlor.games.mafia.ui.components.MafiaCoverContrastTest" time="0.085"/>
  <testcase name="arabicLightLargeText()[desktop]" classname="com.parlor.games.mafia.ui.components.MafiaCoverContrastTest" time="0.202"/>
  <testcase name="englishDarkLargeText()[desktop]" classname="com.parlor.games.mafia.ui.components.MafiaCoverContrastTest" time="0.384"/>
  <testcase name="englishLightLargeText()[desktop]" classname="com.parlor.games.mafia.ui.components.MafiaCoverContrastTest" time="0.397"/>
  <testcase name="arabicDarkLargeText()[desktop]" classname="com.parlor.games.mafia.ui.components.MafiaCoverContrastTest" time="0.315"/>
  <testcase name="englishLightCover()[desktop]" classname="com.parlor.games.mafia.ui.components.MafiaCoverContrastTest" time="0.129"/>
  <testcase name="englishDarkCover()[desktop]" classname="com.parlor.games.mafia.ui.components.MafiaCoverContrastTest" time="0.103"/>
  <system-out><![CDATA[]]></system-out>
  <system-err><![CDATA[]]></system-err>
</testsuite>
