<?xml version="1.0" encoding="UTF-8"?>
<testsuite name="com.parlor.games.mafia.domain.projection.MafiaHostOnlyRedactionSentinelTest" tests="4" skipped="0" failures="0" errors="0" timestamp="2026-09-10T00:27:07.853Z" hostname="iad01-dz249-5e0ebe42-cbfa-4eb1-aff5-f50867d85bd2-3EA288075C98.local" time="0.031">
  <properties/>
  <testcase name="redacted_host_only_equals_empty_constructor_baseline()[desktop]" classname="com.parlor.games.mafia.domain.projection.MafiaHostOnlyRedactionSentinelTest" time="0.004"/>
  <testcase name="redaction_sentinel_requires_review_when_host_only_schema_changes()[desktop]" classname="com.parlor.games.mafia.domain.projection.MafiaHostOnlyRedactionSentinelTest" time="0.013"/>
  <testcase name="to_public_redacts_every_known_host_only_field()[desktop]" classname="com.parlor.games.mafia.domain.projection.MafiaHostOnlyRedactionSentinelTest" time="0.007"/>
  <testcase name="to_player_redacts_every_known_host_only_field()[desktop]" classname="com.parlor.games.mafia.domain.projection.MafiaHostOnlyRedactionSentinelTest" time="0.002"/>
  <system-out><![CDATA[]]></system-out>
  <system-err><![CDATA[]]></system-err>
</testsuite>
