<?xml version="1.0" encoding="UTF-8"?>
<testsuite name="com.parlor.games.whodunit.layout.TokenDisciplineTest" tests="2" skipped="0" failures="0" errors="0" timestamp="2026-09-07T18:41:21.657Z" hostname="runnervmeef0v" time="0.146">
  <properties/>
  <testcase name="no_hardcoded_user_facing_strings_in_feature_composables()[desktop]" classname="com.parlor.games.whodunit.layout.TokenDisciplineTest" time="0.117"/>
  <testcase name="no_raw_color_or_hex_literals_in_feature_composables()[desktop]" classname="com.parlor.games.whodunit.layout.TokenDisciplineTest" time="0.029"/>
  <system-out><![CDATA[]]></system-out>
  <system-err><![CDATA[]]></system-err>
</testsuite>
