<?xml version="1.0" encoding="UTF-8"?>
<testsuite name="com.parlor.games.whodunit.domain.WhodunitRulesInvariantTest" tests="9" skipped="0" failures="0" errors="0" timestamp="2026-09-07T18:41:14.623Z" hostname="runnervmeef0v" time="6.099">
  <properties/>
  <testcase name="modelDrivePreservesInvariantsForEveryShippingModeAndSupportedCount()[desktop]" classname="com.parlor.games.whodunit.domain.WhodunitRulesInvariantTest" time="2.785"/>
  <testcase name="displayNamesMustBeCanonicalBoundedAndSafeAtTheDomainBoundary()[desktop]" classname="com.parlor.games.whodunit.domain.WhodunitRulesInvariantTest" time="0.003"/>
  <testcase name="defensiveFinalTwoFallbackDoesNotMakeAnActiveSnapshotValid()[desktop]" classname="com.parlor.games.whodunit.domain.WhodunitRulesInvariantTest" time="0.038"/>
  <testcase name="invalidCountModeIdentityAndSeatAreRejectedBeforeSessionStarts()[desktop]" classname="com.parlor.games.whodunit.domain.WhodunitRulesInvariantTest" time="0.001"/>
  <testcase name="everySupportedCountAndSeedProducesOneDeterministicKillerAndUniqueDossiers()[desktop]" classname="com.parlor.games.whodunit.domain.WhodunitRulesInvariantTest" time="1.263"/>
  <testcase name="exactDuplicateDisplayNamesAreRejectedAtTheAuthoritativeBoundary()[desktop]" classname="com.parlor.games.whodunit.domain.WhodunitRulesInvariantTest" time="0.002"/>
  <testcase name="seededKillerSelectionHasNoMaterialSeatBias()[desktop]" classname="com.parlor.games.whodunit.domain.WhodunitRulesInvariantTest" time="1.67"/>
  <testcase name="eliminationVoteOpensOnlyAfterACompletedDiscussion()[desktop]" classname="com.parlor.games.whodunit.domain.WhodunitRulesInvariantTest" time="0.01"/>
  <testcase name="privacyRerollChangesKillerAndEveryPreviouslyViewedDossier()[desktop]" classname="com.parlor.games.whodunit.domain.WhodunitRulesInvariantTest" time="0.296"/>
  <system-out><![CDATA[]]></system-out>
  <system-err><![CDATA[]]></system-err>
</testsuite>
