<?xml version="1.0" encoding="UTF-8"?>
<testsuite name="com.parlor.games.mafia.ui.screens.setup.MafiaSetupStepperLayoutTest" tests="4" skipped="0" failures="0" errors="0" timestamp="2026-09-11T02:20:28.788Z" hostname="runnervmvmocb" time="1.118">
  <properties/>
  <testcase name="arabic_compact_stepper_controls_keep_their_full_size()[desktop]" classname="com.parlor.games.mafia.ui.screens.setup.MafiaSetupStepperLayoutTest" time="0.251"/>
  <testcase name="english_compact_stepper_controls_keep_their_full_size()[desktop]" classname="com.parlor.games.mafia.ui.screens.setup.MafiaSetupStepperLayoutTest" time="0.18"/>
  <testcase name="arabic_compact_large_text_stepper_controls_keep_their_full_size()[desktop]" classname="com.parlor.games.mafia.ui.screens.setup.MafiaSetupStepperLayoutTest" time="0.356"/>
  <testcase name="english_compact_large_text_stepper_controls_keep_their_full_size()[desktop]" classname="com.parlor.games.mafia.ui.screens.setup.MafiaSetupStepperLayoutTest" time="0.331"/>
  <system-out><![CDATA[]]></system-out>
  <system-err><![CDATA[]]></system-err>
</testsuite>
