<?xml version="1.0" encoding="UTF-8"?>
<testsuite name="com.parlor.games.whodunit.ui.flow.multiplayer.WhodunitHostLanguageContinuityTest" tests="2" skipped="0" failures="0" errors="0" timestamp="2026-09-09T12:16:03.822Z" hostname="oblien" time="2.574">
  <properties/>
  <testcase name="suspendedAndResumingHostRetainsIdentityAndGuardsCommands()[desktop]" classname="com.parlor.games.whodunit.ui.flow.multiplayer.WhodunitHostLanguageContinuityTest" time="2.248"/>
  <testcase name="languageChangesAndRemountRetainActualStartedHost()[desktop]" classname="com.parlor.games.whodunit.ui.flow.multiplayer.WhodunitHostLanguageContinuityTest" time="0.324"/>
  <system-out><![CDATA[]]></system-out>
  <system-err><![CDATA[]]></system-err>
</testsuite>
