<?xml version="1.0" encoding="UTF-8"?>
<testsuite name="com.parlor.games.whodunit.content.ArabicCaseValidationTest" tests="3" skipped="0" failures="0" errors="0" timestamp="2026-09-05T22:28:02.761Z" hostname="192.168.1.11" time="0.22">
  <properties/>
  <testcase name="layla_halabi_case_loads_validates_and_carries_arabic_content()[desktop]" classname="com.parlor.games.whodunit.content.ArabicCaseValidationTest" time="0.2"/>
  <testcase name="original_arabic_cases_share_the_full_bundled_data_source_without_collisions()[desktop]" classname="com.parlor.games.whodunit.content.ArabicCaseValidationTest" time="0.014"/>
  <testcase name="jasmine_ring_case_loads_validates_and_carries_arabic_content()[desktop]" classname="com.parlor.games.whodunit.content.ArabicCaseValidationTest" time="0.005"/>
  <system-out><![CDATA[]]></system-out>
  <system-err><![CDATA[SLF4J(W): No SLF4J providers were found.
SLF4J(W): Defaulting to no-operation (NOP) logger implementation
SLF4J(W): See https://www.slf4j.org/codes.html#noProviders for further details.
]]></system-err>
</testsuite>
