<?xml version="1.0" encoding="UTF-8"?>
<testsuite name="com.parlor.games.whodunit.flow.WhodunitLocalSessionConfigTest" tests="2" skipped="0" failures="0" errors="0" timestamp="2026-09-05T22:28:05.513Z" hostname="192.168.1.11" time="0.001">
  <properties/>
  <testcase name="freshIdsUseIndependentEntropyRatherThanTheGameplaySeed()[desktop]" classname="com.parlor.games.whodunit.flow.WhodunitLocalSessionConfigTest" time="0.001"/>
  <testcase name="resumePreservesThePersistedIdWithoutConsumingFreshEntropy()[desktop]" classname="com.parlor.games.whodunit.flow.WhodunitLocalSessionConfigTest" time="0.0"/>
  <system-out><![CDATA[]]></system-out>
  <system-err><![CDATA[]]></system-err>
</testsuite>
