<?xml version="1.0" encoding="UTF-8"?>
<testsuite name="com.parlor.games.mafia.ui.screens.MafiaTallyLayoutTest" tests="8" skipped="0" failures="0" errors="0" timestamp="2026-09-11T14:34:56.521Z" hostname="runnervmvmocb" time="2.362">
  <properties/>
  <testcase name="compact_large_text_arabic_mafia_revote_tally_keeps_each_count_visible()[desktop]" classname="com.parlor.games.mafia.ui.screens.MafiaTallyLayoutTest" time="0.529"/>
  <testcase name="compact_large_text_english_mafia_revote_tally_keeps_each_count_visible()[desktop]" classname="com.parlor.games.mafia.ui.screens.MafiaTallyLayoutTest" time="0.244"/>
  <testcase name="compact_large_text_english_day_tally_keeps_each_count_visible()[desktop]" classname="com.parlor.games.mafia.ui.screens.MafiaTallyLayoutTest" time="0.37"/>
  <testcase name="compact_arabic_mafia_revote_tally_keeps_each_count_visible()[desktop]" classname="com.parlor.games.mafia.ui.screens.MafiaTallyLayoutTest" time="0.123"/>
  <testcase name="compact_english_mafia_revote_tally_keeps_each_count_visible()[desktop]" classname="com.parlor.games.mafia.ui.screens.MafiaTallyLayoutTest" time="0.071"/>
  <testcase name="compact_english_day_tally_keeps_each_count_visible()[desktop]" classname="com.parlor.games.mafia.ui.screens.MafiaTallyLayoutTest" time="0.181"/>
  <testcase name="compact_large_text_arabic_day_tally_keeps_each_count_visible()[desktop]" classname="com.parlor.games.mafia.ui.screens.MafiaTallyLayoutTest" time="0.705"/>
  <testcase name="compact_arabic_day_tally_keeps_each_count_visible()[desktop]" classname="com.parlor.games.mafia.ui.screens.MafiaTallyLayoutTest" time="0.137"/>
  <system-out><![CDATA[]]></system-out>
  <system-err><![CDATA[]]></system-err>
</testsuite>
