<?xml version="1.0" encoding="UTF-8"?>
<testsuite name="com.parlor.transport.p2p.TestTransportIsolationContractTest" tests="4" skipped="0" failures="0" errors="0" timestamp="2026-09-10T00:30:34.923Z" hostname="runnervmejwal" time="3.322">
  <properties/>
  <testcase name="transport adapter does not depend on the session implementation()[desktop]" classname="com.parlor.transport.p2p.TestTransportIsolationContractTest" time="0.001"/>
  <testcase name="only test source sets depend on networking test support()[desktop]" classname="com.parlor.transport.p2p.TestTransportIsolationContractTest" time="1.654"/>
  <testcase name="in-memory room fake is isolated from shipping source sets()[desktop]" classname="com.parlor.transport.p2p.TestTransportIsolationContractTest" time="1.661"/>
  <testcase name="terminal lifecycle ownership cleanup never uses the lossy signal queue()[desktop]" classname="com.parlor.transport.p2p.TestTransportIsolationContractTest" time="0.005"/>
  <system-out><![CDATA[]]></system-out>
  <system-err><![CDATA[]]></system-err>
</testsuite>
