<?xml version="1.0" encoding="UTF-8"?>
<testsuite name="com.parlor.app.AppBackPolicyTest" tests="5" skipped="0" failures="0" errors="0" timestamp="2026-09-10T00:23:23.601Z" hostname="runnervmfx5wp" time="0.086">
  <properties/>
  <testcase name="settings_navigates_to_the_games_tab()[desktop]" classname="com.parlor.app.AppBackPolicyTest" time="0.047"/>
  <testcase name="home_allows_the_platform_to_finish_the_application()[desktop]" classname="com.parlor.app.AppBackPolicyTest" time="0.0"/>
  <testcase name="guarded_game_exposes_only_its_current_entry_to_predictive_back()[desktop]" classname="com.parlor.app.AppBackPolicyTest" time="0.025"/>
  <testcase name="registered_game_content_receives_back_and_owns_transactional_cleanup()[desktop]" classname="com.parlor.app.AppBackPolicyTest" time="0.001"/>
  <testcase name="unreadable_save_recovery_is_owned_by_nav_display()[desktop]" classname="com.parlor.app.AppBackPolicyTest" time="0.004"/>
  <system-out><![CDATA[]]></system-out>
  <system-err><![CDATA[]]></system-err>
</testsuite>
