<?xml version="1.0" encoding="UTF-8"?>
<testsuite name="com.parlor.designsystem.components.ParlorToastConcurrencyTest" tests="2" skipped="0" failures="0" errors="0" timestamp="2026-09-05T20:28:15.349Z" hostname="192.168.1.11" time="0.013">
  <properties/>
  <testcase name="concurrent_identical_messages_still_coalesce_and_floods_remain_bounded()[desktop]" classname="com.parlor.designsystem.components.ParlorToastConcurrencyTest" time="0.006"/>
  <testcase name="concurrent_producers_cannot_reuse_lifetime_ids_or_lose_a_non_overflowing_wave()[desktop]" classname="com.parlor.designsystem.components.ParlorToastConcurrencyTest" time="0.006"/>
  <system-out><![CDATA[]]></system-out>
  <system-err><![CDATA[]]></system-err>
</testsuite>
