<?xml version="1.0" encoding="UTF-8"?>
<testsuite name="com.parlor.games.whodunit.ui.flow.WhodunitRecoveryInteractionTest" tests="9" skipped="0" failures="0" errors="0" timestamp="2026-09-10T10:14:14.156Z" hostname="runnervmec22z" time="0.587">
  <properties/>
  <testcase name="englishRetiredSoloSaveIsKeptUntilExplicitDiscard()[desktop]" classname="com.parlor.games.whodunit.ui.flow.WhodunitRecoveryInteractionTest" time="0.082"/>
  <testcase name="arabicTransientSnapshotFailureRetriesIntoTheSameSavedInvestigation()[desktop]" classname="com.parlor.games.whodunit.ui.flow.WhodunitRecoveryInteractionTest" time="0.072"/>
  <testcase name="arabicRetiredSoloSaveIsKeptUntilExplicitDiscard()[desktop]" classname="com.parlor.games.whodunit.ui.flow.WhodunitRecoveryInteractionTest" time="0.07"/>
  <testcase name="arabicIncompatibleSaveIsExplainedAndKeptUntilExplicitDiscard()[desktop]" classname="com.parlor.games.whodunit.ui.flow.WhodunitRecoveryInteractionTest" time="0.08"/>
  <testcase name="englishIncompatibleSaveIsExplainedAndKeptUntilExplicitDiscard()[desktop]" classname="com.parlor.games.whodunit.ui.flow.WhodunitRecoveryInteractionTest" time="0.072"/>
  <testcase name="englishTransientSnapshotFailureRetriesIntoTheSameSavedInvestigation()[desktop]" classname="com.parlor.games.whodunit.ui.flow.WhodunitRecoveryInteractionTest" time="0.049"/>
  <testcase name="equalSuccessfulSnapshotReadsCannotRepairAnImmutableBundledIdentityMismatch()[desktop]" classname="com.parlor.games.whodunit.ui.flow.WhodunitRecoveryInteractionTest" time="0.01"/>
  <testcase name="englishIdentityLessSaveIsKeptUntilExplicitDiscard()[desktop]" classname="com.parlor.games.whodunit.ui.flow.WhodunitRecoveryInteractionTest" time="0.068"/>
  <testcase name="arabicIdentityLessSaveIsKeptUntilExplicitDiscard()[desktop]" classname="com.parlor.games.whodunit.ui.flow.WhodunitRecoveryInteractionTest" time="0.081"/>
  <system-out><![CDATA[]]></system-out>
  <system-err><![CDATA[]]></system-err>
</testsuite>
