<?xml version="1.0" encoding="UTF-8"?>
<testsuite name="com.parlor.games.whodunit.content.TestingStoryRemainingChronologyTest" tests="3" skipped="0" failures="0" errors="0" timestamp="2026-09-10T10:13:58.766Z" hostname="runnervmec22z" time="0.008">
  <properties/>
  <testcase name="guiltyCaptainsDiscoveryAndTwoMinuteHesitationMatchPublicFactsAndCamera()[desktop]" classname="com.parlor.games.whodunit.content.TestingStoryRemainingChronologyTest" time="0.003"/>
  <testcase name="walidsKnowledgeMatchesTheSameLastWeekWillWithoutInventingAnEarlierRevision()[desktop]" classname="com.parlor.games.whodunit.content.TestingStoryRemainingChronologyTest" time="0.002"/>
  <testcase name="nadimsCurrentClosureMatchesTheRegisterWithoutRewritingHisFalseCigaretteAlibi()[desktop]" classname="com.parlor.games.whodunit.content.TestingStoryRemainingChronologyTest" time="0.002"/>
  <system-out><![CDATA[]]></system-out>
  <system-err><![CDATA[]]></system-err>
</testsuite>
