<?xml version="1.0" encoding="UTF-8"?>
<testsuite name="com.parlor.games.whodunit.ui.flow.WhodunitLocalLeaveTimerTest" tests="6" skipped="0" failures="0" errors="0" timestamp="2026-09-11T14:35:23.455Z" hostname="runnervmvmocb" time="9.87">
  <properties/>
  <testcase name="eliminationConfirmationTimeIsExcludedAndStayRestartsOnlyOneTicker()[desktop]" classname="com.parlor.games.whodunit.ui.flow.WhodunitLocalLeaveTimerTest" time="3.346"/>
  <testcase name="stayDoesNotReleaseAnExistingPerTimerPause()[desktop]" classname="com.parlor.games.whodunit.ui.flow.WhodunitLocalLeaveTimerTest" time="0.925"/>
  <testcase name="lastSecondCannotExpireBehindConfirmationButExpiresAfterStay()[desktop]" classname="com.parlor.games.whodunit.ui.flow.WhodunitLocalLeaveTimerTest" time="0.626"/>
  <testcase name="failedSaveKeepsTimeFrozenAndSuccessfulSaveResumesWithoutCatchingUp()[desktop]" classname="com.parlor.games.whodunit.ui.flow.WhodunitLocalLeaveTimerTest" time="1.188"/>
  <testcase name="stayDoesNotReleaseAnExistingSessionPause()[desktop]" classname="com.parlor.games.whodunit.ui.flow.WhodunitLocalLeaveTimerTest" time="0.873"/>
  <testcase name="classicConfirmationTimeIsExcludedAndStayRestartsOnlyOneTicker()[desktop]" classname="com.parlor.games.whodunit.ui.flow.WhodunitLocalLeaveTimerTest" time="2.911"/>
  <system-out><![CDATA[]]></system-out>
  <system-err><![CDATA[]]></system-err>
</testsuite>
