<?xml version="1.0" encoding="UTF-8"?>
<testsuite name="com.parlor.games.whodunit.content.WhodunitPayloadHardeningTest" tests="10" skipped="0" failures="0" errors="0" timestamp="2026-09-11T14:35:09.149Z" hostname="runnervmvmocb" time="0.07">
  <properties/>
  <testcase name="unsafeAuthoredTextAndTagsAreRejected()[desktop]" classname="com.parlor.games.whodunit.content.WhodunitPayloadHardeningTest" time="0.008"/>
  <testcase name="blankClueIdThatWouldCrashClueIdConstructionIsRejected()[desktop]" classname="com.parlor.games.whodunit.content.WhodunitPayloadHardeningTest" time="0.006"/>
  <testcase name="bundledSourceRejectsDuplicateIdsAndFilenameEnvelopeMismatch()[desktop]" classname="com.parlor.games.whodunit.content.WhodunitPayloadHardeningTest" time="0.005"/>
  <testcase name="blankNestedTimelineAndRevealTextAreRejected()[desktop]" classname="com.parlor.games.whodunit.content.WhodunitPayloadHardeningTest" time="0.004"/>
  <testcase name="everyBundledMysteryMatchesTheShippingLanguageModeAndRosterContract()[desktop]" classname="com.parlor.games.whodunit.content.WhodunitPayloadHardeningTest" time="0.018"/>
  <testcase name="contentIdsRejectTrailingAndConsecutiveHyphens()[desktop]" classname="com.parlor.games.whodunit.content.WhodunitPayloadHardeningTest" time="0.005"/>
  <testcase name="declaredModeMustHaveAPlayableCountAndModeEligibleFinalEvidence()[desktop]" classname="com.parlor.games.whodunit.content.WhodunitPayloadHardeningTest" time="0.008"/>
  <testcase name="bundledSourceFailsFastWhenDeclaredResourceIsMissing()[desktop]" classname="com.parlor.games.whodunit.content.WhodunitPayloadHardeningTest" time="0.004"/>
  <testcase name="roundDeclarationsTheReducerWouldIgnoreAreRejected()[desktop]" classname="com.parlor.games.whodunit.content.WhodunitPayloadHardeningTest" time="0.005"/>
  <testcase name="unboundedContentTextIsRejected()[desktop]" classname="com.parlor.games.whodunit.content.WhodunitPayloadHardeningTest" time="0.002"/>
  <system-out><![CDATA[]]></system-out>
  <system-err><![CDATA[]]></system-err>
</testsuite>
