<?xml version="1.0" encoding="UTF-8"?>
<testsuite name="com.parlor.games.whodunit.ui.WhodunitNetErrorMessageKeyTest" tests="1" skipped="0" failures="0" errors="0" timestamp="2026-09-07T07:44:01.132Z" hostname="192.168.1.4" time="0.002">
  <properties/>
  <testcase name="everyNetworkFailureKeepsItsActionableUiClassification()[desktop]" classname="com.parlor.games.whodunit.ui.WhodunitNetErrorMessageKeyTest" time="0.002"/>
  <system-out><![CDATA[]]></system-out>
  <system-err><![CDATA[]]></system-err>
</testsuite>
