<?xml version="1.0" encoding="UTF-8"?>
<testsuite name="com.parlor.networking.protocol.ProtocolValidationTest" tests="8" skipped="0" failures="0" errors="0" timestamp="2026-09-11T02:25:05.949Z" hostname="sat12-bq165-0ded1d9d-4bdd-4424-92c2-43cc28ab7c36-C6326A2E7B55.local" time="0.001">
  <properties/>
  <testcase name="rejects incompatible protocol game and session[iosSimulatorArm64]" classname="com.parlor.networking.protocol.ProtocolValidationTest" time="0.0"/>
  <testcase name="rejects unsafe wire identities even when an initial peer trusts the supplied session[iosSimulatorArm64]" classname="com.parlor.networking.protocol.ProtocolValidationTest" time="0.0"/>
  <testcase name="enforces command identifiers sequence revision and payload cap[iosSimulatorArm64]" classname="com.parlor.networking.protocol.ProtocolValidationTest" time="0.0"/>
  <testcase name="snapshot is atomic and independently caps public and private slices[iosSimulatorArm64]" classname="com.parlor.networking.protocol.ProtocolValidationTest" time="0.0"/>
  <testcase name="snapshot request permits only the pre-snapshot minus-one sentinel[iosSimulatorArm64]" classname="com.parlor.networking.protocol.ProtocolValidationTest" time="0.0"/>
  <testcase name="peer control messages require the unsequenced zero header domain[iosSimulatorArm64]" classname="com.parlor.networking.protocol.ProtocolValidationTest" time="0.0"/>
  <testcase name="validates epoch and control message semantics[iosSimulatorArm64]" classname="com.parlor.networking.protocol.ProtocolValidationTest" time="0.001"/>
  <testcase name="session start identity metadata and phase sequences are strict[iosSimulatorArm64]" classname="com.parlor.networking.protocol.ProtocolValidationTest" time="0.0"/>
  <system-out><![CDATA[]]></system-out>
  <system-err><![CDATA[]]></system-err>
</testsuite>
