<?xml version="1.0" encoding="UTF-8"?>
<testsuite name="com.parlor.networking.protocol.RoomMessageCodecTest" tests="9" skipped="0" failures="0" errors="0" timestamp="2026-09-07T18:42:01.904Z" hostname="iad01-dz252-dfc52010-ebd4-41e7-9a4f-56e71944b007-CA9CE47117F2.local" time="0.52">
  <properties/>
  <testcase name="registered room message variants match the complete wire allowlist()[desktop]" classname="com.parlor.networking.protocol.RoomMessageCodecTest" time="0.053"/>
  <testcase name="round trips binary snapshot without JSON byte expansion()[desktop]" classname="com.parlor.networking.protocol.RoomMessageCodecTest" time="0.133"/>
  <testcase name="admission offered matches its golden wire vector()[desktop]" classname="com.parlor.networking.protocol.RoomMessageCodecTest" time="0.026"/>
  <testcase name="round trips every transactional admission and resume frame()[desktop]" classname="com.parlor.networking.protocol.RoomMessageCodecTest" time="0.162"/>
  <testcase name="session starting matches its golden wire vector()[desktop]" classname="com.parlor.networking.protocol.RoomMessageCodecTest" time="0.007"/>
  <testcase name="player snapshot matches its golden wire vector()[desktop]" classname="com.parlor.networking.protocol.RoomMessageCodecTest" time="0.004"/>
  <testcase name="round trips every acknowledged session-start frame()[desktop]" classname="com.parlor.networking.protocol.RoomMessageCodecTest" time="0.009"/>
  <testcase name="rejects oversized encoded input before decode()[desktop]" classname="com.parlor.networking.protocol.RoomMessageCodecTest" time="0.003"/>
  <testcase name="client command matches its golden wire vector()[desktop]" classname="com.parlor.networking.protocol.RoomMessageCodecTest" time="0.003"/>
  <system-out><![CDATA[]]></system-out>
  <system-err><![CDATA[]]></system-err>
</testsuite>
