<?xml version="1.0" encoding="UTF-8"?>
<testsuite name="com.parlor.games.whodunit.flow.TickerAndRerollTest" tests="9" skipped="0" failures="0" errors="0" timestamp="2026-09-11T02:22:08.598Z" hostname="sjc20-av659-34a2da46-5990-44e3-be11-defac2bde170-0E00C18D42BC.local" time="0.087">
  <properties/>
  <testcase name="reroll_emits_PhaseEntered_for_character_reveal_only_and_does_not_announce_public_intro()[desktop]" classname="com.parlor.games.whodunit.flow.TickerAndRerollTest" time="0.012"/>
  <testcase name="reroll_changes_role_assignment_emits_RerolledAt_and_lands_in_character_reveal()[desktop]" classname="com.parlor.games.whodunit.flow.TickerAndRerollTest" time="0.009"/>
  <testcase name="pause_is_rejected_during_character_reveal_and_reroll_stays_interactive()[desktop]" classname="com.parlor.games.whodunit.flow.TickerAndRerollTest" time="0.006"/>
  <testcase name="ticker_freezes_while_session_paused_and_resumes_after_unpause()[desktop]" classname="com.parlor.games.whodunit.flow.TickerAndRerollTest" time="0.009"/>
  <testcase name="prematureTimerExpiredCannotSkipAnActiveDiscussion()[desktop]" classname="com.parlor.games.whodunit.flow.TickerAndRerollTest" time="0.007"/>
  <testcase name="ticker_submitsTimerExpiredAtTerminalEdgeAndClearsTimer()[desktop]" classname="com.parlor.games.whodunit.flow.TickerAndRerollTest" time="0.018"/>
  <testcase name="ticker_decrements_once_per_second()[desktop]" classname="com.parlor.games.whodunit.flow.TickerAndRerollTest" time="0.007"/>
  <testcase name="ticker_does_not_double_tick_when_two_loops_share_a_timer_id()[desktop]" classname="com.parlor.games.whodunit.flow.TickerAndRerollTest" time="0.008"/>
  <testcase name="ticker_stops_when_timer_id_changes()[desktop]" classname="com.parlor.games.whodunit.flow.TickerAndRerollTest" time="0.007"/>
  <system-out><![CDATA[]]></system-out>
  <system-err><![CDATA[]]></system-err>
</testsuite>
