<?xml version="1.0" encoding="UTF-8"?>
<testsuite name="com.parlor.games.whodunit.content.TestingStoryRemainingChronologyTest" tests="3" skipped="0" failures="0" errors="0" timestamp="2026-09-11T02:22:01.869Z" hostname="sjc20-av659-34a2da46-5990-44e3-be11-defac2bde170-0E00C18D42BC.local" time="0.013">
  <properties/>
  <testcase name="guiltyCaptainsDiscoveryAndTwoMinuteHesitationMatchPublicFactsAndCamera()[desktop]" classname="com.parlor.games.whodunit.content.TestingStoryRemainingChronologyTest" time="0.004"/>
  <testcase name="walidsKnowledgeMatchesTheSameLastWeekWillWithoutInventingAnEarlierRevision()[desktop]" classname="com.parlor.games.whodunit.content.TestingStoryRemainingChronologyTest" time="0.004"/>
  <testcase name="nadimsCurrentClosureMatchesTheRegisterWithoutRewritingHisFalseCigaretteAlibi()[desktop]" classname="com.parlor.games.whodunit.content.TestingStoryRemainingChronologyTest" time="0.003"/>
  <system-out><![CDATA[]]></system-out>
  <system-err><![CDATA[]]></system-err>
</testsuite>
