<?xml version="1.0" encoding="UTF-8"?>
<testsuite name="com.parlor.networking.transport.LocalNetworkAccessTest" tests="1" skipped="0" failures="0" errors="0" timestamp="2026-09-11T04:25:47.933Z" hostname="runnervmvmocb" time="0.042">
  <properties/>
  <testcase name="recovery_guidance_is_reserved_for_proven_or_unclassified_failures()[desktop]" classname="com.parlor.networking.transport.LocalNetworkAccessTest" time="0.042"/>
  <system-out><![CDATA[]]></system-out>
  <system-err><![CDATA[]]></system-err>
</testsuite>
