<?xml version="1.0" encoding="UTF-8"?>
<testsuite name="com.parlor.content.repository.DefaultCaseRepositoryTest" tests="9" skipped="0" failures="0" errors="0" timestamp="2026-09-11T04:32:16.802Z" hostname="runnervmlun5p" time="0.292">
  <properties/>
  <testcase name="refresh_rejects_a_fetched_case_that_does_not_match_its_manifest_identity()" classname="com.parlor.content.repository.DefaultCaseRepositoryTest" time="0.021"/>
  <testcase name="refresh_rejects_game_invalid_payload_before_cache_warming()" classname="com.parlor.content.repository.DefaultCaseRepositoryTest" time="0.159"/>
  <testcase name="corrupt_remote_case_falls_back_to_a_valid_bundled_copy()" classname="com.parlor.content.repository.DefaultCaseRepositoryTest" time="0.025"/>
  <testcase name="corrupt_cached_case_is_invalidated_before_remote_fallback()" classname="com.parlor.content.repository.DefaultCaseRepositoryTest" time="0.007"/>
  <testcase name="valid_remote_case_is_cached_only_after_validation()" classname="com.parlor.content.repository.DefaultCaseRepositoryTest" time="0.007"/>
  <testcase name="remote_case_identity_must_match_the_requested_case_before_caching()" classname="com.parlor.content.repository.DefaultCaseRepositoryTest" time="0.009"/>
  <testcase name="invalid_remote_case_is_not_cached_before_typed_validation()" classname="com.parlor.content.repository.DefaultCaseRepositoryTest" time="0.008"/>
  <testcase name="refresh_does_not_cache_a_failed_envelope_shape()" classname="com.parlor.content.repository.DefaultCaseRepositoryTest" time="0.009"/>
  <testcase name="refresh_reports_an_advertised_case_that_cannot_be_fetched()" classname="com.parlor.content.repository.DefaultCaseRepositoryTest" time="0.004"/>
  <system-out><![CDATA[]]></system-out>
  <system-err><![CDATA[]]></system-err>
</testsuite>
