<?xml version="1.0" encoding="UTF-8"?>
<testsuite name="com.parlor.engine.architecture.ProjectionDocumentationContractTest" tests="2" skipped="0" failures="0" errors="0" timestamp="2026-09-11T02:19:31.577Z" hostname="runnervmvmocb" time="0.03">
  <properties/>
  <testcase name="projection_kdocs_describe_runtime_not_compiler_enforced_redaction()[desktop]" classname="com.parlor.engine.architecture.ProjectionDocumentationContractTest" time="0.014"/>
  <testcase name="documentation_reads_normalize_platform_line_endings()[desktop]" classname="com.parlor.engine.architecture.ProjectionDocumentationContractTest" time="0.013"/>
  <system-out><![CDATA[]]></system-out>
  <system-err><![CDATA[]]></system-err>
</testsuite>
