<?xml version="1.0" encoding="UTF-8"?>
<testsuite name="com.parlor.content.schema.IntRangePairSerializerTest" tests="2" skipped="0" failures="0" errors="0" timestamp="2026-09-11T14:36:01.737Z" hostname="runnervmlun5p" time="0.001">
  <properties/>
  <testcase name="correctedDescriptorPreservesTheExistingWireFormat()[desktop]" classname="com.parlor.content.schema.IntRangePairSerializerTest" time="0.001"/>
  <testcase name="descriptorMatchesTheJsonArrayWireShape()[desktop]" classname="com.parlor.content.schema.IntRangePairSerializerTest" time="0.0"/>
  <system-out><![CDATA[]]></system-out>
  <system-err><![CDATA[]]></system-err>
</testsuite>
