<?xml version="1.0" encoding="UTF-8"?>
<testsuite name="com.parlor.engine.testing.reducer.ReducerSmokeTest" tests="2" skipped="0" failures="0" errors="0" timestamp="2026-09-10T10:25:12.885Z" hostname="runnervmejwal" time="0.025">
  <properties/>
  <testcase name="reducer_runs_to_completion()" classname="com.parlor.engine.testing.reducer.ReducerSmokeTest" time="0.019"/>
  <testcase name="out_of_turn_announcement_is_rejected()" classname="com.parlor.engine.testing.reducer.ReducerSmokeTest" time="0.003"/>
  <system-out><![CDATA[]]></system-out>
  <system-err><![CDATA[]]></system-err>
</testsuite>
