<?xml version="1.0" encoding="UTF-8"?>
<testsuite name="com.parlor.games.whodunit.ui.screens.setup.WhodunitCaseLanguageLabelTest" tests="2" skipped="0" failures="0" errors="0" timestamp="2026-09-10T00:37:44.430Z" hostname="runnervmejwal" time="0.005">
  <properties/>
  <testcase name="anotherLanguageUsesTheFallbackClassification()" classname="com.parlor.games.whodunit.ui.screens.setup.WhodunitCaseLanguageLabelTest" time="0.004"/>
  <testcase name="englishAndArabicUseTheirPrimaryBcp47Subtag()" classname="com.parlor.games.whodunit.ui.screens.setup.WhodunitCaseLanguageLabelTest" time="0.0"/>
  <system-out><![CDATA[]]></system-out>
  <system-err><![CDATA[]]></system-err>
</testsuite>
