<?xml version="1.0" encoding="UTF-8"?>
<testsuite name="com.parlor.app.storage.SnapshotProtectionPolicyTest" tests="4" skipped="0" failures="0" errors="0" timestamp="2026-09-11T04:25:37.255Z" hostname="runnervmlun5p" time="0.111">
  <properties/>
  <testcase name="recordOneByteShorterThanAuthenticationTagIsRejected()" classname="com.parlor.app.storage.SnapshotProtectionPolicyTest" time="0.003"/>
  <testcase name="authenticationTagOnlyPayloadIsValidForEmptyPlaintext()" classname="com.parlor.app.storage.SnapshotProtectionPolicyTest" time="0.0"/>
  <testcase name="oversizedPlaintextIsClearedBeforeItIsRejected()" classname="com.parlor.app.storage.SnapshotProtectionPolicyTest" time="0.001"/>
  <testcase name="plaintextExactlyAtTheMaximumIsAcceptedWithoutCopying()" classname="com.parlor.app.storage.SnapshotProtectionPolicyTest" time="0.105"/>
  <system-out><![CDATA[]]></system-out>
  <system-err><![CDATA[]]></system-err>
</testsuite>
