<?xml version="1.0" encoding="UTF-8"?>
<testsuite name="com.parlor.app.shell.game.WhodunitShippedPlayerCountTest" tests="2" skipped="0" failures="0" errors="0" timestamp="2026-09-11T04:25:37.122Z" hostname="runnervmlun5p" time="0.004">
  <properties/>
  <testcase name="releaseMultiplayerRangeMatchesTheOnlyBundledPlayerCount()" classname="com.parlor.app.shell.game.WhodunitShippedPlayerCountTest" time="0.001"/>
  <testcase name="releaseMultiplayerRangeRemainsWithinEngineCapabilities()" classname="com.parlor.app.shell.game.WhodunitShippedPlayerCountTest" time="0.002"/>
  <system-out><![CDATA[]]></system-out>
  <system-err><![CDATA[]]></system-err>
</testsuite>
