<?xml version="1.0" encoding="UTF-8"?>
<testsuite name="com.parlor.content.schema.IntRangePairSerializerTest" tests="2" skipped="0" failures="0" errors="0" timestamp="2026-09-11T14:33:23.958Z" hostname="runnervmvmocb" time="0.004">
  <properties/>
  <testcase name="correctedDescriptorPreservesTheExistingWireFormat()[desktop]" classname="com.parlor.content.schema.IntRangePairSerializerTest" time="0.002"/>
  <testcase name="descriptorMatchesTheJsonArrayWireShape()[desktop]" classname="com.parlor.content.schema.IntRangePairSerializerTest" time="0.001"/>
  <system-out><![CDATA[]]></system-out>
  <system-err><![CDATA[]]></system-err>
</testsuite>
