<?xml version="1.0" encoding="UTF-8"?>
<testsuite name="com.parlor.games.mafia.multidevice.MafiaMultiDeviceProgressionTest" tests="6" skipped="0" failures="0" errors="0" timestamp="2026-09-07T08:08:57.734Z" hostname="192.168.1.4" time="0.008">
  <properties/>
  <testcase name="multi_device_host_driver_progresses_a_full_game_to_a_winner()[desktop]" classname="com.parlor.games.mafia.multidevice.MafiaMultiDeviceProgressionTest" time="0.001"/>
  <testcase name="role_assignment_does_not_advance_until_every_active_player_has_acked()[desktop]" classname="com.parlor.games.mafia.multidevice.MafiaMultiDeviceProgressionTest" time="0.0"/>
  <testcase name="announcement_controls_are_exposed_only_to_living_active_seats()[desktop]" classname="com.parlor.games.mafia.multidevice.MafiaMultiDeviceProgressionTest" time="0.001"/>
  <testcase name="ready_advance_is_suspended_during_disconnect_and_reoffered_after_reconnect()[desktop]" classname="com.parlor.games.mafia.multidevice.MafiaMultiDeviceProgressionTest" time="0.0"/>
  <testcase name="retained_host_driver_reoffers_the_same_ready_advance_after_foregrounding()[desktop]" classname="com.parlor.games.mafia.multidevice.MafiaMultiDeviceProgressionTest" time="0.004"/>
  <testcase name="an_eliminated_host_can_still_resolve_the_night()[desktop]" classname="com.parlor.games.mafia.multidevice.MafiaMultiDeviceProgressionTest" time="0.001"/>
  <system-out><![CDATA[]]></system-out>
  <system-err><![CDATA[]]></system-err>
</testsuite>
