<?xml version="1.0" encoding="UTF-8"?>
<testsuite name="com.parlor.designsystem.components.SessionExitOverlayTest" tests="1" skipped="0" failures="0" errors="0" timestamp="2026-09-10T00:37:54.451Z" hostname="runnervmejwal" time="0.003">
  <properties/>
  <testcase name="content starts after the measured affordance and both visual margins()" classname="com.parlor.designsystem.components.SessionExitOverlayTest" time="0.003"/>
  <system-out><![CDATA[]]></system-out>
  <system-err><![CDATA[]]></system-err>
</testsuite>
