<?xml version="1.0" encoding="UTF-8"?>
<testsuite name="com.parlor.designsystem.components.ParlorSafeAreaTest" tests="1" skipped="0" failures="0" errors="0" timestamp="2026-09-06T12:19:34.647Z" hostname="192.168.1.5" time="0.002">
  <properties/>
  <testcase name="visual spacing is added outside every safe-area edge()[desktop]" classname="com.parlor.designsystem.components.ParlorSafeAreaTest" time="0.002"/>
  <system-out><![CDATA[]]></system-out>
  <system-err><![CDATA[]]></system-err>
</testsuite>
