<?xml version="1.0" encoding="UTF-8"?>
<testsuite name="com.parlor.games.whodunit.ui.screens.setup.WhodunitModeChoiceTest" tests="2" skipped="0" failures="0" errors="0" timestamp="2026-09-11T02:24:26.011Z" hostname="sat12-bq165-0ded1d9d-4bdd-4424-92c2-43cc28ab7c36-C6326A2E7B55.local" time="0.0">
  <properties/>
  <testcase name="selected_case_controls_visible_modes_and_effective_player_bounds[iosSimulatorArm64]" classname="com.parlor.games.whodunit.ui.screens.setup.WhodunitModeChoiceTest" time="0.0"/>
  <testcase name="unsupported_unknown_and_disjoint_modes_are_not_offered[iosSimulatorArm64]" classname="com.parlor.games.whodunit.ui.screens.setup.WhodunitModeChoiceTest" time="0.0"/>
  <system-out><![CDATA[]]></system-out>
  <system-err><![CDATA[]]></system-err>
</testsuite>
