<?xml version="1.0" encoding="UTF-8"?>
<testsuite name="com.parlor.games.whodunit.snapshot.WhodunitFinalTwoRecoveryTest" tests="9" skipped="0" failures="0" errors="0" timestamp="2026-09-10T10:20:43.504Z" hostname="iad01-dz251-152fa2dc-c3f6-4481-8767-d32a9511f474-CE844A2E315A.local" time="0.121">
  <properties/>
  <testcase name="everyOwnPrivatePeerBoundaryRejectsAReopenedFinalTwo()[desktop]" classname="com.parlor.games.whodunit.snapshot.WhodunitFinalTwoRecoveryTest" time="0.014"/>
  <testcase name="earlyEndWithAndWithoutDisclosureRemainRecoverable()[desktop]" classname="com.parlor.games.whodunit.snapshot.WhodunitFinalTwoRecoveryTest" time="0.02"/>
  <testcase name="currentDecoderRejectsCanonicalJsonThatReopensTheFinalTwo()[desktop]" classname="com.parlor.games.whodunit.snapshot.WhodunitFinalTwoRecoveryTest" time="0.012"/>
  <testcase name="aLegalLastRoundKillerEliminationStillAllowsTwoInnocentSurvivors()[desktop]" classname="com.parlor.games.whodunit.snapshot.WhodunitFinalTwoRecoveryTest" time="0.015"/>
  <testcase name="legalFinalTwoKillerVictoryStillRecoversThroughPostGameAndReplay()[desktop]" classname="com.parlor.games.whodunit.snapshot.WhodunitFinalTwoRecoveryTest" time="0.018"/>
  <testcase name="productionLocalResumeLoaderRejectsAnImpossibleTrustedPayload()[desktop]" classname="com.parlor.games.whodunit.snapshot.WhodunitFinalTwoRecoveryTest" time="0.013"/>
  <testcase name="currentEncoderRejectsEveryReopenedFinalTwoSubstate()[desktop]" classname="com.parlor.games.whodunit.snapshot.WhodunitFinalTwoRecoveryTest" time="0.008"/>
  <testcase name="bareLegacyPayloadCannotRepairAnImpossibleActiveFinalTwo()[desktop]" classname="com.parlor.games.whodunit.snapshot.WhodunitFinalTwoRecoveryTest" time="0.006"/>
  <testcase name="caseBoundRecoveryRejectsFinalTwoEvenWithTheCorrectContentIdentity()[desktop]" classname="com.parlor.games.whodunit.snapshot.WhodunitFinalTwoRecoveryTest" time="0.011"/>
  <system-out><![CDATA[]]></system-out>
  <system-err><![CDATA[]]></system-err>
</testsuite>
