<?xml version="1.0" encoding="UTF-8"?>
<testsuite name="com.parlor.games.whodunit.multidevice.SelfOfflineTimeoutTest" tests="1" skipped="0" failures="0" errors="0" timestamp="2026-09-10T10:20:43.251Z" hostname="iad01-dz251-152fa2dc-c3f6-4481-8767-d32a9511f474-CE844A2E315A.local" time="0.007">
  <properties/>
  <testcase name="send_failure_emits_self_offline_and_host_restore_emits_self_online()[desktop]" classname="com.parlor.games.whodunit.multidevice.SelfOfflineTimeoutTest" time="0.007"/>
  <system-out><![CDATA[]]></system-out>
  <system-err><![CDATA[]]></system-err>
</testsuite>
