<?xml version="1.0" encoding="UTF-8"?>
<testsuite name="com.parlor.games.whodunit.flow.PartyFlowControllerTest" tests="7" skipped="0" failures="0" errors="0" timestamp="2026-09-10T10:20:41.929Z" hostname="iad01-dz251-152fa2dc-c3f6-4481-8767-d32a9511f474-CE844A2E315A.local" time="0.008">
  <properties/>
  <testcase name="activeRoster_excludes_dropped_players()[desktop]" classname="com.parlor.games.whodunit.flow.PartyFlowControllerTest" time="0.002"/>
  <testcase name="readinessFor_other_phases_returns_null()[desktop]" classname="com.parlor.games.whodunit.flow.PartyFlowControllerTest" time="0.0"/>
  <testcase name="canAdvance_ignores_dropped_players_for_readiness()[desktop]" classname="com.parlor.games.whodunit.flow.PartyFlowControllerTest" time="0.001"/>
  <testcase name="pendingFor_lists_only_active_unacked_players()[desktop]" classname="com.parlor.games.whodunit.flow.PartyFlowControllerTest" time="0.0"/>
  <testcase name="canAdvance_false_when_some_active_players_have_not_acked()[desktop]" classname="com.parlor.games.whodunit.flow.PartyFlowControllerTest" time="0.0"/>
  <testcase name="readyCountFor_counts_active_acked_players()[desktop]" classname="com.parlor.games.whodunit.flow.PartyFlowControllerTest" time="0.0"/>
  <testcase name="canAdvance_true_when_all_active_players_have_acked()[desktop]" classname="com.parlor.games.whodunit.flow.PartyFlowControllerTest" time="0.0"/>
  <system-out><![CDATA[]]></system-out>
  <system-err><![CDATA[]]></system-err>
</testsuite>
