<?xml version="1.0" encoding="UTF-8"?>
<testsuite name="com.parlor.designsystem.components.ParlorToastLifetimeTest" tests="3" skipped="0" failures="0" errors="0" timestamp="2026-09-10T10:18:13.740Z" hostname="runnervmejwal" time="3.706">
  <properties/>
  <testcase name="replacement_state_owner_with_same_numeric_id_gets_its_own_lifetime()[desktop]" classname="com.parlor.designsystem.components.ParlorToastLifetimeTest" time="2.899"/>
  <testcase name="replacement_after_automatic_dismiss_gets_fresh_visibility_and_timer()[desktop]" classname="com.parlor.designsystem.components.ParlorToastLifetimeTest" time="0.387"/>
  <testcase name="identical_text_after_automatic_dismiss_is_a_new_lifetime()[desktop]" classname="com.parlor.designsystem.components.ParlorToastLifetimeTest" time="0.415"/>
  <system-out><![CDATA[]]></system-out>
  <system-err><![CDATA[]]></system-err>
</testsuite>
