<?xml version="1.0" encoding="UTF-8"?>
<testsuite name="com.parlor.designsystem.components.SessionExitOverlayLayoutTest" tests="1" skipped="0" failures="0" errors="0" timestamp="2026-09-11T02:17:08.618Z" hostname="runnervmec22z" time="0.087">
  <properties/>
  <testcase name="safe_content_starts_below_the_measured_exit_control()[desktop]" classname="com.parlor.designsystem.components.SessionExitOverlayLayoutTest" time="0.087"/>
  <system-out><![CDATA[]]></system-out>
  <system-err><![CDATA[]]></system-err>
</testsuite>
