<?xml version="1.0" encoding="UTF-8"?>
<testsuite name="com.parlor.designsystem.components.RecoveryActionContrastTest" tests="3" skipped="0" failures="0" errors="0" timestamp="2026-09-11T02:17:08.306Z" hostname="runnervmec22z" time="0.3">
  <properties/>
  <testcase name="disconnected_host_leave_is_readable_in_both_themes()[desktop]" classname="com.parlor.designsystem.components.RecoveryActionContrastTest" time="0.154"/>
  <testcase name="reconnecting_leave_is_readable_in_both_themes()[desktop]" classname="com.parlor.designsystem.components.RecoveryActionContrastTest" time="0.08"/>
  <testcase name="ordinary_ghost_button_retains_its_theme_appropriate_foreground()[desktop]" classname="com.parlor.designsystem.components.RecoveryActionContrastTest" time="0.063"/>
  <system-out><![CDATA[]]></system-out>
  <system-err><![CDATA[]]></system-err>
</testsuite>
