<?xml version="1.0" encoding="UTF-8"?>
<testsuite name="com.parlor.games.whodunit.domain.rules.WhodunitPolicyGoldenTest" tests="2" skipped="0" failures="0" errors="0" timestamp="2026-09-11T14:37:50.389Z" hostname="runnervmlun5p" time="0.013">
  <properties/>
  <testcase name="roundResolutionPreservesExactNearestTieAndDefaultRules()[desktop]" classname="com.parlor.games.whodunit.domain.rules.WhodunitPolicyGoldenTest" time="0.012"/>
  <testcase name="clueSelectionHasStableCrossPlatformGoldenSequences()[desktop]" classname="com.parlor.games.whodunit.domain.rules.WhodunitPolicyGoldenTest" time="0.001"/>
  <system-out><![CDATA[]]></system-out>
  <system-err><![CDATA[]]></system-err>
</testsuite>
