<?xml version="1.0" encoding="UTF-8"?>
<testsuite name="com.parlor.app.shell.home.HomeRecoveryAvailabilityTest" tests="8" skipped="0" failures="0" errors="0" timestamp="2026-09-07T18:42:42.248Z" hostname="runnervmejwal" time="0.028">
  <properties/>
  <testcase name="localInventoryBoundsMetadataReadsWithoutLoadingSnapshotPayloads()[desktop]" classname="com.parlor.app.shell.home.HomeRecoveryAvailabilityTest" time="0.015"/>
  <testcase name="successfulSourceRemainsAvailableWhenTheOtherSourceFails()[desktop]" classname="com.parlor.app.shell.home.HomeRecoveryAvailabilityTest" time="0.002"/>
  <testcase name="unsupportedLocalGameIsVisibleButMarksRecoverySourceUnavailable()[desktop]" classname="com.parlor.app.shell.home.HomeRecoveryAvailabilityTest" time="0.001"/>
  <testcase name="failedStoresAreReportedInsteadOfMasqueradingAsEmpty()[desktop]" classname="com.parlor.app.shell.home.HomeRecoveryAvailabilityTest" time="0.0"/>
  <testcase name="localInventoryIdentifiesHealthyGamesAndRetainsUnreadableRecords()[desktop]" classname="com.parlor.app.shell.home.HomeRecoveryAvailabilityTest" time="0.002"/>
  <testcase name="multiplayerRecoveryProbeStartsWhileLocalInventoryIsSlow()[desktop]" classname="com.parlor.app.shell.home.HomeRecoveryAvailabilityTest" time="0.003"/>
  <testcase name="compatibleRecoveryRecordsAreExposedWithoutAnError()[desktop]" classname="com.parlor.app.shell.home.HomeRecoveryAvailabilityTest" time="0.0"/>
  <testcase name="unsupportedSavedMultiplayerRecordIsReportedAndCannotBeOpened()[desktop]" classname="com.parlor.app.shell.home.HomeRecoveryAvailabilityTest" time="0.001"/>
  <system-out><![CDATA[]]></system-out>
  <system-err><![CDATA[]]></system-err>
</testsuite>
