<?xml version="1.0" encoding="UTF-8"?>
<testsuite name="com.parlor.app.shell.home.HomeRecoveryAvailabilityTest" tests="8" skipped="0" failures="0" errors="0" timestamp="2026-09-05T22:14:04.833Z" hostname="192.168.1.11" time="0.011">
  <properties/>
  <testcase name="localInventoryBoundsMetadataReadsWithoutLoadingSnapshotPayloads()" classname="com.parlor.app.shell.home.HomeRecoveryAvailabilityTest" time="0.004"/>
  <testcase name="successfulSourceRemainsAvailableWhenTheOtherSourceFails()" classname="com.parlor.app.shell.home.HomeRecoveryAvailabilityTest" time="0.001"/>
  <testcase name="unsupportedLocalGameIsVisibleButMarksRecoverySourceUnavailable()" classname="com.parlor.app.shell.home.HomeRecoveryAvailabilityTest" time="0.0"/>
  <testcase name="failedStoresAreReportedInsteadOfMasqueradingAsEmpty()" classname="com.parlor.app.shell.home.HomeRecoveryAvailabilityTest" time="0.0"/>
  <testcase name="localInventoryIdentifiesHealthyGamesAndRetainsUnreadableRecords()" classname="com.parlor.app.shell.home.HomeRecoveryAvailabilityTest" time="0.001"/>
  <testcase name="multiplayerRecoveryProbeStartsWhileLocalInventoryIsSlow()" classname="com.parlor.app.shell.home.HomeRecoveryAvailabilityTest" time="0.003"/>
  <testcase name="compatibleRecoveryRecordsAreExposedWithoutAnError()" classname="com.parlor.app.shell.home.HomeRecoveryAvailabilityTest" time="0.0"/>
  <testcase name="unsupportedSavedMultiplayerRecordIsReportedAndCannotBeOpened()" classname="com.parlor.app.shell.home.HomeRecoveryAvailabilityTest" time="0.001"/>
  <system-out><![CDATA[]]></system-out>
  <system-err><![CDATA[]]></system-err>
</testsuite>
