<?xml version="1.0" encoding="UTF-8"?>
<testsuite name="com.parlor.engine.architecture.ProjectionDocumentationContractTest" tests="2" skipped="0" failures="0" errors="0" timestamp="2026-09-07T18:37:01.604Z" hostname="runnervmfx5wp" time="0.02">
  <properties/>
  <testcase name="projection_kdocs_describe_runtime_not_compiler_enforced_redaction()[desktop]" classname="com.parlor.engine.architecture.ProjectionDocumentationContractTest" time="0.008"/>
  <testcase name="documentation_reads_normalize_platform_line_endings()[desktop]" classname="com.parlor.engine.architecture.ProjectionDocumentationContractTest" time="0.006"/>
  <system-out><![CDATA[]]></system-out>
  <system-err><![CDATA[]]></system-err>
</testsuite>
