<?xml version="1.0" encoding="UTF-8"?>
<testsuite name="com.parlor.games.whodunit.ui.flow.PeerReadinessRemountTest" tests="12" skipped="0" failures="0" errors="0" timestamp="2026-09-11T04:26:40.709Z" hostname="sat12-jr310-6720aefa-0827-4506-9894-a2a62c6bfd2b-DA71CD50CE1B.local" time="0.928">
  <properties/>
  <testcase name="introAcknowledgementDoesNotRepeatAfterCommandCoverRemount()[desktop]" classname="com.parlor.games.whodunit.ui.flow.PeerReadinessRemountTest" time="0.169"/>
  <testcase name="freshIntroSnapshotWinsOverAStaleComposeProjection()[desktop]" classname="com.parlor.games.whodunit.ui.flow.PeerReadinessRemountTest" time="0.054"/>
  <testcase name="replayInTheSameRenderedPhaseAcknowledgesTheNewGeneration()[desktop]" classname="com.parlor.games.whodunit.ui.flow.PeerReadinessRemountTest" time="0.054"/>
  <testcase name="replayBeforeEffectDoesNotAcknowledgeTheStaleAssignmentGeneration()[desktop]" classname="com.parlor.games.whodunit.ui.flow.PeerReadinessRemountTest" time="0.057"/>
  <testcase name="freshBriefingSnapshotWinsOverAStaleComposeProjection()[desktop]" classname="com.parlor.games.whodunit.ui.flow.PeerReadinessRemountTest" time="0.051"/>
  <testcase name="acknowledgedBriefingSurvivesUiRecreationAndDisconnectPause()[desktop]" classname="com.parlor.games.whodunit.ui.flow.PeerReadinessRemountTest" time="0.064"/>
  <testcase name="rejectionWithoutHostAcknowledgementDoesNotCreateOptimisticReadiness()[desktop]" classname="com.parlor.games.whodunit.ui.flow.PeerReadinessRemountTest" time="0.08"/>
  <testcase name="briefingAcknowledgementDoesNotRepeatAfterCommandCoverRemount()[desktop]" classname="com.parlor.games.whodunit.ui.flow.PeerReadinessRemountTest" time="0.108"/>
  <testcase name="phaseChangeBeforeEffectDoesNotSendThePreviousPhaseAcknowledgement()[desktop]" classname="com.parlor.games.whodunit.ui.flow.PeerReadinessRemountTest" time="0.057"/>
  <testcase name="aReplacementControllerRechecksReadinessInTheSamePhase()[desktop]" classname="com.parlor.games.whodunit.ui.flow.PeerReadinessRemountTest" time="0.054"/>
  <testcase name="unrelatedBriefingUpdatesDoNotResendWhileAuthorityHasNotResponded()[desktop]" classname="com.parlor.games.whodunit.ui.flow.PeerReadinessRemountTest" time="0.066"/>
  <testcase name="acknowledgedIntroSurvivesUiRecreationAndDisconnectPause()[desktop]" classname="com.parlor.games.whodunit.ui.flow.PeerReadinessRemountTest" time="0.11"/>
  <system-out><![CDATA[]]></system-out>
  <system-err><![CDATA[]]></system-err>
</testsuite>
