<?xml version="1.0" encoding="UTF-8"?>
<testsuite name="com.parlor.games.whodunit.ui.screens.setup.WhodunitCaseLanguageLabelTest" tests="2" skipped="0" failures="0" errors="0" timestamp="2026-09-11T04:27:10.673Z" hostname="sat12-jr310-6720aefa-0827-4506-9894-a2a62c6bfd2b-DA71CD50CE1B.local" time="0.001">
  <properties/>
  <testcase name="anotherLanguageUsesTheFallbackClassification()[desktop]" classname="com.parlor.games.whodunit.ui.screens.setup.WhodunitCaseLanguageLabelTest" time="0.001"/>
  <testcase name="englishAndArabicUseTheirPrimaryBcp47Subtag()[desktop]" classname="com.parlor.games.whodunit.ui.screens.setup.WhodunitCaseLanguageLabelTest" time="0.0"/>
  <system-out><![CDATA[]]></system-out>
  <system-err><![CDATA[]]></system-err>
</testsuite>
