<?xml version="1.0" encoding="UTF-8"?>
<testsuite name="com.parlor.transport.p2p.P2pKitMavenProvenanceContractTest" tests="2" skipped="0" failures="0" errors="0" timestamp="2026-09-11T04:27:57.291Z" hostname="runnervmlun5p" time="0.099">
  <properties/>
  <testcase name="every_shipped_p2pkit_variant_matches_the_reviewed_sha256()[desktop]" classname="com.parlor.transport.p2p.P2pKitMavenProvenanceContractTest" time="0.094"/>
  <testcase name="p2pkit_resolves_only_from_the_pinned_production_coordinates()[desktop]" classname="com.parlor.transport.p2p.P2pKitMavenProvenanceContractTest" time="0.001"/>
  <system-out><![CDATA[]]></system-out>
  <system-err><![CDATA[]]></system-err>
</testsuite>
