<?xml version="1.0" encoding="UTF-8"?>
<testsuite name="com.parlor.app.LocalizationResourceContractTest" tests="1" skipped="0" failures="0" errors="0" timestamp="2026-09-11T02:17:45.737Z" hostname="runnervmec22z" time="0.558">
  <properties/>
  <testcase name="every_shipping_string_bundle_has_arabic_key_and_format_parity()[desktop]" classname="com.parlor.app.LocalizationResourceContractTest" time="0.558"/>
  <system-out><![CDATA[]]></system-out>
  <system-err><![CDATA[]]></system-err>
</testsuite>
