<?xml version="1.0" encoding="UTF-8"?>
<testsuite name="com.parlor.core.versioning.SemVerTest" tests="2" skipped="0" failures="0" errors="0" timestamp="2026-09-11T02:16:47.311Z" hostname="runnervmec22z" time="0.08">
  <properties/>
  <testcase name="parse_accepts_one_to_three_non_negative_integer_components()[desktop]" classname="com.parlor.core.versioning.SemVerTest" time="0.04"/>
  <testcase name="parse_rejects_missing_extra_negative_and_non_numeric_components()[desktop]" classname="com.parlor.core.versioning.SemVerTest" time="0.038"/>
  <system-out><![CDATA[]]></system-out>
  <system-err><![CDATA[]]></system-err>
</testsuite>
