<?xml version="1.0" encoding="UTF-8"?>
<testsuite name="com.parlor.networking.room.LocalRoomRetryContractTest" tests="3" skipped="0" failures="0" errors="0" timestamp="2026-09-06T08:40:24.203Z" hostname="192.168.1.5" time="0.03">
  <properties/>
  <testcase name="fallback retry close propagates fatal errors()" classname="com.parlor.networking.room.LocalRoomRetryContractTest" time="0.027"/>
  <testcase name="fallback retry close maps an ordinary adapter exception()" classname="com.parlor.networking.room.LocalRoomRetryContractTest" time="0.001"/>
  <testcase name="fallback retry close propagates cancellation()" classname="com.parlor.networking.room.LocalRoomRetryContractTest" time="0.0"/>
  <system-out><![CDATA[]]></system-out>
  <system-err><![CDATA[]]></system-err>
</testsuite>
