<?xml version="1.0" encoding="UTF-8"?>
<testsuite name="com.parlor.designsystem.localization.ProvideAppLanguageDesktopTest" tests="1" skipped="0" failures="0" errors="0" timestamp="2026-09-07T18:10:22.654Z" hostname="192.168.1.4" time="0.014">
  <properties/>
  <testcase name="locale_switches_resources_without_replacing_remembered_content_state()[desktop]" classname="com.parlor.designsystem.localization.ProvideAppLanguageDesktopTest" time="0.014"/>
  <system-out><![CDATA[]]></system-out>
  <system-err><![CDATA[]]></system-err>
</testsuite>
