<?xml version="1.0" encoding="UTF-8"?>
<testsuite name="com.parlor.games.whodunit.snapshot.WhodunitFinalTwoRecoveryTest" tests="9" skipped="0" failures="0" errors="0" timestamp="2026-09-10T00:23:40.062Z" hostname="runnervmfx5wp" time="0.055">
  <properties/>
  <testcase name="everyOwnPrivatePeerBoundaryRejectsAReopenedFinalTwo()[desktop]" classname="com.parlor.games.whodunit.snapshot.WhodunitFinalTwoRecoveryTest" time="0.008"/>
  <testcase name="earlyEndWithAndWithoutDisclosureRemainRecoverable()[desktop]" classname="com.parlor.games.whodunit.snapshot.WhodunitFinalTwoRecoveryTest" time="0.008"/>
  <testcase name="currentDecoderRejectsCanonicalJsonThatReopensTheFinalTwo()[desktop]" classname="com.parlor.games.whodunit.snapshot.WhodunitFinalTwoRecoveryTest" time="0.006"/>
  <testcase name="aLegalLastRoundKillerEliminationStillAllowsTwoInnocentSurvivors()[desktop]" classname="com.parlor.games.whodunit.snapshot.WhodunitFinalTwoRecoveryTest" time="0.006"/>
  <testcase name="legalFinalTwoKillerVictoryStillRecoversThroughPostGameAndReplay()[desktop]" classname="com.parlor.games.whodunit.snapshot.WhodunitFinalTwoRecoveryTest" time="0.006"/>
  <testcase name="productionLocalResumeLoaderRejectsAnImpossibleTrustedPayload()[desktop]" classname="com.parlor.games.whodunit.snapshot.WhodunitFinalTwoRecoveryTest" time="0.005"/>
  <testcase name="currentEncoderRejectsEveryReopenedFinalTwoSubstate()[desktop]" classname="com.parlor.games.whodunit.snapshot.WhodunitFinalTwoRecoveryTest" time="0.004"/>
  <testcase name="bareLegacyPayloadCannotRepairAnImpossibleActiveFinalTwo()[desktop]" classname="com.parlor.games.whodunit.snapshot.WhodunitFinalTwoRecoveryTest" time="0.004"/>
  <testcase name="caseBoundRecoveryRejectsFinalTwoEvenWithTheCorrectContentIdentity()[desktop]" classname="com.parlor.games.whodunit.snapshot.WhodunitFinalTwoRecoveryTest" time="0.006"/>
  <system-out><![CDATA[]]></system-out>
  <system-err><![CDATA[]]></system-err>
</testsuite>
