<?xml version="1.0" encoding="UTF-8"?>
<testsuite name="com.parlor.app.shell.home.HomeRecoveryAvailabilityTest" tests="8" skipped="0" failures="0" errors="0" timestamp="2026-09-05T10:03:42.375Z" hostname="192.168.1.11" time="0.001">
  <properties/>
  <testcase name="failedStoresAreReportedInsteadOfMasqueradingAsEmpty[iosSimulatorArm64]" classname="com.parlor.app.shell.home.HomeRecoveryAvailabilityTest" time="0.0"/>
  <testcase name="successfulSourceRemainsAvailableWhenTheOtherSourceFails[iosSimulatorArm64]" classname="com.parlor.app.shell.home.HomeRecoveryAvailabilityTest" time="0.0"/>
  <testcase name="compatibleRecoveryRecordsAreExposedWithoutAnError[iosSimulatorArm64]" classname="com.parlor.app.shell.home.HomeRecoveryAvailabilityTest" time="0.0"/>
  <testcase name="unsupportedSavedMultiplayerRecordIsReportedAndCannotBeOpened[iosSimulatorArm64]" classname="com.parlor.app.shell.home.HomeRecoveryAvailabilityTest" time="0.0"/>
  <testcase name="localInventoryIdentifiesHealthyGamesAndRetainsUnreadableRecords[iosSimulatorArm64]" classname="com.parlor.app.shell.home.HomeRecoveryAvailabilityTest" time="0.0"/>
  <testcase name="localInventoryBoundsMetadataReadsWithoutLoadingSnapshotPayloads[iosSimulatorArm64]" classname="com.parlor.app.shell.home.HomeRecoveryAvailabilityTest" time="0.0"/>
  <testcase name="multiplayerRecoveryProbeStartsWhileLocalInventoryIsSlow[iosSimulatorArm64]" classname="com.parlor.app.shell.home.HomeRecoveryAvailabilityTest" time="0.0"/>
  <testcase name="unsupportedLocalGameIsVisibleButMarksRecoverySourceUnavailable[iosSimulatorArm64]" classname="com.parlor.app.shell.home.HomeRecoveryAvailabilityTest" time="0.0"/>
  <system-out><![CDATA[]]></system-out>
  <system-err><![CDATA[]]></system-err>
</testsuite>
