<?xml version="1.0" encoding="UTF-8"?>
<testsuite name="com.parlor.content.validation.DefaultCaseValidatorBoundaryTest" tests="3" skipped="0" failures="0" errors="0" timestamp="2026-09-11T02:17:00.241Z" hostname="runnervmec22z" time="0.02">
  <properties/>
  <testcase name="unverified_delivery_signature_is_rejected_instead_of_being_treated_as_trusted()[desktop]" classname="com.parlor.content.validation.DefaultCaseValidatorBoundaryTest" time="0.009"/>
  <testcase name="direct_envelope_validation_enforces_the_same_safe_shape_as_case_summaries()[desktop]" classname="com.parlor.content.validation.DefaultCaseValidatorBoundaryTest" time="0.004"/>
  <testcase name="blank_untrusted_game_id_is_a_typed_failure_not_an_exception()[desktop]" classname="com.parlor.content.validation.DefaultCaseValidatorBoundaryTest" time="0.004"/>
  <system-out><![CDATA[]]></system-out>
  <system-err><![CDATA[]]></system-err>
</testsuite>
