<?xml version="1.0" encoding="UTF-8"?>
<testsuite name="com.parlor.content.schema.IntRangePairSerializerTest" tests="2" skipped="0" failures="0" errors="0" timestamp="2026-09-11T02:17:00.215Z" hostname="runnervmec22z" time="0.006">
  <properties/>
  <testcase name="correctedDescriptorPreservesTheExistingWireFormat()[desktop]" classname="com.parlor.content.schema.IntRangePairSerializerTest" time="0.005"/>
  <testcase name="descriptorMatchesTheJsonArrayWireShape()[desktop]" classname="com.parlor.content.schema.IntRangePairSerializerTest" time="0.0"/>
  <system-out><![CDATA[]]></system-out>
  <system-err><![CDATA[]]></system-err>
</testsuite>
