<?xml version="1.0" encoding="UTF-8"?>
<testsuite name="com.parlor.app.lifecycle.AppLifecycleCoordinatorTest" tests="9" skipped="0" failures="0" errors="0" timestamp="2026-09-06T06:55:59.847Z" hostname="192.168.1.19" time="0.005">
  <properties/>
  <testcase name="initialInactiveDoesNotInventForegroundOrBackgroundEvidence()" classname="com.parlor.app.lifecycle.AppLifecycleCoordinatorTest" time="0.0"/>
  <testcase name="processTrackerIgnoresDuplicateOwnerCallbacks()" classname="com.parlor.app.lifecycle.AppLifecycleCoordinatorTest" time="0.001"/>
  <testcase name="shortInactiveInterruptionNeverSuspendsTransport()" classname="com.parlor.app.lifecycle.AppLifecycleCoordinatorTest" time="0.001"/>
  <testcase name="backgroundAndForegroundEffectsAreIdempotent()" classname="com.parlor.app.lifecycle.AppLifecycleCoordinatorTest" time="0.0"/>
  <testcase name="backgroundBeforeFirstActiveStillProducesAConsistentSuspendResumePair()" classname="com.parlor.app.lifecycle.AppLifecycleCoordinatorTest" time="0.001"/>
  <testcase name="inactiveThenBackgroundSuspendsExactlyOnceAndActiveResumesExactlyOnce()" classname="com.parlor.app.lifecycle.AppLifecycleCoordinatorTest" time="0.0"/>
  <testcase name="processTrackerDoesNotFlapDuringConfigurationReplacement()" classname="com.parlor.app.lifecycle.AppLifecycleCoordinatorTest" time="0.0"/>
  <testcase name="processTrackerKeepsProcessForegroundedWhileAnotherOwnerIsStarted()" classname="com.parlor.app.lifecycle.AppLifecycleCoordinatorTest" time="0.0"/>
  <testcase name="inactiveCoversPrivateContentWithoutChangingTransportState()" classname="com.parlor.app.lifecycle.AppLifecycleCoordinatorTest" time="0.0"/>
  <system-out><![CDATA[]]></system-out>
  <system-err><![CDATA[]]></system-err>
</testsuite>
