<?xml version="1.0" encoding="UTF-8"?>
<testsuite name="com.parlor.transport.p2p.P2pKitCreationTest" tests="9" skipped="0" failures="0" errors="0" timestamp="2026-09-08T09:43:46.091Z" hostname="oblien" time="0.036">
  <properties/>
  <testcase name="cancellationBeforeDispatcherEntryDoesNotConstructKit()[desktop]" classname="com.parlor.transport.p2p.P2pKitCreationTest" time="0.005"/>
  <testcase name="cancellationDuringSameDispatcherConstructionStopsKit()[desktop]" classname="com.parlor.transport.p2p.P2pKitCreationTest" time="0.004"/>
  <testcase name="hostAndJoinPreserveFactoryCancellationWithoutStartingOrStoppingTwice()[desktop]" classname="com.parlor.transport.p2p.P2pKitCreationTest" time="0.006"/>
  <testcase name="cancellationDuringDifferentDispatcherConstructionStopsKit()[desktop]" classname="com.parlor.transport.p2p.P2pKitCreationTest" time="0.003"/>
  <testcase name="cancelledReturnDispatchStopsSuccessfullyConstructedKit()[desktop]" classname="com.parlor.transport.p2p.P2pKitCreationTest" time="0.003"/>
  <testcase name="failedConstructionPreservesOriginalFailure()[desktop]" classname="com.parlor.transport.p2p.P2pKitCreationTest" time="0.003"/>
  <testcase name="cleanupFailureDoesNotReplaceOriginalCallerCancellation()[desktop]" classname="com.parlor.transport.p2p.P2pKitCreationTest" time="0.003"/>
  <testcase name="cancelledOwnerAwaitsSuspendingNonCancellableStop()[desktop]" classname="com.parlor.transport.p2p.P2pKitCreationTest" time="0.003"/>
  <testcase name="successfulCreationTransfersOwnershipWithoutStoppingKit()[desktop]" classname="com.parlor.transport.p2p.P2pKitCreationTest" time="0.002"/>
  <system-out><![CDATA[]]></system-out>
  <system-err><![CDATA[]]></system-err>
</testsuite>
