<?xml version="1.0" encoding="UTF-8"?>
<testsuite name="com.parlor.games.mafia.ui.screens.postgame.PostGameScreenLayoutTest" tests="6" skipped="0" failures="0" errors="0" timestamp="2026-09-11T04:26:55.176Z" hostname="runnervmvmocb" time="2.428">
  <properties/>
  <testcase name="compact_arabic_long_name_does_not_consume_final_role_width()[desktop]" classname="com.parlor.games.mafia.ui.screens.postgame.PostGameScreenLayoutTest" time="0.131"/>
  <testcase name="compact_english_long_name_does_not_consume_final_role_width()[desktop]" classname="com.parlor.games.mafia.ui.screens.postgame.PostGameScreenLayoutTest" time="0.083"/>
  <testcase name="landscape_large_text_arabic_roles_remain_scrollable()[desktop]" classname="com.parlor.games.mafia.ui.screens.postgame.PostGameScreenLayoutTest" time="0.673"/>
  <testcase name="compact_large_text_english_preserves_every_final_role()[desktop]" classname="com.parlor.games.mafia.ui.screens.postgame.PostGameScreenLayoutTest" time="0.558"/>
  <testcase name="landscape_large_text_english_roles_remain_scrollable()[desktop]" classname="com.parlor.games.mafia.ui.screens.postgame.PostGameScreenLayoutTest" time="0.638"/>
  <testcase name="compact_large_text_arabic_preserves_every_final_role()[desktop]" classname="com.parlor.games.mafia.ui.screens.postgame.PostGameScreenLayoutTest" time="0.342"/>
  <system-out><![CDATA[]]></system-out>
  <system-err><![CDATA[]]></system-err>
</testsuite>
