<?xml version="1.0" encoding="UTF-8"?>
<testsuite name="com.parlor.session.multidevice.ShadowSessionControllerTest" tests="3" skipped="0" failures="0" errors="0" timestamp="2026-09-11T14:42:46.249Z" hostname="sjc22-bt151-9970416c-5556-4511-af54-28dba4037804-76D2996E6880.local" time="0.001">
  <properties/>
  <testcase name="installPlayerSnapshotUpdatesBothViewsFromOneValidatedCall[iosSimulatorArm64]" classname="com.parlor.session.multidevice.ShadowSessionControllerTest" time="0.001"/>
  <testcase name="wrongPlayerSnapshotIsRejectedBeforeEitherViewChanges[iosSimulatorArm64]" classname="com.parlor.session.multidevice.ShadowSessionControllerTest" time="0.0"/>
  <testcase name="peerCannotAssumeHostViewerContext[iosSimulatorArm64]" classname="com.parlor.session.multidevice.ShadowSessionControllerTest" time="0.0"/>
  <system-out><![CDATA[]]></system-out>
  <system-err><![CDATA[]]></system-err>
</testsuite>
