<?xml version="1.0" encoding="UTF-8"?>
<testsuite name="com.parlor.content.schema.IntRangePairSerializerTest" tests="2" skipped="0" failures="0" errors="0" timestamp="2026-09-05T22:36:07.988Z" hostname="192.168.1.11" time="0.0">
  <properties/>
  <testcase name="correctedDescriptorPreservesTheExistingWireFormat()" classname="com.parlor.content.schema.IntRangePairSerializerTest" time="0.0"/>
  <testcase name="descriptorMatchesTheJsonArrayWireShape()" classname="com.parlor.content.schema.IntRangePairSerializerTest" time="0.0"/>
  <system-out><![CDATA[]]></system-out>
  <system-err><![CDATA[]]></system-err>
</testsuite>
