<?xml version="1.0" encoding="UTF-8"?>
<testsuite name="com.parlor.games.whodunit.ui.components.RevealCompletionGateTest" tests="1" skipped="0" failures="0" errors="0" timestamp="2026-09-05T22:14:31.232Z" hostname="192.168.1.11" time="0.0">
  <properties/>
  <testcase name="completionCanBeClaimedExactlyOnceAcrossRepeatedGestureCallbacks()[desktop]" classname="com.parlor.games.whodunit.ui.components.RevealCompletionGateTest" time="0.0"/>
  <system-out><![CDATA[]]></system-out>
  <system-err><![CDATA[]]></system-err>
</testsuite>
