<?xml version="1.0" encoding="UTF-8"?>
<testsuite name="com.parlor.session.multidevice.RetainedSessionOperationTest" tests="4" skipped="0" failures="0" errors="0" timestamp="2026-09-10T10:18:53.153Z" hostname="iad01-dz251-152fa2dc-c3f6-4481-8767-d32a9511f474-CE844A2E315A.local" time="0.034">
  <properties/>
  <testcase name="sessionCancellationIsNotMappedToAnOrdinaryFailure()[desktop]" classname="com.parlor.session.multidevice.RetainedSessionOperationTest" time="0.007"/>
  <testcase name="losingTheUiCallerDoesNotCancelProcessOwnedWork()[desktop]" classname="com.parlor.session.multidevice.RetainedSessionOperationTest" time="0.008"/>
  <testcase name="unexpectedFailureBecomesTheExplicitSafeState()[desktop]" classname="com.parlor.session.multidevice.RetainedSessionOperationTest" time="0.005"/>
  <testcase name="concurrentInstallersLaunchTheOperationExactlyOnce()[desktop]" classname="com.parlor.session.multidevice.RetainedSessionOperationTest" time="0.011"/>
  <system-out><![CDATA[]]></system-out>
  <system-err><![CDATA[]]></system-err>
</testsuite>
