<?xml version="1.0" encoding="UTF-8"?>
<testsuite name="com.parlor.designsystem.localization.AppLanguageSelectionTest" tests="3" skipped="0" failures="0" errors="0" timestamp="2026-09-11T14:36:30.037Z" hostname="iad01-dz252-1ad49659-740d-4c73-a24e-ce5d11b7a3c3-EA47144733B8.local" time="0.007">
  <properties/>
  <testcase name="explicit_override_wins_over_the_system_language()[desktop]" classname="com.parlor.designsystem.localization.AppLanguageSelectionTest" time="0.002"/>
  <testcase name="null_override_follows_a_supported_system_language()[desktop]" classname="com.parlor.designsystem.localization.AppLanguageSelectionTest" time="0.001"/>
  <testcase name="unsupported_system_language_falls_back_to_english()[desktop]" classname="com.parlor.designsystem.localization.AppLanguageSelectionTest" time="0.001"/>
  <system-out><![CDATA[]]></system-out>
  <system-err><![CDATA[]]></system-err>
</testsuite>
