<?xml version="1.0" encoding="UTF-8"?>
<testsuite name="com.parlor.designsystem.components.ParlorToastLifetimeTest" tests="3" skipped="0" failures="0" errors="0" timestamp="2026-09-11T14:36:19.760Z" hostname="iad01-dz252-1ad49659-740d-4c73-a24e-ce5d11b7a3c3-EA47144733B8.local" time="8.688">
  <properties/>
  <testcase name="replacement_state_owner_with_same_numeric_id_gets_its_own_lifetime()[desktop]" classname="com.parlor.designsystem.components.ParlorToastLifetimeTest" time="7.484"/>
  <testcase name="replacement_after_automatic_dismiss_gets_fresh_visibility_and_timer()[desktop]" classname="com.parlor.designsystem.components.ParlorToastLifetimeTest" time="0.371"/>
  <testcase name="identical_text_after_automatic_dismiss_is_a_new_lifetime()[desktop]" classname="com.parlor.designsystem.components.ParlorToastLifetimeTest" time="0.829"/>
  <system-out><![CDATA[]]></system-out>
  <system-err><![CDATA[]]></system-err>
</testsuite>
