<?xml version="1.0" encoding="UTF-8"?>
<testsuite name="com.parlor.games.whodunit.snapshot.WhodunitSnapshotRoundTripTest" tests="4" skipped="0" failures="0" errors="0" timestamp="2026-09-07T18:44:43.468Z" hostname="iad01-dz252-dfc52010-ebd4-41e7-9a4f-56e71944b007-CA9CE47117F2.local" time="0.052">
  <properties/>
  <testcase name="mid_round_state_round_trips_through_file_backed_store()[desktop]" classname="com.parlor.games.whodunit.snapshot.WhodunitSnapshotRoundTripTest" time="0.021"/>
  <testcase name="tied_revote_state_with_isSecondRound_round_trips_correctly()[desktop]" classname="com.parlor.games.whodunit.snapshot.WhodunitSnapshotRoundTripTest" time="0.016"/>
  <testcase name="listUnfinished_reflects_saved_and_deleted_sessions()[desktop]" classname="com.parlor.games.whodunit.snapshot.WhodunitSnapshotRoundTripTest" time="0.012"/>
  <testcase name="loading_unknown_session_returns_not_found()[desktop]" classname="com.parlor.games.whodunit.snapshot.WhodunitSnapshotRoundTripTest" time="0.002"/>
  <system-out><![CDATA[]]></system-out>
  <system-err><![CDATA[]]></system-err>
</testsuite>
