<?xml version="1.0" encoding="UTF-8"?>
<testsuite name="com.parlor.session.passandplay.PassAndPlaySessionControllerCloseRaceTest" tests="1" skipped="0" failures="0" errors="0" timestamp="2026-09-11T04:24:51.989Z" hostname="sat12-jr310-6720aefa-0827-4506-9894-a2a62c6bfd2b-DA71CD50CE1B.local" time="0.014">
  <properties/>
  <testcase name="close_waits_for_the_active_commit_and_rejects_every_later_submit()[desktop]" classname="com.parlor.session.passandplay.PassAndPlaySessionControllerCloseRaceTest" time="0.014"/>
  <system-out><![CDATA[]]></system-out>
  <system-err><![CDATA[]]></system-err>
</testsuite>
