<?xml version="1.0" encoding="UTF-8"?>
<testsuite name="com.parlor.engine.testing.fakes.RrSnapshotCodecTest" tests="2" skipped="0" failures="0" errors="0" timestamp="2026-09-05T22:36:48.849Z" hostname="192.168.1.11" time="0.031">
  <properties/>
  <testcase name="round_trip_preserves_the_complete_fixture_state()[desktop]" classname="com.parlor.engine.testing.fakes.RrSnapshotCodecTest" time="0.027"/>
  <testcase name="malformed_payload_is_rejected_instead_of_fabricating_state()[desktop]" classname="com.parlor.engine.testing.fakes.RrSnapshotCodecTest" time="0.003"/>
  <system-out><![CDATA[]]></system-out>
  <system-err><![CDATA[]]></system-err>
</testsuite>
