<?xml version="1.0" encoding="UTF-8"?>
<testsuite name="com.parlor.networking.testing.InMemoryRoomBusTest" tests="4" skipped="0" failures="0" errors="0" timestamp="2026-09-10T10:25:17.924Z" hostname="runnervmejwal" time="0.057">
  <properties/>
  <testcase name="direct send to an unknown peer fails instead of disappearing()" classname="com.parlor.networking.testing.InMemoryRoomBusTest" time="0.012"/>
  <testcase name="peer to host overflow is non blocking and observable()" classname="com.parlor.networking.testing.InMemoryRoomBusTest" time="0.014"/>
  <testcase name="broadcast skips a full peer without blocking other peers()" classname="com.parlor.networking.testing.InMemoryRoomBusTest" time="0.009"/>
  <testcase name="peer event overflow is non blocking and observable()" classname="com.parlor.networking.testing.InMemoryRoomBusTest" time="0.016"/>
  <system-out><![CDATA[]]></system-out>
  <system-err><![CDATA[]]></system-err>
</testsuite>
