<?xml version="1.0" encoding="UTF-8"?>
<testsuite name="com.parlor.networking.testing.ControlledStartRoomReentrancyTest" tests="1" skipped="0" failures="0" errors="0" timestamp="2026-09-11T04:25:53.959Z" hostname="runnervmvmocb" time="1.934">
  <properties/>
  <testcase name="readyBookkeepingPrecedesSynchronousCommitAndSnapshot()[desktop]" classname="com.parlor.networking.testing.ControlledStartRoomReentrancyTest" time="1.934"/>
  <system-out><![CDATA[]]></system-out>
  <system-err><![CDATA[]]></system-err>
</testsuite>
