<?xml version="1.0" encoding="UTF-8"?>
<testsuite name="com.parlor.app.HostLobbyOperationFeedbackContractTest" tests="1" skipped="0" failures="0" errors="0" timestamp="2026-09-07T18:37:52.283Z" hostname="runnervmfx5wp" time="0.013">
  <properties/>
  <testcase name="bothShippingLobbiesObserveFailuresAndGuardOperationsInFlight()[desktop]" classname="com.parlor.app.HostLobbyOperationFeedbackContractTest" time="0.013"/>
  <system-out><![CDATA[]]></system-out>
  <system-err><![CDATA[]]></system-err>
</testsuite>
