<?xml version="1.0" encoding="UTF-8"?>
<testsuite name="com.parlor.games.whodunit.layout.ResponsiveLayoutAuditTest" tests="1" skipped="0" failures="0" errors="0" timestamp="2026-09-11T02:20:37.231Z" hostname="runnervmvmocb" time="0.029">
  <properties/>
  <testcase name="every_screen_either_scrolls_or_is_explicitly_exempt()[desktop]" classname="com.parlor.games.whodunit.layout.ResponsiveLayoutAuditTest" time="0.029"/>
  <system-out><![CDATA[]]></system-out>
  <system-err><![CDATA[]]></system-err>
</testsuite>
