<?xml version="1.0" encoding="UTF-8"?>
<testsuite name="com.parlor.games.whodunit.ui.flow.multiplayer.WhodunitHostLeaveTimerTest" tests="4" skipped="0" failures="0" errors="0" timestamp="2026-09-07T06:26:00.389Z" hostname="192.168.1.4" time="26.592">
  <properties/>
  <testcase name="classicHostConfirmationExcludesTimeAndConfirmedLeaveStopsTicker()[desktop]" classname="com.parlor.games.whodunit.ui.flow.multiplayer.WhodunitHostLeaveTimerTest" time="4.934"/>
  <testcase name="lifecycleResumeBehindConfirmationDoesNotRestartHiddenDiscussion()[desktop]" classname="com.parlor.games.whodunit.ui.flow.multiplayer.WhodunitHostLeaveTimerTest" time="8.378"/>
  <testcase name="eliminationHostConfirmationExcludesTimeAndConfirmedLeaveStopsTicker()[desktop]" classname="com.parlor.games.whodunit.ui.flow.multiplayer.WhodunitHostLeaveTimerTest" time="4.823"/>
  <testcase name="stayAndLifecycleResumeDoNotReleaseManualPause()[desktop]" classname="com.parlor.games.whodunit.ui.flow.multiplayer.WhodunitHostLeaveTimerTest" time="8.457"/>
  <system-out><![CDATA[]]></system-out>
  <system-err><![CDATA[]]></system-err>
</testsuite>
