<?xml version="1.0" encoding="UTF-8"?>
<testsuite name="com.parlor.transport.p2p.JupiterDiscoveryContractTest" tests="1" skipped="0" failures="0" errors="0" timestamp="2026-09-08T12:37:38.548Z" hostname="oblien" time="0.096">
  <properties/>
  <testcase name="annotated_tests_including_disabled_tests_are_discoverable()[desktop]" classname="com.parlor.transport.p2p.JupiterDiscoveryContractTest" time="0.096"/>
  <system-out><![CDATA[]]></system-out>
  <system-err><![CDATA[]]></system-err>
</testsuite>
