<?xml version="1.0" encoding="UTF-8"?>
<testsuite name="com.parlor.app.lifecycle.AppLifecycleCoordinatorTest" tests="9" skipped="0" failures="0" errors="0" timestamp="2026-09-10T00:28:00.135Z" hostname="runnervmejwal" time="0.035">
  <properties/>
  <testcase name="initialInactiveDoesNotInventForegroundOrBackgroundEvidence()" classname="com.parlor.app.lifecycle.AppLifecycleCoordinatorTest" time="0.005"/>
  <testcase name="processTrackerIgnoresDuplicateOwnerCallbacks()" classname="com.parlor.app.lifecycle.AppLifecycleCoordinatorTest" time="0.004"/>
  <testcase name="shortInactiveInterruptionNeverSuspendsTransport()" classname="com.parlor.app.lifecycle.AppLifecycleCoordinatorTest" time="0.004"/>
  <testcase name="backgroundAndForegroundEffectsAreIdempotent()" classname="com.parlor.app.lifecycle.AppLifecycleCoordinatorTest" time="0.003"/>
  <testcase name="backgroundBeforeFirstActiveStillProducesAConsistentSuspendResumePair()" classname="com.parlor.app.lifecycle.AppLifecycleCoordinatorTest" time="0.0"/>
  <testcase name="inactiveThenBackgroundSuspendsExactlyOnceAndActiveResumesExactlyOnce()" classname="com.parlor.app.lifecycle.AppLifecycleCoordinatorTest" time="0.007"/>
  <testcase name="processTrackerDoesNotFlapDuringConfigurationReplacement()" classname="com.parlor.app.lifecycle.AppLifecycleCoordinatorTest" time="0.001"/>
  <testcase name="processTrackerKeepsProcessForegroundedWhileAnotherOwnerIsStarted()" classname="com.parlor.app.lifecycle.AppLifecycleCoordinatorTest" time="0.001"/>
  <testcase name="inactiveCoversPrivateContentWithoutChangingTransportState()" classname="com.parlor.app.lifecycle.AppLifecycleCoordinatorTest" time="0.001"/>
  <system-out><![CDATA[]]></system-out>
  <system-err><![CDATA[]]></system-err>
</testsuite>
