<?xml version="1.0" encoding="UTF-8"?>
<testsuite name="com.parlor.designsystem.components.SessionExitOverlayLayoutTest" tests="1" skipped="0" failures="0" errors="0" timestamp="2026-09-05T10:07:44.453Z" hostname="192.168.1.11" time="0.025">
  <properties/>
  <testcase name="safe_content_starts_below_the_measured_exit_control()[desktop]" classname="com.parlor.designsystem.components.SessionExitOverlayLayoutTest" time="0.025"/>
  <system-out><![CDATA[]]></system-out>
  <system-err><![CDATA[]]></system-err>
</testsuite>
