<?xml version="1.0" encoding="UTF-8"?>
<testsuite name="com.parlor.games.whodunit.domain.WhodunitRulesInvariantTest" tests="9" skipped="0" failures="0" errors="0" timestamp="2026-09-11T04:27:06.034Z" hostname="runnervmvmocb" time="6.043">
  <properties/>
  <testcase name="modelDrivePreservesInvariantsForEveryShippingModeAndSupportedCount()[desktop]" classname="com.parlor.games.whodunit.domain.WhodunitRulesInvariantTest" time="3.376"/>
  <testcase name="displayNamesMustBeCanonicalBoundedAndSafeAtTheDomainBoundary()[desktop]" classname="com.parlor.games.whodunit.domain.WhodunitRulesInvariantTest" time="0.004"/>
  <testcase name="defensiveFinalTwoFallbackDoesNotMakeAnActiveSnapshotValid()[desktop]" classname="com.parlor.games.whodunit.domain.WhodunitRulesInvariantTest" time="0.046"/>
  <testcase name="invalidCountModeIdentityAndSeatAreRejectedBeforeSessionStarts()[desktop]" classname="com.parlor.games.whodunit.domain.WhodunitRulesInvariantTest" time="0.001"/>
  <testcase name="everySupportedCountAndSeedProducesOneDeterministicKillerAndUniqueDossiers()[desktop]" classname="com.parlor.games.whodunit.domain.WhodunitRulesInvariantTest" time="0.813"/>
  <testcase name="exactDuplicateDisplayNamesAreRejectedAtTheAuthoritativeBoundary()[desktop]" classname="com.parlor.games.whodunit.domain.WhodunitRulesInvariantTest" time="0.002"/>
  <testcase name="seededKillerSelectionHasNoMaterialSeatBias()[desktop]" classname="com.parlor.games.whodunit.domain.WhodunitRulesInvariantTest" time="1.309"/>
  <testcase name="eliminationVoteOpensOnlyAfterACompletedDiscussion()[desktop]" classname="com.parlor.games.whodunit.domain.WhodunitRulesInvariantTest" time="0.041"/>
  <testcase name="privacyRerollChangesKillerAndEveryPreviouslyViewedDossier()[desktop]" classname="com.parlor.games.whodunit.domain.WhodunitRulesInvariantTest" time="0.438"/>
  <system-out><![CDATA[]]></system-out>
  <system-err><![CDATA[]]></system-err>
</testsuite>
