<?xml version="1.0" encoding="UTF-8"?>
<testsuite name="com.parlor.session.multidevice.SessionStartCommitDeadlineTest" tests="9" skipped="0" failures="0" errors="0" timestamp="2026-09-11T04:27:30.784Z" hostname="runnervmlun5p" time="0.146">
  <properties/>
  <testcase name="coordinatorReacknowledgesDuplicateAndAcceptsFirstSnapshotAfterLateCommit()[desktop]" classname="com.parlor.session.multidevice.SessionStartCommitDeadlineTest" time="0.045"/>
  <testcase name="callerCancellationDuringAcknowledgementStillPropagates()[desktop]" classname="com.parlor.session.multidevice.SessionStartCommitDeadlineTest" time="0.01"/>
  <testcase name="lateAcceptedCommitSurvivesSlowAcknowledgement()[desktop]" classname="com.parlor.session.multidevice.SessionStartCommitDeadlineTest" time="0.01"/>
  <testcase name="acknowledgementAdapterExceptionDoesNotUndoAcceptedStart()[desktop]" classname="com.parlor.session.multidevice.SessionStartCommitDeadlineTest" time="0.011"/>
  <testcase name="matchingStartWithInvalidVersionIsRejectedWithoutAcknowledgement()[desktop]" classname="com.parlor.session.multidevice.SessionStartCommitDeadlineTest" time="0.015"/>
  <testcase name="acknowledgementFailureAfterReceiveDeadlineStillEntersCommittedStart()[desktop]" classname="com.parlor.session.multidevice.SessionStartCommitDeadlineTest" time="0.006"/>
  <testcase name="absentCommitStillTimesOutWithoutAnAcknowledgement()[desktop]" classname="com.parlor.session.multidevice.SessionStartCommitDeadlineTest" time="0.008"/>
  <testcase name="acknowledgementTimeoutOnlyBoundsDeliveryAfterAcceptedCommit()[desktop]" classname="com.parlor.session.multidevice.SessionStartCommitDeadlineTest" time="0.012"/>
  <testcase name="commitForAnotherStartCannotEscapeTheReceiveDeadline()[desktop]" classname="com.parlor.session.multidevice.SessionStartCommitDeadlineTest" time="0.006"/>
  <system-out><![CDATA[]]></system-out>
  <system-err><![CDATA[]]></system-err>
</testsuite>
