<?xml version="1.0" encoding="UTF-8"?>
<testsuite name="com.parlor.app.storage.PlatformStorageMigrationTest" tests="2" skipped="0" failures="0" errors="0" timestamp="2026-09-11T04:25:57.133Z" hostname="sat12-jr310-6720aefa-0827-4506-9894-a2a62c6bfd2b-DA71CD50CE1B.local" time="0.003">
  <properties/>
  <testcase name="cancellation_is_not_downgraded_to_an_individual_migration_failure()[desktop]" classname="com.parlor.app.storage.PlatformStorageMigrationTest" time="0.001"/>
  <testcase name="one_corrupt_legacy_record_does_not_hide_or_skip_later_records()[desktop]" classname="com.parlor.app.storage.PlatformStorageMigrationTest" time="0.001"/>
  <system-out><![CDATA[]]></system-out>
  <system-err><![CDATA[]]></system-err>
</testsuite>
