<?xml version="1.0" encoding="UTF-8"?>
<testsuite name="com.parlor.app.storage.AndroidSettingsKeyValueBackingTest" tests="2" skipped="0" failures="0" errors="0" timestamp="2026-09-11T14:35:52.226Z" hostname="runnervmlun5p" time="0.011">
  <properties/>
  <testcase name="wrongStoredTypesFailClosedInsteadOfCrashingStartup()" classname="com.parlor.app.storage.AndroidSettingsKeyValueBackingTest" time="0.008"/>
  <testcase name="readsOnlyTheRequestedPreferenceWithoutCloningTheWholeMap()" classname="com.parlor.app.storage.AndroidSettingsKeyValueBackingTest" time="0.002"/>
  <system-out><![CDATA[]]></system-out>
  <system-err><![CDATA[]]></system-err>
</testsuite>
