<?xml version="1.0" encoding="UTF-8"?>
<testsuite name="com.parlor.app.storage.AndroidSettingsKeyValueBackingTest" tests="2" skipped="0" failures="0" errors="0" timestamp="2026-09-07T18:41:33.033Z" hostname="runnervmejwal" time="0.012">
  <properties/>
  <testcase name="wrongStoredTypesFailClosedInsteadOfCrashingStartup()" classname="com.parlor.app.storage.AndroidSettingsKeyValueBackingTest" time="0.008"/>
  <testcase name="readsOnlyTheRequestedPreferenceWithoutCloningTheWholeMap()" classname="com.parlor.app.storage.AndroidSettingsKeyValueBackingTest" time="0.001"/>
  <system-out><![CDATA[]]></system-out>
  <system-err><![CDATA[]]></system-err>
</testsuite>
