<?xml version="1.0" encoding="UTF-8"?>
<testsuite name="com.parlor.designsystem.components.StickyActionLayoutTest" tests="1" skipped="0" failures="0" errors="0" timestamp="2026-09-11T02:20:11.890Z" hostname="sjc20-av659-34a2da46-5990-44e3-be11-defac2bde170-0E00C18D42BC.local" time="0.085">
  <properties/>
  <testcase name="measured_two_button_bar_never_overlaps_content_at_large_text_scale()[desktop]" classname="com.parlor.designsystem.components.StickyActionLayoutTest" time="0.085"/>
  <system-out><![CDATA[]]></system-out>
  <system-err><![CDATA[]]></system-err>
</testsuite>
